{"/home/krish/Desktop/programming/self-projects/Pockade/src/core/database.ts": {"path":"/home/krish/Desktop/programming/self-projects/Pockade/src/core/database.ts","statementMap":{"0":{"start":{"line":4,"column":18},"end":{"line":6,"column":2}},"1":{"start":{"line":8,"column":34},"end":{"line":11,"column":1}},"2":{"start":{"line":10,"column":2},"end":{"line":10,"column":50}}},"fnMap":{"0":{"name":"(anonymous_0)","decl":{"start":{"line":8,"column":34},"end":{"line":8,"column":35}},"loc":{"start":{"line":8,"column":40},"end":{"line":11,"column":1}},"line":8}},"branchMap":{},"s":{"0":0,"1":0,"2":0},"f":{"0":0},"b":{}}
,"/home/krish/Desktop/programming/self-projects/Pockade/src/core/diagnostics.ts": {"path":"/home/krish/Desktop/programming/self-projects/Pockade/src/core/diagnostics.ts","statementMap":{"0":{"start":{"line":5,"column":33},"end":{"line":28,"column":1}},"1":{"start":{"line":7,"column":17},"end":{"line":7,"column":39}},"2":{"start":{"line":9,"column":4},"end":{"line":26,"column":13}}},"fnMap":{"0":{"name":"(anonymous_0)","decl":{"start":{"line":6,"column":18},"end":{"line":6,"column":19}},"loc":{"start":{"line":6,"column":47},"end":{"line":27,"column":3}},"line":6}},"branchMap":{"0":{"loc":{"start":{"line":16,"column":12},"end":{"line":16,"column":96}},"type":"cond-expr","locations":[{"start":{"line":16,"column":33},"end":{"line":16,"column":84}},{"start":{"line":16,"column":87},"end":{"line":16,"column":96}}],"line":16}},"s":{"0":0,"1":0,"2":0},"f":{"0":0},"b":{"0":[0,0]}}
,"/home/krish/Desktop/programming/self-projects/Pockade/src/core/gc.ts": {"path":"/home/krish/Desktop/programming/self-projects/Pockade/src/core/gc.ts","statementMap":{"0":{"start":{"line":3,"column":36},"end":{"line":14,"column":1}},"1":{"start":{"line":5,"column":4},"end":{"line":12,"column":5}},"2":{"start":{"line":9,"column":6},"end":{"line":9,"column":81}},"3":{"start":{"line":11,"column":6},"end":{"line":11,"column":58}}},"fnMap":{"0":{"name":"(anonymous_0)","decl":{"start":{"line":4,"column":9},"end":{"line":4,"column":10}},"loc":{"start":{"line":4,"column":15},"end":{"line":13,"column":3}},"line":4}},"branchMap":{},"s":{"0":0,"1":0,"2":0,"3":0},"f":{"0":0},"b":{}}
,"/home/krish/Desktop/programming/self-projects/Pockade/src/core/logger.ts": {"path":"/home/krish/Desktop/programming/self-projects/Pockade/src/core/logger.ts","statementMap":{"0":{"start":{"line":3,"column":17},"end":{"line":3,"column":66}},"1":{"start":{"line":5,"column":22},"end":{"line":31,"column":1}},"2":{"start":{"line":7,"column":4},"end":{"line":21,"column":5}},"3":{"start":{"line":8,"column":24},"end":{"line":8,"column":48}},"4":{"start":{"line":9,"column":19},"end":{"line":9,"column":44}},"5":{"start":{"line":11,"column":23},"end":{"line":11,"column":62}},"6":{"start":{"line":12,"column":6},"end":{"line":15,"column":7}},"7":{"start":{"line":13,"column":8},"end":{"line":13,"column":60}},"8":{"start":{"line":14,"column":8},"end":{"line":14,"column":15}},"9":{"start":{"line":18,"column":6},"end":{"line":18,"column":116}},"10":{"start":{"line":25,"column":4},"end":{"line":29,"column":5}},"11":{"start":{"line":26,"column":6},"end":{"line":26,"column":58}},"12":{"start":{"line":28,"column":6},"end":{"line":28,"column":30}}},"fnMap":{"0":{"name":"(anonymous_0)","decl":{"start":{"line":6,"column":7},"end":{"line":6,"column":8}},"loc":{"start":{"line":6,"column":30},"end":{"line":22,"column":3}},"line":6},"1":{"name":"(anonymous_1)","decl":{"start":{"line":24,"column":11},"end":{"line":24,"column":12}},"loc":{"start":{"line":24,"column":40},"end":{"line":30,"column":3}},"line":24}},"branchMap":{"0":{"loc":{"start":{"line":12,"column":6},"end":{"line":15,"column":7}},"type":"if","locations":[{"start":{"line":12,"column":6},"end":{"line":15,"column":7}},{"start":{},"end":{}}],"line":12}},"s":{"0":0,"1":0,"2":0,"3":0,"4":0,"5":0,"6":0,"7":0,"8":0,"9":0,"10":0,"11":0,"12":0},"f":{"0":0,"1":0},"b":{"0":[0,0]}}
,"/home/krish/Desktop/programming/self-projects/Pockade/src/core/rng.ts": {"path":"/home/krish/Desktop/programming/self-projects/Pockade/src/core/rng.ts","statementMap":{"0":{"start":{"line":5,"column":4},"end":{"line":5,"column":22}},"1":{"start":{"line":13,"column":4},"end":{"line":13,"column":20}},"2":{"start":{"line":14,"column":4},"end":{"line":14,"column":45}},"3":{"start":{"line":15,"column":12},"end":{"line":15,"column":71}},"4":{"start":{"line":16,"column":4},"end":{"line":16,"column":49}},"5":{"start":{"line":17,"column":4},"end":{"line":17,"column":49}},"6":{"start":{"line":22,"column":4},"end":{"line":22,"column":59}},"7":{"start":{"line":26,"column":4},"end":{"line":26,"column":43}}},"fnMap":{"0":{"name":"(anonymous_0)","decl":{"start":{"line":4,"column":2},"end":{"line":4,"column":3}},"loc":{"start":{"line":4,"column":28},"end":{"line":6,"column":3}},"line":4},"1":{"name":"(anonymous_1)","decl":{"start":{"line":12,"column":2},"end":{"line":12,"column":3}},"loc":{"start":{"line":12,"column":24},"end":{"line":18,"column":3}},"line":12},"2":{"name":"(anonymous_2)","decl":{"start":{"line":21,"column":2},"end":{"line":21,"column":3}},"loc":{"start":{"line":21,"column":51},"end":{"line":23,"column":3}},"line":21},"3":{"name":"(anonymous_3)","decl":{"start":{"line":25,"column":2},"end":{"line":25,"column":3}},"loc":{"start":{"line":25,"column":53},"end":{"line":27,"column":3}},"line":25}},"branchMap":{},"s":{"0":8,"1":112,"2":112,"3":112,"4":112,"5":112,"6":52,"7":50},"f":{"0":8,"1":112,"2":52,"3":50},"b":{},"_coverageSchema":"1a1c01bbd47fc00a2c39e90264f33305004495a9","hash":"723a22a0d39d89a23ebe430965635715c22a4127"}
,"/home/krish/Desktop/programming/self-projects/Pockade/src/core/storage.ts": {"path":"/home/krish/Desktop/programming/self-projects/Pockade/src/core/storage.ts","statementMap":{"0":{"start":{"line":3,"column":23},"end":{"line":5,"column":2}}},"fnMap":{},"branchMap":{},"s":{"0":2},"f":{},"b":{},"_coverageSchema":"1a1c01bbd47fc00a2c39e90264f33305004495a9","hash":"a47debfa0775616b4ae86b8eb3331fb7aa585089"}
,"/home/krish/Desktop/programming/self-projects/Pockade/src/core/themeStore.ts": {"path":"/home/krish/Desktop/programming/self-projects/Pockade/src/core/themeStore.ts","statementMap":{"0":{"start":{"line":19,"column":18},"end":{"line":19,"column":38}},"1":{"start":{"line":20,"column":22},"end":{"line":20,"column":46}},"2":{"start":{"line":21,"column":18},"end":{"line":21,"column":38}},"3":{"start":{"line":22,"column":16},"end":{"line":22,"column":34}},"4":{"start":{"line":23,"column":21},"end":{"line":23,"column":44}},"5":{"start":{"line":25,"column":29},"end":{"line":55,"column":3}},"6":{"start":{"line":25,"column":58},"end":{"line":55,"column":1}},"7":{"start":{"line":28,"column":4},"end":{"line":28,"column":34}},"8":{"start":{"line":29,"column":4},"end":{"line":29,"column":19}},"9":{"start":{"line":34,"column":4},"end":{"line":34,"column":40}},"10":{"start":{"line":35,"column":4},"end":{"line":35,"column":38}},"11":{"start":{"line":40,"column":4},"end":{"line":40,"column":36}},"12":{"start":{"line":41,"column":4},"end":{"line":41,"column":35}},"13":{"start":{"line":46,"column":4},"end":{"line":46,"column":34}},"14":{"start":{"line":47,"column":4},"end":{"line":47,"column":33}},"15":{"start":{"line":52,"column":4},"end":{"line":52,"column":39}},"16":{"start":{"line":53,"column":4},"end":{"line":53,"column":50}}},"fnMap":{"0":{"name":"(anonymous_0)","decl":{"start":{"line":25,"column":48},"end":{"line":25,"column":49}},"loc":{"start":{"line":25,"column":58},"end":{"line":55,"column":1}},"line":25},"1":{"name":"(anonymous_1)","decl":{"start":{"line":27,"column":12},"end":{"line":27,"column":13}},"loc":{"start":{"line":27,"column":23},"end":{"line":30,"column":3}},"line":27},"2":{"name":"(anonymous_2)","decl":{"start":{"line":33,"column":22},"end":{"line":33,"column":23}},"loc":{"start":{"line":33,"column":35},"end":{"line":36,"column":3}},"line":33},"3":{"name":"(anonymous_3)","decl":{"start":{"line":39,"column":19},"end":{"line":39,"column":20}},"loc":{"start":{"line":39,"column":32},"end":{"line":42,"column":3}},"line":39},"4":{"name":"(anonymous_4)","decl":{"start":{"line":45,"column":17},"end":{"line":45,"column":18}},"loc":{"start":{"line":45,"column":30},"end":{"line":48,"column":3}},"line":45},"5":{"name":"(anonymous_5)","decl":{"start":{"line":51,"column":32},"end":{"line":51,"column":33}},"loc":{"start":{"line":51,"column":45},"end":{"line":54,"column":3}},"line":51}},"branchMap":{"0":{"loc":{"start":{"line":26,"column":9},"end":{"line":26,"column":64}},"type":"binary-expr","locations":[{"start":{"line":26,"column":10},"end":{"line":26,"column":51}},{"start":{"line":26,"column":56},"end":{"line":26,"column":64}}],"line":26},"1":{"loc":{"start":{"line":32,"column":19},"end":{"line":32,"column":61}},"type":"binary-expr","locations":[{"start":{"line":32,"column":19},"end":{"line":32,"column":52}},{"start":{"line":32,"column":56},"end":{"line":32,"column":61}}],"line":32},"2":{"loc":{"start":{"line":38,"column":16},"end":{"line":38,"column":53}},"type":"binary-expr","locations":[{"start":{"line":38,"column":16},"end":{"line":38,"column":45}},{"start":{"line":38,"column":49},"end":{"line":38,"column":53}}],"line":38},"3":{"loc":{"start":{"line":44,"column":14},"end":{"line":44,"column":49}},"type":"binary-expr","locations":[{"start":{"line":44,"column":14},"end":{"line":44,"column":41}},{"start":{"line":44,"column":45},"end":{"line":44,"column":49}}],"line":44},"4":{"loc":{"start":{"line":50,"column":31},"end":{"line":50,"column":72}},"type":"binary-expr","locations":[{"start":{"line":50,"column":31},"end":{"line":50,"column":63}},{"start":{"line":50,"column":67},"end":{"line":50,"column":72}}],"line":50}},"s":{"0":2,"1":2,"2":2,"3":2,"4":2,"5":2,"6":2,"7":1,"8":1,"9":1,"10":1,"11":1,"12":1,"13":0,"14":0,"15":1,"16":1},"f":{"0":2,"1":1,"2":1,"3":1,"4":0,"5":1},"b":{"0":[2,2],"1":[2,2],"2":[2,2],"3":[2,2],"4":[2,2]},"_coverageSchema":"1a1c01bbd47fc00a2c39e90264f33305004495a9","hash":"e6608da8324ea1eece0fc8d49fee5ccba05756d4"}
,"/home/krish/Desktop/programming/self-projects/Pockade/src/games/GameCrashBoundary.tsx": {"path":"/home/krish/Desktop/programming/self-projects/Pockade/src/games/GameCrashBoundary.tsx","statementMap":{"0":{"start":{"line":18,"column":4},"end":{"line":18,"column":17}},"1":{"start":{"line":19,"column":4},"end":{"line":19,"column":51}},"2":{"start":{"line":23,"column":4},"end":{"line":23,"column":55}},"3":{"start":{"line":28,"column":4},"end":{"line":28,"column":33}},"4":{"start":{"line":29,"column":4},"end":{"line":29,"column":60}},"5":{"start":{"line":33,"column":4},"end":{"line":40,"column":5}},"6":{"start":{"line":34,"column":6},"end":{"line":39,"column":8}},"7":{"start":{"line":41,"column":4},"end":{"line":41,"column":31}},"8":{"start":{"line":45,"column":79},"end":{"line":58,"column":1}},"9":{"start":{"line":46,"column":21},"end":{"line":46,"column":34}},"10":{"start":{"line":48,"column":2},"end":{"line":57,"column":4}},"11":{"start":{"line":60,"column":15},"end":{"line":74,"column":2}}},"fnMap":{"0":{"name":"(anonymous_0)","decl":{"start":{"line":17,"column":2},"end":{"line":17,"column":3}},"loc":{"start":{"line":17,"column":28},"end":{"line":20,"column":3}},"line":17},"1":{"name":"(anonymous_1)","decl":{"start":{"line":22,"column":2},"end":{"line":22,"column":3}},"loc":{"start":{"line":22,"column":55},"end":{"line":24,"column":3}},"line":22},"2":{"name":"(anonymous_2)","decl":{"start":{"line":26,"column":2},"end":{"line":26,"column":3}},"loc":{"start":{"line":26,"column":56},"end":{"line":30,"column":3}},"line":26},"3":{"name":"(anonymous_3)","decl":{"start":{"line":32,"column":2},"end":{"line":32,"column":3}},"loc":{"start":{"line":32,"column":11},"end":{"line":42,"column":3}},"line":32},"4":{"name":"(anonymous_4)","decl":{"start":{"line":45,"column":79},"end":{"line":45,"column":80}},"loc":{"start":{"line":45,"column":107},"end":{"line":58,"column":1}},"line":45}},"branchMap":{"0":{"loc":{"start":{"line":33,"column":4},"end":{"line":40,"column":5}},"type":"if","locations":[{"start":{"line":33,"column":4},"end":{"line":40,"column":5}},{"start":{},"end":{}}],"line":33}},"s":{"0":0,"1":0,"2":0,"3":0,"4":0,"5":0,"6":0,"7":0,"8":0,"9":0,"10":0,"11":0},"f":{"0":0,"1":0,"2":0,"3":0,"4":0},"b":{"0":[0,0]}}
,"/home/krish/Desktop/programming/self-projects/Pockade/src/games/GameRunner.tsx": {"path":"/home/krish/Desktop/programming/self-projects/Pockade/src/games/GameRunner.tsx","statementMap":{"0":{"start":{"line":17,"column":53},"end":{"line":78,"column":1}},"1":{"start":{"line":18,"column":17},"end":{"line":18,"column":36}},"2":{"start":{"line":19,"column":16},"end":{"line":19,"column":31}},"3":{"start":{"line":20,"column":48},"end":{"line":20,"column":63}},"4":{"start":{"line":22,"column":29},"end":{"line":34,"column":3}},"5":{"start":{"line":36,"column":2},"end":{"line":46,"column":9}},"6":{"start":{"line":38,"column":4},"end":{"line":38,"column":30}},"7":{"start":{"line":39,"column":4},"end":{"line":39,"column":19}},"8":{"start":{"line":41,"column":4},"end":{"line":45,"column":6}},"9":{"start":{"line":43,"column":6},"end":{"line":43,"column":23}},"10":{"start":{"line":44,"column":6},"end":{"line":44,"column":35}},"11":{"start":{"line":48,"column":22},"end":{"line":51,"column":3}},"12":{"start":{"line":49,"column":4},"end":{"line":49,"column":19}},"13":{"start":{"line":50,"column":4},"end":{"line":50,"column":28}},"14":{"start":{"line":53,"column":23},"end":{"line":56,"column":3}},"15":{"start":{"line":54,"column":4},"end":{"line":54,"column":29}},"16":{"start":{"line":55,"column":4},"end":{"line":55,"column":20}},"17":{"start":{"line":58,"column":21},"end":{"line":62,"column":3}},"18":{"start":{"line":59,"column":4},"end":{"line":59,"column":21}},"19":{"start":{"line":60,"column":4},"end":{"line":60,"column":33}},"20":{"start":{"line":61,"column":4},"end":{"line":61,"column":13}},"21":{"start":{"line":64,"column":2},"end":{"line":77,"column":4}},"22":{"start":{"line":80,"column":15},"end":{"line":82,"column":2}}},"fnMap":{"0":{"name":"(anonymous_0)","decl":{"start":{"line":17,"column":53},"end":{"line":17,"column":54}},"loc":{"start":{"line":17,"column":92},"end":{"line":78,"column":1}},"line":17},"1":{"name":"(anonymous_1)","decl":{"start":{"line":36,"column":12},"end":{"line":36,"column":13}},"loc":{"start":{"line":36,"column":18},"end":{"line":46,"column":3}},"line":36},"2":{"name":"(anonymous_2)","decl":{"start":{"line":41,"column":11},"end":{"line":41,"column":12}},"loc":{"start":{"line":41,"column":17},"end":{"line":45,"column":5}},"line":41},"3":{"name":"(anonymous_3)","decl":{"start":{"line":48,"column":22},"end":{"line":48,"column":23}},"loc":{"start":{"line":48,"column":28},"end":{"line":51,"column":3}},"line":48},"4":{"name":"(anonymous_4)","decl":{"start":{"line":53,"column":23},"end":{"line":53,"column":24}},"loc":{"start":{"line":53,"column":29},"end":{"line":56,"column":3}},"line":53},"5":{"name":"(anonymous_5)","decl":{"start":{"line":58,"column":21},"end":{"line":58,"column":22}},"loc":{"start":{"line":58,"column":27},"end":{"line":62,"column":3}},"line":58}},"branchMap":{},"s":{"0":1,"1":1,"2":1,"3":1,"4":1,"5":1,"6":1,"7":1,"8":1,"9":1,"10":1,"11":1,"12":0,"13":0,"14":1,"15":0,"16":0,"17":1,"18":0,"19":0,"20":0,"21":1,"22":1},"f":{"0":1,"1":1,"2":1,"3":0,"4":0,"5":0},"b":{},"_coverageSchema":"1a1c01bbd47fc00a2c39e90264f33305004495a9","hash":"d717276456280441ac24fa2ec6b680275032fc10"}
,"/home/krish/Desktop/programming/self-projects/Pockade/src/games/InGameOverlay.tsx": {"path":"/home/krish/Desktop/programming/self-projects/Pockade/src/games/InGameOverlay.tsx","statementMap":{"0":{"start":{"line":12,"column":59},"end":{"line":38,"column":1}},"1":{"start":{"line":13,"column":26},"end":{"line":13,"column":39}},"2":{"start":{"line":15,"column":18},"end":{"line":15,"column":68}},"3":{"start":{"line":17,"column":2},"end":{"line":37,"column":4}},"4":{"start":{"line":40,"column":15},"end":{"line":58,"column":2}}},"fnMap":{"0":{"name":"(anonymous_0)","decl":{"start":{"line":12,"column":59},"end":{"line":12,"column":60}},"loc":{"start":{"line":12,"column":112},"end":{"line":38,"column":1}},"line":12},"1":{"name":"(anonymous_1)","decl":{"start":{"line":30,"column":45},"end":{"line":30,"column":46}},"loc":{"start":{"line":30,"column":51},"end":{"line":30,"column":53}},"line":30},"2":{"name":"(anonymous_2)","decl":{"start":{"line":31,"column":43},"end":{"line":31,"column":44}},"loc":{"start":{"line":31,"column":49},"end":{"line":31,"column":51}},"line":31}},"branchMap":{"0":{"loc":{"start":{"line":15,"column":18},"end":{"line":15,"column":68}},"type":"cond-expr","locations":[{"start":{"line":15,"column":43},"end":{"line":15,"column":54}},{"start":{"line":15,"column":57},"end":{"line":15,"column":68}}],"line":15},"1":{"loc":{"start":{"line":19,"column":7},"end":{"line":23,"column":7}},"type":"binary-expr","locations":[{"start":{"line":19,"column":7},"end":{"line":19,"column":17}},{"start":{"line":20,"column":8},"end":{"line":22,"column":15}}],"line":19}},"s":{"0":0,"1":0,"2":0,"3":0,"4":0},"f":{"0":0,"1":0,"2":0},"b":{"0":[0,0],"1":[0,0]}}
,"/home/krish/Desktop/programming/self-projects/Pockade/src/games/contracts.ts": {"path":"/home/krish/Desktop/programming/self-projects/Pockade/src/games/contracts.ts","statementMap":{},"fnMap":{},"branchMap":{},"s":{},"f":{},"b":{}}
,"/home/krish/Desktop/programming/self-projects/Pockade/src/managers/audio.ts": {"path":"/home/krish/Desktop/programming/self-projects/Pockade/src/managers/audio.ts","statementMap":{"0":{"start":{"line":4,"column":26},"end":{"line":4,"column":31}},"1":{"start":{"line":7,"column":4},"end":{"line":7,"column":35}},"2":{"start":{"line":7,"column":28},"end":{"line":7,"column":35}},"3":{"start":{"line":8,"column":4},"end":{"line":19,"column":5}},"4":{"start":{"line":9,"column":6},"end":{"line":15,"column":9}},"5":{"start":{"line":16,"column":6},"end":{"line":16,"column":32}},"6":{"start":{"line":18,"column":6},"end":{"line":18,"column":59}},"7":{"start":{"line":23,"column":4},"end":{"line":23,"column":53}},"8":{"start":{"line":23,"column":29},"end":{"line":23,"column":53}},"9":{"start":{"line":24,"column":4},"end":{"line":24,"column":53}},"10":{"start":{"line":28,"column":4},"end":{"line":28,"column":53}},"11":{"start":{"line":28,"column":29},"end":{"line":28,"column":53}},"12":{"start":{"line":29,"column":4},"end":{"line":29,"column":53}},"13":{"start":{"line":33,"column":27},"end":{"line":33,"column":49}}},"fnMap":{"0":{"name":"(anonymous_0)","decl":{"start":{"line":6,"column":2},"end":{"line":6,"column":3}},"loc":{"start":{"line":6,"column":21},"end":{"line":20,"column":3}},"line":6},"1":{"name":"(anonymous_1)","decl":{"start":{"line":22,"column":2},"end":{"line":22,"column":3}},"loc":{"start":{"line":22,"column":29},"end":{"line":25,"column":3}},"line":22},"2":{"name":"(anonymous_2)","decl":{"start":{"line":27,"column":2},"end":{"line":27,"column":3}},"loc":{"start":{"line":27,"column":29},"end":{"line":30,"column":3}},"line":27}},"branchMap":{"0":{"loc":{"start":{"line":7,"column":4},"end":{"line":7,"column":35}},"type":"if","locations":[{"start":{"line":7,"column":4},"end":{"line":7,"column":35}},{"start":{},"end":{}}],"line":7},"1":{"loc":{"start":{"line":23,"column":4},"end":{"line":23,"column":53}},"type":"if","locations":[{"start":{"line":23,"column":4},"end":{"line":23,"column":53}},{"start":{},"end":{}}],"line":23},"2":{"loc":{"start":{"line":28,"column":4},"end":{"line":28,"column":53}},"type":"if","locations":[{"start":{"line":28,"column":4},"end":{"line":28,"column":53}},{"start":{},"end":{}}],"line":28}},"s":{"0":0,"1":0,"2":0,"3":0,"4":0,"5":0,"6":0,"7":0,"8":0,"9":0,"10":0,"11":0,"12":0,"13":0},"f":{"0":0,"1":0,"2":0},"b":{"0":[0,0],"1":[0,0],"2":[0,0]}}
,"/home/krish/Desktop/programming/self-projects/Pockade/src/managers/haptics.ts": {"path":"/home/krish/Desktop/programming/self-projects/Pockade/src/managers/haptics.ts","statementMap":{"0":{"start":{"line":3,"column":28},"end":{"line":23,"column":1}},"1":{"start":{"line":5,"column":4},"end":{"line":5,"column":45}},"2":{"start":{"line":9,"column":4},"end":{"line":9,"column":75}},"3":{"start":{"line":13,"column":4},"end":{"line":13,"column":75}},"4":{"start":{"line":17,"column":4},"end":{"line":17,"column":88}},"5":{"start":{"line":21,"column":4},"end":{"line":21,"column":86}}},"fnMap":{"0":{"name":"(anonymous_0)","decl":{"start":{"line":4,"column":13},"end":{"line":4,"column":14}},"loc":{"start":{"line":4,"column":19},"end":{"line":6,"column":3}},"line":4},"1":{"name":"(anonymous_1)","decl":{"start":{"line":5,"column":35},"end":{"line":5,"column":36}},"loc":{"start":{"line":5,"column":41},"end":{"line":5,"column":43}},"line":5},"2":{"name":"(anonymous_2)","decl":{"start":{"line":8,"column":12},"end":{"line":8,"column":13}},"loc":{"start":{"line":8,"column":18},"end":{"line":10,"column":3}},"line":8},"3":{"name":"(anonymous_3)","decl":{"start":{"line":9,"column":65},"end":{"line":9,"column":66}},"loc":{"start":{"line":9,"column":71},"end":{"line":9,"column":73}},"line":9},"4":{"name":"(anonymous_4)","decl":{"start":{"line":12,"column":12},"end":{"line":12,"column":13}},"loc":{"start":{"line":12,"column":18},"end":{"line":14,"column":3}},"line":12},"5":{"name":"(anonymous_5)","decl":{"start":{"line":13,"column":65},"end":{"line":13,"column":66}},"loc":{"start":{"line":13,"column":71},"end":{"line":13,"column":73}},"line":13},"6":{"name":"(anonymous_6)","decl":{"start":{"line":16,"column":11},"end":{"line":16,"column":12}},"loc":{"start":{"line":16,"column":17},"end":{"line":18,"column":3}},"line":16},"7":{"name":"(anonymous_7)","decl":{"start":{"line":17,"column":78},"end":{"line":17,"column":79}},"loc":{"start":{"line":17,"column":84},"end":{"line":17,"column":86}},"line":17},"8":{"name":"(anonymous_8)","decl":{"start":{"line":20,"column":9},"end":{"line":20,"column":10}},"loc":{"start":{"line":20,"column":15},"end":{"line":22,"column":3}},"line":20},"9":{"name":"(anonymous_9)","decl":{"start":{"line":21,"column":76},"end":{"line":21,"column":77}},"loc":{"start":{"line":21,"column":82},"end":{"line":21,"column":84}},"line":21}},"branchMap":{},"s":{"0":0,"1":0,"2":0,"3":0,"4":0,"5":0},"f":{"0":0,"1":0,"2":0,"3":0,"4":0,"5":0,"6":0,"7":0,"8":0,"9":0},"b":{}}
,"/home/krish/Desktop/programming/self-projects/Pockade/src/managers/orientation.ts": {"path":"/home/krish/Desktop/programming/self-projects/Pockade/src/managers/orientation.ts","statementMap":{"0":{"start":{"line":3,"column":34},"end":{"line":27,"column":1}},"1":{"start":{"line":5,"column":4},"end":{"line":9,"column":5}},"2":{"start":{"line":6,"column":6},"end":{"line":6,"column":87}},"3":{"start":{"line":8,"column":6},"end":{"line":8,"column":61}},"4":{"start":{"line":13,"column":4},"end":{"line":17,"column":5}},"5":{"start":{"line":14,"column":6},"end":{"line":14,"column":85}},"6":{"start":{"line":16,"column":6},"end":{"line":16,"column":62}},"7":{"start":{"line":21,"column":4},"end":{"line":25,"column":5}},"8":{"start":{"line":22,"column":6},"end":{"line":22,"column":44}},"9":{"start":{"line":24,"column":6},"end":{"line":24,"column":54}}},"fnMap":{"0":{"name":"(anonymous_0)","decl":{"start":{"line":4,"column":16},"end":{"line":4,"column":17}},"loc":{"start":{"line":4,"column":28},"end":{"line":10,"column":3}},"line":4},"1":{"name":"(anonymous_1)","decl":{"start":{"line":12,"column":17},"end":{"line":12,"column":18}},"loc":{"start":{"line":12,"column":29},"end":{"line":18,"column":3}},"line":12},"2":{"name":"(anonymous_2)","decl":{"start":{"line":20,"column":13},"end":{"line":20,"column":14}},"loc":{"start":{"line":20,"column":25},"end":{"line":26,"column":3}},"line":20}},"branchMap":{},"s":{"0":0,"1":0,"2":0,"3":0,"4":0,"5":0,"6":0,"7":0,"8":0,"9":0},"f":{"0":0,"1":0,"2":0},"b":{}}
,"/home/krish/Desktop/programming/self-projects/Pockade/src/managers/power.ts": {"path":"/home/krish/Desktop/programming/self-projects/Pockade/src/managers/power.ts","statementMap":{"0":{"start":{"line":5,"column":27},"end":{"line":5,"column":32}},"1":{"start":{"line":8,"column":4},"end":{"line":11,"column":5}},"2":{"start":{"line":9,"column":6},"end":{"line":9,"column":71}},"3":{"start":{"line":10,"column":6},"end":{"line":10,"column":33}},"4":{"start":{"line":15,"column":4},"end":{"line":18,"column":5}},"5":{"start":{"line":16,"column":6},"end":{"line":16,"column":68}},"6":{"start":{"line":17,"column":6},"end":{"line":17,"column":34}},"7":{"start":{"line":22,"column":4},"end":{"line":29,"column":5}},"8":{"start":{"line":23,"column":20},"end":{"line":23,"column":56}},"9":{"start":{"line":24,"column":20},"end":{"line":24,"column":56}},"10":{"start":{"line":26,"column":6},"end":{"line":26,"column":82}},"11":{"start":{"line":28,"column":6},"end":{"line":28,"column":19}},"12":{"start":{"line":34,"column":23},"end":{"line":34,"column":48}},"13":{"start":{"line":35,"column":26},"end":{"line":35,"column":87}},"14":{"start":{"line":35,"column":81},"end":{"line":35,"column":86}},"15":{"start":{"line":36,"column":4},"end":{"line":36,"column":39}},"16":{"start":{"line":40,"column":28},"end":{"line":40,"column":51}}},"fnMap":{"0":{"name":"(anonymous_0)","decl":{"start":{"line":7,"column":2},"end":{"line":7,"column":3}},"loc":{"start":{"line":7,"column":26},"end":{"line":12,"column":3}},"line":7},"1":{"name":"(anonymous_1)","decl":{"start":{"line":9,"column":61},"end":{"line":9,"column":62}},"loc":{"start":{"line":9,"column":67},"end":{"line":9,"column":69}},"line":9},"2":{"name":"(anonymous_2)","decl":{"start":{"line":14,"column":2},"end":{"line":14,"column":3}},"loc":{"start":{"line":14,"column":27},"end":{"line":19,"column":3}},"line":14},"3":{"name":"(anonymous_3)","decl":{"start":{"line":16,"column":58},"end":{"line":16,"column":59}},"loc":{"start":{"line":16,"column":64},"end":{"line":16,"column":66}},"line":16},"4":{"name":"(anonymous_4)","decl":{"start":{"line":21,"column":2},"end":{"line":21,"column":3}},"loc":{"start":{"line":21,"column":48},"end":{"line":30,"column":3}},"line":21},"5":{"name":"(anonymous_5)","decl":{"start":{"line":32,"column":2},"end":{"line":32,"column":3}},"loc":{"start":{"line":32,"column":60},"end":{"line":37,"column":3}},"line":32},"6":{"name":"(anonymous_6)","decl":{"start":{"line":35,"column":75},"end":{"line":35,"column":76}},"loc":{"start":{"line":35,"column":81},"end":{"line":35,"column":86}},"line":35}},"branchMap":{"0":{"loc":{"start":{"line":8,"column":4},"end":{"line":11,"column":5}},"type":"if","locations":[{"start":{"line":8,"column":4},"end":{"line":11,"column":5}},{"start":{},"end":{}}],"line":8},"1":{"loc":{"start":{"line":15,"column":4},"end":{"line":18,"column":5}},"type":"if","locations":[{"start":{"line":15,"column":4},"end":{"line":18,"column":5}},{"start":{},"end":{}}],"line":15},"2":{"loc":{"start":{"line":26,"column":13},"end":{"line":26,"column":81}},"type":"binary-expr","locations":[{"start":{"line":26,"column":13},"end":{"line":26,"column":22}},{"start":{"line":26,"column":26},"end":{"line":26,"column":38}},{"start":{"line":26,"column":42},"end":{"line":26,"column":81}}],"line":26},"3":{"loc":{"start":{"line":36,"column":11},"end":{"line":36,"column":38}},"type":"binary-expr","locations":[{"start":{"line":36,"column":11},"end":{"line":36,"column":21}},{"start":{"line":36,"column":25},"end":{"line":36,"column":38}}],"line":36}},"s":{"0":0,"1":0,"2":0,"3":0,"4":0,"5":0,"6":0,"7":0,"8":0,"9":0,"10":0,"11":0,"12":0,"13":0,"14":0,"15":0,"16":0},"f":{"0":0,"1":0,"2":0,"3":0,"4":0,"5":0,"6":0},"b":{"0":[0,0],"1":[0,0],"2":[0,0,0],"3":[0,0]}}
,"/home/krish/Desktop/programming/self-projects/Pockade/src/managers/security.ts": {"path":"/home/krish/Desktop/programming/self-projects/Pockade/src/managers/security.ts","statementMap":{"0":{"start":{"line":4,"column":31},"end":{"line":36,"column":1}},"1":{"start":{"line":6,"column":14},"end":{"line":6,"column":64}},"2":{"start":{"line":7,"column":4},"end":{"line":10,"column":5}},"3":{"start":{"line":8,"column":6},"end":{"line":8,"column":32}},"4":{"start":{"line":9,"column":6},"end":{"line":9,"column":62}},"5":{"start":{"line":11,"column":4},"end":{"line":11,"column":15}},"6":{"start":{"line":15,"column":17},"end":{"line":15,"column":59}},"7":{"start":{"line":16,"column":19},"end":{"line":19,"column":5}},"8":{"start":{"line":20,"column":4},"end":{"line":20,"column":18}},"9":{"start":{"line":24,"column":27},"end":{"line":24,"column":74}},"10":{"start":{"line":25,"column":4},"end":{"line":25,"column":47}},"11":{"start":{"line":29,"column":23},"end":{"line":29,"column":35}},"12":{"start":{"line":30,"column":4},"end":{"line":30,"column":35}},"13":{"start":{"line":34,"column":4},"end":{"line":34,"column":41}}},"fnMap":{"0":{"name":"(anonymous_0)","decl":{"start":{"line":5,"column":22},"end":{"line":5,"column":23}},"loc":{"start":{"line":5,"column":34},"end":{"line":12,"column":3}},"line":5},"1":{"name":"(anonymous_1)","decl":{"start":{"line":14,"column":20},"end":{"line":14,"column":21}},"loc":{"start":{"line":14,"column":64},"end":{"line":21,"column":3}},"line":14},"2":{"name":"(anonymous_2)","decl":{"start":{"line":23,"column":18},"end":{"line":23,"column":19}},"loc":{"start":{"line":23,"column":89},"end":{"line":26,"column":3}},"line":23},"3":{"name":"(anonymous_3)","decl":{"start":{"line":28,"column":24},"end":{"line":28,"column":25}},"loc":{"start":{"line":28,"column":49},"end":{"line":31,"column":3}},"line":28},"4":{"name":"(anonymous_4)","decl":{"start":{"line":33,"column":26},"end":{"line":33,"column":27}},"loc":{"start":{"line":33,"column":54},"end":{"line":35,"column":3}},"line":33}},"branchMap":{"0":{"loc":{"start":{"line":7,"column":4},"end":{"line":10,"column":5}},"type":"if","locations":[{"start":{"line":7,"column":4},"end":{"line":10,"column":5}},{"start":{},"end":{}}],"line":7}},"s":{"0":1,"1":5,"2":5,"3":1,"4":1,"5":5,"6":3,"7":3,"8":3,"9":2,"10":2,"11":1,"12":1,"13":1},"f":{"0":5,"1":3,"2":2,"3":1,"4":1},"b":{"0":[1,4]},"_coverageSchema":"1a1c01bbd47fc00a2c39e90264f33305004495a9","hash":"dab079bd9170204ae01e28692b65da8007ab7611"}
,"/home/krish/Desktop/programming/self-projects/Pockade/src/ui/BitMascot.tsx": {"path":"/home/krish/Desktop/programming/self-projects/Pockade/src/ui/BitMascot.tsx","statementMap":{"0":{"start":{"line":12,"column":51},"end":{"line":52,"column":1}},"1":{"start":{"line":13,"column":21},"end":{"line":13,"column":34}},"2":{"start":{"line":14,"column":18},"end":{"line":14,"column":35}},"3":{"start":{"line":16,"column":2},"end":{"line":25,"column":9}},"4":{"start":{"line":17,"column":4},"end":{"line":24,"column":6}},"5":{"start":{"line":27,"column":24},"end":{"line":31,"column":5}},"6":{"start":{"line":27,"column":48},"end":{"line":31,"column":3}},"7":{"start":{"line":33,"column":21},"end":{"line":33,"column":75}},"8":{"start":{"line":35,"column":2},"end":{"line":51,"column":4}},"9":{"start":{"line":54,"column":15},"end":{"line":59,"column":2}}},"fnMap":{"0":{"name":"(anonymous_0)","decl":{"start":{"line":12,"column":51},"end":{"line":12,"column":52}},"loc":{"start":{"line":12,"column":89},"end":{"line":52,"column":1}},"line":12},"1":{"name":"(anonymous_1)","decl":{"start":{"line":16,"column":12},"end":{"line":16,"column":13}},"loc":{"start":{"line":16,"column":18},"end":{"line":25,"column":3}},"line":16},"2":{"name":"(anonymous_2)","decl":{"start":{"line":27,"column":41},"end":{"line":27,"column":42}},"loc":{"start":{"line":27,"column":48},"end":{"line":31,"column":3}},"line":27}},"branchMap":{"0":{"loc":{"start":{"line":12,"column":54},"end":{"line":12,"column":64}},"type":"default-arg","locations":[{"start":{"line":12,"column":61},"end":{"line":12,"column":64}}],"line":12},"1":{"loc":{"start":{"line":12,"column":66},"end":{"line":12,"column":82}},"type":"default-arg","locations":[{"start":{"line":12,"column":76},"end":{"line":12,"column":82}}],"line":12},"2":{"loc":{"start":{"line":33,"column":21},"end":{"line":33,"column":75}},"type":"cond-expr","locations":[{"start":{"line":33,"column":41},"end":{"line":33,"column":42}},{"start":{"line":33,"column":46},"end":{"line":33,"column":74}}],"line":33},"3":{"loc":{"start":{"line":33,"column":46},"end":{"line":33,"column":74}},"type":"cond-expr","locations":[{"start":{"line":33,"column":68},"end":{"line":33,"column":70}},{"start":{"line":33,"column":73},"end":{"line":33,"column":74}}],"line":33}},"s":{"0":0,"1":0,"2":0,"3":0,"4":0,"5":0,"6":0,"7":0,"8":0,"9":0},"f":{"0":0,"1":0,"2":0},"b":{"0":[0],"1":[0],"2":[0,0],"3":[0,0]}}
,"/home/krish/Desktop/programming/self-projects/Pockade/src/ui/Button.tsx": {"path":"/home/krish/Desktop/programming/self-projects/Pockade/src/ui/Button.tsx","statementMap":{"0":{"start":{"line":15,"column":26},"end":{"line":15,"column":69}},"1":{"start":{"line":17,"column":45},"end":{"line":60,"column":1}},"2":{"start":{"line":18,"column":34},"end":{"line":18,"column":47}},"3":{"start":{"line":19,"column":16},"end":{"line":19,"column":33}},"4":{"start":{"line":20,"column":38},"end":{"line":20,"column":71}},"5":{"start":{"line":22,"column":24},"end":{"line":22,"column":65}},"6":{"start":{"line":22,"column":32},"end":{"line":22,"column":63}},"7":{"start":{"line":23,"column":25},"end":{"line":23,"column":63}},"8":{"start":{"line":23,"column":33},"end":{"line":23,"column":61}},"9":{"start":{"line":25,"column":24},"end":{"line":27,"column":5}},"10":{"start":{"line":25,"column":48},"end":{"line":27,"column":3}},"11":{"start":{"line":29,"column":18},"end":{"line":29,"column":33}},"12":{"start":{"line":30,"column":17},"end":{"line":30,"column":39}},"13":{"start":{"line":32,"column":19},"end":{"line":37,"column":3}},"14":{"start":{"line":33,"column":4},"end":{"line":36,"column":7}},"15":{"start":{"line":39,"column":2},"end":{"line":59,"column":4}},"16":{"start":{"line":62,"column":15},"end":{"line":72,"column":2}}},"fnMap":{"0":{"name":"(anonymous_0)","decl":{"start":{"line":17,"column":45},"end":{"line":17,"column":46}},"loc":{"start":{"line":17,"column":97},"end":{"line":60,"column":1}},"line":17},"1":{"name":"(anonymous_1)","decl":{"start":{"line":22,"column":24},"end":{"line":22,"column":25}},"loc":{"start":{"line":22,"column":30},"end":{"line":22,"column":65}},"line":22},"2":{"name":"(anonymous_2)","decl":{"start":{"line":23,"column":25},"end":{"line":23,"column":26}},"loc":{"start":{"line":23,"column":31},"end":{"line":23,"column":63}},"line":23},"3":{"name":"(anonymous_3)","decl":{"start":{"line":25,"column":41},"end":{"line":25,"column":42}},"loc":{"start":{"line":25,"column":48},"end":{"line":27,"column":3}},"line":25},"4":{"name":"(anonymous_4)","decl":{"start":{"line":32,"column":19},"end":{"line":32,"column":20}},"loc":{"start":{"line":32,"column":49},"end":{"line":37,"column":3}},"line":32}},"branchMap":{"0":{"loc":{"start":{"line":17,"column":64},"end":{"line":17,"column":83}},"type":"default-arg","locations":[{"start":{"line":17,"column":74},"end":{"line":17,"column":83}}],"line":17},"1":{"loc":{"start":{"line":47,"column":7},"end":{"line":56,"column":7}},"type":"binary-expr","locations":[{"start":{"line":47,"column":7},"end":{"line":47,"column":27}},{"start":{"line":47,"column":31},"end":{"line":47,"column":52}},{"start":{"line":48,"column":8},"end":{"line":55,"column":17}}],"line":47},"2":{"loc":{"start":{"line":50,"column":50},"end":{"line":50,"column":84}},"type":"cond-expr","locations":[{"start":{"line":50,"column":59},"end":{"line":50,"column":70}},{"start":{"line":50,"column":73},"end":{"line":50,"column":84}}],"line":50},"3":{"loc":{"start":{"line":51,"column":52},"end":{"line":51,"column":86}},"type":"cond-expr","locations":[{"start":{"line":51,"column":61},"end":{"line":51,"column":72}},{"start":{"line":51,"column":75},"end":{"line":51,"column":86}}],"line":51}},"s":{"0":0,"1":0,"2":0,"3":0,"4":0,"5":0,"6":0,"7":0,"8":0,"9":0,"10":0,"11":0,"12":0,"13":0,"14":0,"15":0,"16":0},"f":{"0":0,"1":0,"2":0,"3":0,"4":0},"b":{"0":[0],"1":[0,0,0],"2":[0,0],"3":[0,0]}}
,"/home/krish/Desktop/programming/self-projects/Pockade/src/ui/Card.tsx": {"path":"/home/krish/Desktop/programming/self-projects/Pockade/src/ui/Card.tsx","statementMap":{"0":{"start":{"line":11,"column":41},"end":{"line":38,"column":1}},"1":{"start":{"line":12,"column":34},"end":{"line":12,"column":47}},"2":{"start":{"line":13,"column":38},"end":{"line":13,"column":71}},"3":{"start":{"line":14,"column":17},"end":{"line":14,"column":39}},"4":{"start":{"line":16,"column":19},"end":{"line":21,"column":3}},"5":{"start":{"line":17,"column":4},"end":{"line":20,"column":7}},"6":{"start":{"line":23,"column":2},"end":{"line":37,"column":4}},"7":{"start":{"line":40,"column":15},"end":{"line":49,"column":2}}},"fnMap":{"0":{"name":"(anonymous_0)","decl":{"start":{"line":11,"column":41},"end":{"line":11,"column":42}},"loc":{"start":{"line":11,"column":66},"end":{"line":38,"column":1}},"line":11},"1":{"name":"(anonymous_1)","decl":{"start":{"line":16,"column":19},"end":{"line":16,"column":20}},"loc":{"start":{"line":16,"column":49},"end":{"line":21,"column":3}},"line":16}},"branchMap":{"0":{"loc":{"start":{"line":25,"column":7},"end":{"line":32,"column":7}},"type":"binary-expr","locations":[{"start":{"line":25,"column":7},"end":{"line":25,"column":27}},{"start":{"line":25,"column":31},"end":{"line":25,"column":52}},{"start":{"line":26,"column":8},"end":{"line":31,"column":17}}],"line":25},"1":{"loc":{"start":{"line":28,"column":51},"end":{"line":28,"column":85}},"type":"cond-expr","locations":[{"start":{"line":28,"column":60},"end":{"line":28,"column":71}},{"start":{"line":28,"column":74},"end":{"line":28,"column":85}}],"line":28},"2":{"loc":{"start":{"line":29,"column":53},"end":{"line":29,"column":85}},"type":"cond-expr","locations":[{"start":{"line":29,"column":62},"end":{"line":29,"column":73}},{"start":{"line":29,"column":76},"end":{"line":29,"column":85}}],"line":29}},"s":{"0":0,"1":0,"2":0,"3":0,"4":0,"5":0,"6":0,"7":0},"f":{"0":0,"1":0},"b":{"0":[0,0,0],"1":[0,0],"2":[0,0]}}
,"/home/krish/Desktop/programming/self-projects/Pockade/src/ui/PerformanceMonitor.tsx": {"path":"/home/krish/Desktop/programming/self-projects/Pockade/src/ui/PerformanceMonitor.tsx","statementMap":{"0":{"start":{"line":6,"column":15},"end":{"line":30,"column":1}},"1":{"start":{"line":7,"column":24},"end":{"line":7,"column":36}},"2":{"start":{"line":9,"column":2},"end":{"line":27,"column":9}},"3":{"start":{"line":10,"column":24},"end":{"line":10,"column":41}},"4":{"start":{"line":11,"column":21},"end":{"line":11,"column":22}},"5":{"start":{"line":14,"column":17},"end":{"line":23,"column":5}},"6":{"start":{"line":15,"column":18},"end":{"line":15,"column":35}},"7":{"start":{"line":16,"column":6},"end":{"line":16,"column":19}},"8":{"start":{"line":17,"column":6},"end":{"line":21,"column":7}},"9":{"start":{"line":18,"column":8},"end":{"line":18,"column":72}},"10":{"start":{"line":19,"column":8},"end":{"line":19,"column":23}},"11":{"start":{"line":20,"column":8},"end":{"line":20,"column":28}},"12":{"start":{"line":22,"column":6},"end":{"line":22,"column":53}},"13":{"start":{"line":25,"column":4},"end":{"line":25,"column":51}},"14":{"start":{"line":26,"column":4},"end":{"line":26,"column":56}},"15":{"start":{"line":26,"column":17},"end":{"line":26,"column":55}},"16":{"start":{"line":29,"column":2},"end":{"line":29,"column":13}},"17":{"start":{"line":32,"column":44},"end":{"line":46,"column":1}},"18":{"start":{"line":33,"column":42},"end":{"line":33,"column":57}},"19":{"start":{"line":34,"column":21},"end":{"line":34,"column":34}},"20":{"start":{"line":35,"column":14},"end":{"line":35,"column":22}},"21":{"start":{"line":37,"column":2},"end":{"line":37,"column":48}},"22":{"start":{"line":37,"column":36},"end":{"line":37,"column":48}},"23":{"start":{"line":39,"column":2},"end":{"line":45,"column":4}},"24":{"start":{"line":48,"column":15},"end":{"line":58,"column":2}}},"fnMap":{"0":{"name":"(anonymous_0)","decl":{"start":{"line":6,"column":15},"end":{"line":6,"column":16}},"loc":{"start":{"line":6,"column":21},"end":{"line":30,"column":1}},"line":6},"1":{"name":"(anonymous_1)","decl":{"start":{"line":9,"column":12},"end":{"line":9,"column":13}},"loc":{"start":{"line":9,"column":18},"end":{"line":27,"column":3}},"line":9},"2":{"name":"(anonymous_2)","decl":{"start":{"line":14,"column":17},"end":{"line":14,"column":18}},"loc":{"start":{"line":14,"column":23},"end":{"line":23,"column":5}},"line":14},"3":{"name":"(anonymous_3)","decl":{"start":{"line":26,"column":11},"end":{"line":26,"column":12}},"loc":{"start":{"line":26,"column":17},"end":{"line":26,"column":55}},"line":26},"4":{"name":"(anonymous_4)","decl":{"start":{"line":32,"column":44},"end":{"line":32,"column":45}},"loc":{"start":{"line":32,"column":50},"end":{"line":46,"column":1}},"line":32}},"branchMap":{"0":{"loc":{"start":{"line":17,"column":6},"end":{"line":21,"column":7}},"type":"if","locations":[{"start":{"line":17,"column":6},"end":{"line":21,"column":7}},{"start":{},"end":{}}],"line":17},"1":{"loc":{"start":{"line":37,"column":2},"end":{"line":37,"column":48}},"type":"if","locations":[{"start":{"line":37,"column":2},"end":{"line":37,"column":48}},{"start":{},"end":{}}],"line":37}},"s":{"0":0,"1":0,"2":0,"3":0,"4":0,"5":0,"6":0,"7":0,"8":0,"9":0,"10":0,"11":0,"12":0,"13":0,"14":0,"15":0,"16":0,"17":0,"18":0,"19":0,"20":0,"21":0,"22":0,"23":0,"24":0},"f":{"0":0,"1":0,"2":0,"3":0,"4":0},"b":{"0":[0,0],"1":[0,0]}}
,"/home/krish/Desktop/programming/self-projects/Pockade/src/ui/Typography.tsx": {"path":"/home/krish/Desktop/programming/self-projects/Pockade/src/ui/Typography.tsx","statementMap":{"0":{"start":{"line":12,"column":53},"end":{"line":46,"column":1}},"1":{"start":{"line":21,"column":21},"end":{"line":21,"column":34}},"2":{"start":{"line":23,"column":24},"end":{"line":28,"column":3}},"3":{"start":{"line":30,"column":2},"end":{"line":45,"column":4}}},"fnMap":{"0":{"name":"(anonymous_0)","decl":{"start":{"line":12,"column":53},"end":{"line":12,"column":54}},"loc":{"start":{"line":20,"column":6},"end":{"line":46,"column":1}},"line":20}},"branchMap":{"0":{"loc":{"start":{"line":13,"column":2},"end":{"line":13,"column":18}},"type":"default-arg","locations":[{"start":{"line":13,"column":12},"end":{"line":13,"column":18}}],"line":13},"1":{"loc":{"start":{"line":35,"column":17},"end":{"line":35,"column":37}},"type":"binary-expr","locations":[{"start":{"line":35,"column":17},"end":{"line":35,"column":22}},{"start":{"line":35,"column":26},"end":{"line":35,"column":37}}],"line":35},"2":{"loc":{"start":{"line":36,"column":22},"end":{"line":36,"column":65}},"type":"binary-expr","locations":[{"start":{"line":36,"column":22},"end":{"line":36,"column":28}},{"start":{"line":36,"column":32},"end":{"line":36,"column":65}}],"line":36}},"s":{"0":0,"1":0,"2":0,"3":0},"f":{"0":0},"b":{"0":[0],"1":[0,0],"2":[0,0]}}
,"/home/krish/Desktop/programming/self-projects/Pockade/src/ui/colors.ts": {"path":"/home/krish/Desktop/programming/self-projects/Pockade/src/ui/colors.ts","statementMap":{"0":{"start":{"line":3,"column":22},"end":{"line":19,"column":1}}},"fnMap":{},"branchMap":{},"s":{"0":0},"f":{},"b":{}}
,"/home/krish/Desktop/programming/self-projects/Pockade/src/ui/useAppTheme.ts": {"path":"/home/krish/Desktop/programming/self-projects/Pockade/src/ui/useAppTheme.ts","statementMap":{"0":{"start":{"line":5,"column":27},"end":{"line":20,"column":1}},"1":{"start":{"line":6,"column":28},"end":{"line":6,"column":44}},"2":{"start":{"line":7,"column":20},"end":{"line":7,"column":35}},"3":{"start":{"line":9,"column":22},"end":{"line":9,"column":81}},"4":{"start":{"line":11,"column":2},"end":{"line":19,"column":4}}},"fnMap":{"0":{"name":"(anonymous_0)","decl":{"start":{"line":5,"column":27},"end":{"line":5,"column":28}},"loc":{"start":{"line":5,"column":33},"end":{"line":20,"column":1}},"line":5}},"branchMap":{"0":{"loc":{"start":{"line":9,"column":22},"end":{"line":9,"column":81}},"type":"cond-expr","locations":[{"start":{"line":9,"column":44},"end":{"line":9,"column":72}},{"start":{"line":9,"column":76},"end":{"line":9,"column":81}}],"line":9},"1":{"loc":{"start":{"line":9,"column":44},"end":{"line":9,"column":72}},"type":"binary-expr","locations":[{"start":{"line":9,"column":44},"end":{"line":9,"column":61}},{"start":{"line":9,"column":65},"end":{"line":9,"column":72}}],"line":9}},"s":{"0":0,"1":0,"2":0,"3":0,"4":0},"f":{"0":0},"b":{"0":[0,0],"1":[0,0]}}
}
