{"/home/krish/Desktop/programming/self-projects/Pockade/src/core/backup.ts": {"path":"/home/krish/Desktop/programming/self-projects/Pockade/src/core/backup.ts","statementMap":{"0":{"start":{"line":10,"column":19},"end":{"line":10,"column":66}},"1":{"start":{"line":13,"column":2},"end":{"line":15,"column":3}},"2":{"start":{"line":14,"column":4},"end":{"line":14,"column":17}},"3":{"start":{"line":17,"column":2},"end":{"line":17,"column":98}},"4":{"start":{"line":17,"column":87},"end":{"line":17,"column":96}},"5":{"start":{"line":18,"column":2},"end":{"line":18,"column":14}},"6":{"start":{"line":28,"column":29},"end":{"line":70,"column":1}},"7":{"start":{"line":30,"column":4},"end":{"line":32,"column":5}},"8":{"start":{"line":31,"column":6},"end":{"line":31,"column":18}},"9":{"start":{"line":34,"column":25},"end":{"line":34,"column":42}},"10":{"start":{"line":35,"column":28},"end":{"line":37,"column":6}},"11":{"start":{"line":39,"column":20},"end":{"line":39,"column":79}},"12":{"start":{"line":40,"column":23},"end":{"line":40,"column":74}},"13":{"start":{"line":41,"column":37},"end":{"line":46,"column":5}},"14":{"start":{"line":48,"column":4},"end":{"line":50,"column":7}},"15":{"start":{"line":51,"column":4},"end":{"line":51,"column":57}},"16":{"start":{"line":52,"column":4},"end":{"line":52,"column":22}},"17":{"start":{"line":56,"column":16},"end":{"line":58,"column":6}},"18":{"start":{"line":59,"column":21},"end":{"line":59,"column":54}},"19":{"start":{"line":60,"column":28},"end":{"line":60,"column":88}},"20":{"start":{"line":61,"column":25},"end":{"line":61,"column":42}},"21":{"start":{"line":63,"column":4},"end":{"line":63,"column":26}},"22":{"start":{"line":64,"column":4},"end":{"line":66,"column":7}},"23":{"start":{"line":67,"column":4},"end":{"line":67,"column":31}},"24":{"start":{"line":68,"column":4},"end":{"line":68,"column":51}}},"fnMap":{"0":{"name":"ensureBackupDirectory","decl":{"start":{"line":12,"column":15},"end":{"line":12,"column":36}},"loc":{"start":{"line":12,"column":39},"end":{"line":19,"column":1}},"line":12},"1":{"name":"(anonymous_1)","decl":{"start":{"line":17,"column":81},"end":{"line":17,"column":82}},"loc":{"start":{"line":17,"column":87},"end":{"line":17,"column":96}},"line":17},"2":{"name":"(anonymous_2)","decl":{"start":{"line":29,"column":2},"end":{"line":29,"column":3}},"loc":{"start":{"line":29,"column":23},"end":{"line":53,"column":3}},"line":29},"3":{"name":"(anonymous_3)","decl":{"start":{"line":55,"column":2},"end":{"line":55,"column":3}},"loc":{"start":{"line":55,"column":36},"end":{"line":69,"column":3}},"line":55}},"branchMap":{"0":{"loc":{"start":{"line":10,"column":22},"end":{"line":10,"column":56}},"type":"binary-expr","locations":[{"start":{"line":10,"column":22},"end":{"line":10,"column":50}},{"start":{"line":10,"column":54},"end":{"line":10,"column":56}}],"line":10},"1":{"loc":{"start":{"line":13,"column":2},"end":{"line":15,"column":3}},"type":"if","locations":[{"start":{"line":13,"column":2},"end":{"line":15,"column":3}},{"start":{},"end":{}}],"line":13},"2":{"loc":{"start":{"line":30,"column":4},"end":{"line":32,"column":5}},"type":"if","locations":[{"start":{"line":30,"column":4},"end":{"line":32,"column":5}},{"start":{},"end":{}}],"line":30}},"s":{"0":1,"1":1,"2":0,"3":1,"4":0,"5":1,"6":1,"7":1,"8":0,"9":1,"10":1,"11":1,"12":1,"13":1,"14":1,"15":1,"16":1,"17":0,"18":0,"19":0,"20":0,"21":0,"22":0,"23":0,"24":0},"f":{"0":1,"1":0,"2":1,"3":0},"b":{"0":[1,0],"1":[0,1],"2":[0,1]},"_coverageSchema":"1a1c01bbd47fc00a2c39e90264f33305004495a9","hash":"e81f91af57845932c9f77bce90f89c1f37d4f792"}
,"/home/krish/Desktop/programming/self-projects/Pockade/src/core/bootstrap.ts": {"path":"/home/krish/Desktop/programming/self-projects/Pockade/src/core/bootstrap.ts","statementMap":{"0":{"start":{"line":13,"column":20},"end":{"line":13,"column":44}},"1":{"start":{"line":15,"column":2},"end":{"line":15,"column":47}},"2":{"start":{"line":16,"column":2},"end":{"line":16,"column":45}},"3":{"start":{"line":17,"column":2},"end":{"line":17,"column":29}},"4":{"start":{"line":18,"column":2},"end":{"line":18,"column":49}},"5":{"start":{"line":19,"column":2},"end":{"line":19,"column":42}},"6":{"start":{"line":20,"column":2},"end":{"line":20,"column":48}},"7":{"start":{"line":22,"column":2},"end":{"line":25,"column":4}}},"fnMap":{"0":{"name":"bootstrapShell","decl":{"start":{"line":12,"column":22},"end":{"line":12,"column":36}},"loc":{"start":{"line":12,"column":65},"end":{"line":26,"column":1}},"line":12}},"branchMap":{},"s":{"0":0,"1":0,"2":0,"3":0,"4":0,"5":0,"6":0,"7":0},"f":{"0":0},"b":{}}
,"/home/krish/Desktop/programming/self-projects/Pockade/src/core/database.ts": {"path":"/home/krish/Desktop/programming/self-projects/Pockade/src/core/database.ts","statementMap":{"0":{"start":{"line":7,"column":16},"end":{"line":7,"column":32}},"1":{"start":{"line":8,"column":29},"end":{"line":8,"column":30}},"2":{"start":{"line":10,"column":30},"end":{"line":10,"column":34}},"3":{"start":{"line":31,"column":31},"end":{"line":41,"column":1}},"4":{"start":{"line":44,"column":2},"end":{"line":46,"column":3}},"5":{"start":{"line":45,"column":4},"end":{"line":45,"column":43}},"6":{"start":{"line":47,"column":2},"end":{"line":47,"column":22}},"7":{"start":{"line":51,"column":2},"end":{"line":51,"column":46}},"8":{"start":{"line":55,"column":17},"end":{"line":55,"column":77}},"9":{"start":{"line":56,"column":2},"end":{"line":56,"column":63}},"10":{"start":{"line":60,"column":2},"end":{"line":60,"column":88}},"11":{"start":{"line":64,"column":25},"end":{"line":64,"column":82}},"12":{"start":{"line":66,"column":2},"end":{"line":79,"column":3}},"13":{"start":{"line":66,"column":21},"end":{"line":66,"column":35}},"14":{"start":{"line":67,"column":23},"end":{"line":67,"column":42}},"15":{"start":{"line":68,"column":4},"end":{"line":76,"column":7}},"16":{"start":{"line":69,"column":6},"end":{"line":71,"column":7}},"17":{"start":{"line":70,"column":8},"end":{"line":70,"column":36}},"18":{"start":{"line":72,"column":6},"end":{"line":75,"column":9}},"19":{"start":{"line":78,"column":4},"end":{"line":78,"column":96}},"20":{"start":{"line":81,"column":2},"end":{"line":81,"column":74}},"21":{"start":{"line":85,"column":2},"end":{"line":93,"column":3}},"22":{"start":{"line":86,"column":4},"end":{"line":90,"column":7}},"23":{"start":{"line":92,"column":4},"end":{"line":92,"column":59}},"24":{"start":{"line":97,"column":2},"end":{"line":97,"column":44}},"25":{"start":{"line":98,"column":2},"end":{"line":98,"column":45}},"26":{"start":{"line":99,"column":2},"end":{"line":99,"column":104}},"27":{"start":{"line":100,"column":2},"end":{"line":100,"column":24}},"28":{"start":{"line":101,"column":2},"end":{"line":101,"column":76}},"29":{"start":{"line":105,"column":2},"end":{"line":105,"column":28}},"30":{"start":{"line":105,"column":21},"end":{"line":105,"column":28}},"31":{"start":{"line":107,"column":18},"end":{"line":107,"column":30}},"32":{"start":{"line":108,"column":2},"end":{"line":108,"column":22}},"33":{"start":{"line":109,"column":2},"end":{"line":109,"column":29}},"34":{"start":{"line":113,"column":2},"end":{"line":113,"column":35}},"35":{"start":{"line":117,"column":20},"end":{"line":117,"column":44}},"36":{"start":{"line":118,"column":19},"end":{"line":121,"column":3}},"37":{"start":{"line":123,"column":2},"end":{"line":126,"column":4}},"38":{"start":{"line":128,"column":2},"end":{"line":128,"column":45}},"39":{"start":{"line":132,"column":17},"end":{"line":135,"column":3}},"40":{"start":{"line":137,"column":14},"end":{"line":137,"column":28}},"41":{"start":{"line":138,"column":2},"end":{"line":138,"column":24}},"42":{"start":{"line":138,"column":12},"end":{"line":138,"column":24}},"43":{"start":{"line":140,"column":40},"end":{"line":147,"column":3}},"44":{"start":{"line":149,"column":18},"end":{"line":153,"column":3}},"45":{"start":{"line":155,"column":2},"end":{"line":155,"column":34}},"46":{"start":{"line":159,"column":2},"end":{"line":159,"column":71}},"47":{"start":{"line":163,"column":17},"end":{"line":165,"column":3}},"48":{"start":{"line":167,"column":19},"end":{"line":186,"column":3}},"49":{"start":{"line":169,"column":44},"end":{"line":176,"column":7}},"50":{"start":{"line":178,"column":22},"end":{"line":182,"column":7}},"51":{"start":{"line":184,"column":6},"end":{"line":184,"column":38}},"52":{"start":{"line":188,"column":2},"end":{"line":188,"column":89}},"53":{"start":{"line":188,"column":71},"end":{"line":188,"column":87}},"54":{"start":{"line":192,"column":2},"end":{"line":195,"column":4}},"55":{"start":{"line":199,"column":17},"end":{"line":206,"column":7}},"56":{"start":{"line":208,"column":2},"end":{"line":213,"column":6}},"57":{"start":{"line":208,"column":35},"end":{"line":213,"column":3}},"58":{"start":{"line":217,"column":20},"end":{"line":217,"column":44}},"59":{"start":{"line":218,"column":19},"end":{"line":221,"column":3}},"60":{"start":{"line":223,"column":17},"end":{"line":226,"column":3}},"61":{"start":{"line":228,"column":2},"end":{"line":228,"column":64}},"62":{"start":{"line":232,"column":17},"end":{"line":235,"column":3}},"63":{"start":{"line":237,"column":18},"end":{"line":256,"column":3}},"64":{"start":{"line":239,"column":38},"end":{"line":246,"column":7}},"65":{"start":{"line":248,"column":22},"end":{"line":252,"column":7}},"66":{"start":{"line":254,"column":6},"end":{"line":254,"column":36}},"67":{"start":{"line":258,"column":2},"end":{"line":258,"column":78}},"68":{"start":{"line":258,"column":62},"end":{"line":258,"column":76}},"69":{"start":{"line":266,"column":2},"end":{"line":266,"column":51}},"70":{"start":{"line":268,"column":17},"end":{"line":268,"column":34}},"71":{"start":{"line":269,"column":24},"end":{"line":271,"column":4}},"72":{"start":{"line":273,"column":18},"end":{"line":277,"column":4}},"73":{"start":{"line":279,"column":26},"end":{"line":279,"column":77}},"74":{"start":{"line":280,"column":24},"end":{"line":280,"column":76}},"75":{"start":{"line":282,"column":2},"end":{"line":284,"column":5}},"76":{"start":{"line":286,"column":2},"end":{"line":292,"column":3}},"77":{"start":{"line":287,"column":4},"end":{"line":290,"column":7}},"78":{"start":{"line":291,"column":4},"end":{"line":291,"column":82}},"79":{"start":{"line":296,"column":2},"end":{"line":343,"column":3}},"80":{"start":{"line":297,"column":19},"end":{"line":300,"column":6}},"81":{"start":{"line":302,"column":4},"end":{"line":304,"column":5}},"82":{"start":{"line":303,"column":6},"end":{"line":303,"column":19}},"83":{"start":{"line":306,"column":24},"end":{"line":308,"column":6}},"84":{"start":{"line":310,"column":52},"end":{"line":310,"column":75}},"85":{"start":{"line":311,"column":26},"end":{"line":311,"column":85}},"86":{"start":{"line":312,"column":23},"end":{"line":312,"column":48}},"87":{"start":{"line":314,"column":4},"end":{"line":316,"column":5}},"88":{"start":{"line":315,"column":6},"end":{"line":315,"column":53}},"89":{"start":{"line":319,"column":4},"end":{"line":319,"column":26}},"90":{"start":{"line":322,"column":19},"end":{"line":322,"column":69}},"91":{"start":{"line":324,"column":4},"end":{"line":326,"column":7}},"92":{"start":{"line":329,"column":4},"end":{"line":329,"column":43}},"93":{"start":{"line":330,"column":4},"end":{"line":330,"column":31}},"94":{"start":{"line":332,"column":4},"end":{"line":332,"column":86}},"95":{"start":{"line":333,"column":4},"end":{"line":333,"column":16}},"96":{"start":{"line":335,"column":4},"end":{"line":335,"column":50}},"97":{"start":{"line":336,"column":4},"end":{"line":336,"column":67}},"98":{"start":{"line":339,"column":4},"end":{"line":341,"column":5}},"99":{"start":{"line":340,"column":6},"end":{"line":340,"column":45}},"100":{"start":{"line":342,"column":4},"end":{"line":342,"column":16}}},"fnMap":{"0":{"name":"getDatabase","decl":{"start":{"line":43,"column":9},"end":{"line":43,"column":20}},"loc":{"start":{"line":43,"column":27},"end":{"line":48,"column":1}},"line":43},"1":{"name":"execute","decl":{"start":{"line":50,"column":15},"end":{"line":50,"column":22}},"loc":{"start":{"line":50,"column":61},"end":{"line":52,"column":1}},"line":50},"2":{"name":"getMetaValue","decl":{"start":{"line":54,"column":15},"end":{"line":54,"column":27}},"loc":{"start":{"line":54,"column":41},"end":{"line":57,"column":1}},"line":54},"3":{"name":"setMetaValue","decl":{"start":{"line":59,"column":15},"end":{"line":59,"column":27}},"loc":{"start":{"line":59,"column":56},"end":{"line":61,"column":1}},"line":59},"4":{"name":"runMigrations","decl":{"start":{"line":63,"column":15},"end":{"line":63,"column":28}},"loc":{"start":{"line":63,"column":31},"end":{"line":82,"column":1}},"line":63},"5":{"name":"(anonymous_5)","decl":{"start":{"line":68,"column":36},"end":{"line":68,"column":37}},"loc":{"start":{"line":68,"column":50},"end":{"line":76,"column":5}},"line":68},"6":{"name":"recordHealthEvent","decl":{"start":{"line":84,"column":22},"end":{"line":84,"column":39}},"loc":{"start":{"line":84,"column":81},"end":{"line":94,"column":1}},"line":84},"7":{"name":"initializeDatabase","decl":{"start":{"line":96,"column":22},"end":{"line":96,"column":40}},"loc":{"start":{"line":96,"column":43},"end":{"line":102,"column":1}},"line":96},"8":{"name":"closeDatabase","decl":{"start":{"line":104,"column":22},"end":{"line":104,"column":35}},"loc":{"start":{"line":104,"column":38},"end":{"line":110,"column":1}},"line":104},"9":{"name":"getDatabasePath","decl":{"start":{"line":112,"column":16},"end":{"line":112,"column":31}},"loc":{"start":{"line":112,"column":34},"end":{"line":114,"column":1}},"line":112},"10":{"name":"saveGameSession","decl":{"start":{"line":116,"column":22},"end":{"line":116,"column":37}},"loc":{"start":{"line":116,"column":101},"end":{"line":129,"column":1}},"line":116},"11":{"name":"getGameSession","decl":{"start":{"line":131,"column":22},"end":{"line":131,"column":36}},"loc":{"start":{"line":131,"column":53},"end":{"line":156,"column":1}},"line":131},"12":{"name":"deleteGameSession","decl":{"start":{"line":158,"column":22},"end":{"line":158,"column":39}},"loc":{"start":{"line":158,"column":56},"end":{"line":160,"column":1}},"line":158},"13":{"name":"listGameSessions","decl":{"start":{"line":162,"column":22},"end":{"line":162,"column":38}},"loc":{"start":{"line":162,"column":41},"end":{"line":189,"column":1}},"line":162},"14":{"name":"(anonymous_14)","decl":{"start":{"line":168,"column":20},"end":{"line":168,"column":21}},"loc":{"start":{"line":168,"column":35},"end":{"line":185,"column":5}},"line":168},"15":{"name":"(anonymous_15)","decl":{"start":{"line":188,"column":25},"end":{"line":188,"column":26}},"loc":{"start":{"line":188,"column":71},"end":{"line":188,"column":87}},"line":188},"16":{"name":"recordSeedHistory","decl":{"start":{"line":191,"column":22},"end":{"line":191,"column":39}},"loc":{"start":{"line":191,"column":96},"end":{"line":196,"column":1}},"line":191},"17":{"name":"listSeedHistory","decl":{"start":{"line":198,"column":22},"end":{"line":198,"column":37}},"loc":{"start":{"line":198,"column":55},"end":{"line":214,"column":1}},"line":198},"18":{"name":"(anonymous_18)","decl":{"start":{"line":208,"column":25},"end":{"line":208,"column":26}},"loc":{"start":{"line":208,"column":35},"end":{"line":213,"column":3}},"line":208},"19":{"name":"saveLeaderboardEntry","decl":{"start":{"line":216,"column":22},"end":{"line":216,"column":42}},"loc":{"start":{"line":216,"column":107},"end":{"line":229,"column":1}},"line":216},"20":{"name":"listLeaderboardEntries","decl":{"start":{"line":231,"column":22},"end":{"line":231,"column":44}},"loc":{"start":{"line":231,"column":61},"end":{"line":259,"column":1}},"line":231},"21":{"name":"(anonymous_21)","decl":{"start":{"line":238,"column":20},"end":{"line":238,"column":21}},"loc":{"start":{"line":238,"column":35},"end":{"line":255,"column":5}},"line":238},"22":{"name":"(anonymous_22)","decl":{"start":{"line":258,"column":24},"end":{"line":258,"column":25}},"loc":{"start":{"line":258,"column":62},"end":{"line":258,"column":76}},"line":258},"23":{"name":"exportDatabaseBackup","decl":{"start":{"line":265,"column":22},"end":{"line":265,"column":42}},"loc":{"start":{"line":265,"column":45},"end":{"line":293,"column":1}},"line":265},"24":{"name":"importDatabaseBackup","decl":{"start":{"line":295,"column":22},"end":{"line":295,"column":42}},"loc":{"start":{"line":295,"column":45},"end":{"line":344,"column":1}},"line":295}},"branchMap":{"0":{"loc":{"start":{"line":44,"column":2},"end":{"line":46,"column":3}},"type":"if","locations":[{"start":{"line":44,"column":2},"end":{"line":46,"column":3}},{"start":{},"end":{}}],"line":44},"1":{"loc":{"start":{"line":56,"column":9},"end":{"line":56,"column":62}},"type":"binary-expr","locations":[{"start":{"line":56,"column":10},"end":{"line":56,"column":53}},{"start":{"line":56,"column":58},"end":{"line":56,"column":62}}],"line":56},"2":{"loc":{"start":{"line":64,"column":32},"end":{"line":64,"column":81}},"type":"binary-expr","locations":[{"start":{"line":64,"column":33},"end":{"line":64,"column":75}},{"start":{"line":64,"column":80},"end":{"line":64,"column":81}}],"line":64},"3":{"loc":{"start":{"line":84,"column":59},"end":{"line":84,"column":79}},"type":"default-arg","locations":[{"start":{"line":84,"column":77},"end":{"line":84,"column":79}}],"line":84},"4":{"loc":{"start":{"line":105,"column":2},"end":{"line":105,"column":28}},"type":"if","locations":[{"start":{"line":105,"column":2},"end":{"line":105,"column":28}},{"start":{},"end":{}}],"line":105},"5":{"loc":{"start":{"line":138,"column":2},"end":{"line":138,"column":24}},"type":"if","locations":[{"start":{"line":138,"column":2},"end":{"line":138,"column":24}},{"start":{},"end":{}}],"line":138},"6":{"loc":{"start":{"line":155,"column":9},"end":{"line":155,"column":33}},"type":"cond-expr","locations":[{"start":{"line":155,"column":19},"end":{"line":155,"column":26}},{"start":{"line":155,"column":29},"end":{"line":155,"column":33}}],"line":155},"7":{"loc":{"start":{"line":184,"column":13},"end":{"line":184,"column":37}},"type":"cond-expr","locations":[{"start":{"line":184,"column":23},"end":{"line":184,"column":30}},{"start":{"line":184,"column":33},"end":{"line":184,"column":37}}],"line":184},"8":{"loc":{"start":{"line":199,"column":17},"end":{"line":206,"column":7}},"type":"cond-expr","locations":[{"start":{"line":200,"column":6},"end":{"line":203,"column":7}},{"start":{"line":204,"column":6},"end":{"line":206,"column":7}}],"line":199},"9":{"loc":{"start":{"line":254,"column":13},"end":{"line":254,"column":35}},"type":"cond-expr","locations":[{"start":{"line":254,"column":23},"end":{"line":254,"column":28}},{"start":{"line":254,"column":31},"end":{"line":254,"column":35}}],"line":254},"10":{"loc":{"start":{"line":286,"column":2},"end":{"line":292,"column":3}},"type":"if","locations":[{"start":{"line":286,"column":2},"end":{"line":292,"column":3}},{"start":{},"end":{}}],"line":286},"11":{"loc":{"start":{"line":302,"column":4},"end":{"line":304,"column":5}},"type":"if","locations":[{"start":{"line":302,"column":4},"end":{"line":304,"column":5}},{"start":{},"end":{}}],"line":302},"12":{"loc":{"start":{"line":302,"column":8},"end":{"line":302,"column":71}},"type":"binary-expr","locations":[{"start":{"line":302,"column":8},"end":{"line":302,"column":23}},{"start":{"line":302,"column":27},"end":{"line":302,"column":41}},{"start":{"line":302,"column":45},"end":{"line":302,"column":71}}],"line":302},"13":{"loc":{"start":{"line":314,"column":4},"end":{"line":316,"column":5}},"type":"if","locations":[{"start":{"line":314,"column":4},"end":{"line":316,"column":5}},{"start":{},"end":{}}],"line":314},"14":{"loc":{"start":{"line":339,"column":4},"end":{"line":341,"column":5}},"type":"if","locations":[{"start":{"line":339,"column":4},"end":{"line":341,"column":5}},{"start":{},"end":{}}],"line":339}},"s":{"0":1,"1":1,"2":1,"3":1,"4":1,"5":1,"6":1,"7":0,"8":0,"9":0,"10":0,"11":0,"12":0,"13":0,"14":0,"15":0,"16":0,"17":0,"18":0,"19":0,"20":0,"21":0,"22":0,"23":0,"24":0,"25":0,"26":0,"27":0,"28":0,"29":0,"30":0,"31":0,"32":0,"33":0,"34":1,"35":0,"36":0,"37":0,"38":0,"39":0,"40":0,"41":0,"42":0,"43":0,"44":0,"45":0,"46":0,"47":0,"48":0,"49":0,"50":0,"51":0,"52":0,"53":0,"54":0,"55":0,"56":0,"57":0,"58":0,"59":0,"60":0,"61":0,"62":0,"63":0,"64":0,"65":0,"66":0,"67":0,"68":0,"69":0,"70":0,"71":0,"72":0,"73":0,"74":0,"75":0,"76":0,"77":0,"78":0,"79":0,"80":0,"81":0,"82":0,"83":0,"84":0,"85":0,"86":0,"87":0,"88":0,"89":0,"90":0,"91":0,"92":0,"93":0,"94":0,"95":0,"96":0,"97":0,"98":0,"99":0,"100":0},"f":{"0":1,"1":0,"2":0,"3":0,"4":0,"5":0,"6":0,"7":0,"8":0,"9":1,"10":0,"11":0,"12":0,"13":0,"14":0,"15":0,"16":0,"17":0,"18":0,"19":0,"20":0,"21":0,"22":0,"23":0,"24":0},"b":{"0":[1,0],"1":[0,0],"2":[0,0],"3":[0],"4":[0,0],"5":[0,0],"6":[0,0],"7":[0,0],"8":[0,0],"9":[0,0],"10":[0,0],"11":[0,0],"12":[0,0,0],"13":[0,0],"14":[0,0]},"_coverageSchema":"1a1c01bbd47fc00a2c39e90264f33305004495a9","hash":"0f2f2b010864d4a16a3d86c761a18af7d81c447c"}
,"/home/krish/Desktop/programming/self-projects/Pockade/src/core/deepLinking.ts": {"path":"/home/krish/Desktop/programming/self-projects/Pockade/src/core/deepLinking.ts","statementMap":{"0":{"start":{"line":10,"column":2},"end":{"line":16,"column":5}},"1":{"start":{"line":20,"column":2},"end":{"line":22,"column":3}},"2":{"start":{"line":21,"column":4},"end":{"line":21,"column":16}},"3":{"start":{"line":24,"column":17},"end":{"line":24,"column":35}},"4":{"start":{"line":25,"column":23},"end":{"line":25,"column":68}},"5":{"start":{"line":27,"column":2},"end":{"line":29,"column":3}},"6":{"start":{"line":28,"column":4},"end":{"line":28,"column":16}},"7":{"start":{"line":31,"column":15},"end":{"line":31,"column":47}},"8":{"start":{"line":32,"column":18},"end":{"line":32,"column":52}},"9":{"start":{"line":34,"column":2},"end":{"line":38,"column":4}}},"fnMap":{"0":{"name":"createGameDeepLink","decl":{"start":{"line":9,"column":16},"end":{"line":9,"column":34}},"loc":{"start":{"line":9,"column":83},"end":{"line":17,"column":1}},"line":9},"1":{"name":"parseGameDeepLink","decl":{"start":{"line":19,"column":16},"end":{"line":19,"column":33}},"loc":{"start":{"line":19,"column":66},"end":{"line":39,"column":1}},"line":19}},"branchMap":{"0":{"loc":{"start":{"line":20,"column":2},"end":{"line":22,"column":3}},"type":"if","locations":[{"start":{"line":20,"column":2},"end":{"line":22,"column":3}},{"start":{},"end":{}}],"line":20},"1":{"loc":{"start":{"line":25,"column":23},"end":{"line":25,"column":68}},"type":"binary-expr","locations":[{"start":{"line":25,"column":23},"end":{"line":25,"column":62}},{"start":{"line":25,"column":66},"end":{"line":25,"column":68}}],"line":25},"2":{"loc":{"start":{"line":27,"column":2},"end":{"line":29,"column":3}},"type":"if","locations":[{"start":{"line":27,"column":2},"end":{"line":29,"column":3}},{"start":{},"end":{}}],"line":27},"3":{"loc":{"start":{"line":27,"column":6},"end":{"line":27,"column":52}},"type":"binary-expr","locations":[{"start":{"line":27,"column":6},"end":{"line":27,"column":32}},{"start":{"line":27,"column":36},"end":{"line":27,"column":52}}],"line":27},"4":{"loc":{"start":{"line":32,"column":25},"end":{"line":32,"column":51}},"type":"binary-expr","locations":[{"start":{"line":32,"column":25},"end":{"line":32,"column":46}},{"start":{"line":32,"column":50},"end":{"line":32,"column":51}}],"line":32},"5":{"loc":{"start":{"line":36,"column":10},"end":{"line":36,"column":42}},"type":"cond-expr","locations":[{"start":{"line":36,"column":34},"end":{"line":36,"column":38}},{"start":{"line":36,"column":41},"end":{"line":36,"column":42}}],"line":36},"6":{"loc":{"start":{"line":37,"column":13},"end":{"line":37,"column":51}},"type":"cond-expr","locations":[{"start":{"line":37,"column":40},"end":{"line":37,"column":47}},{"start":{"line":37,"column":50},"end":{"line":37,"column":51}}],"line":37}},"s":{"0":1,"1":2,"2":0,"3":2,"4":2,"5":2,"6":1,"7":1,"8":1,"9":1},"f":{"0":1,"1":2},"b":{"0":[0,2],"1":[2,0],"2":[1,1],"3":[2,1],"4":[1,0],"5":[1,0],"6":[1,0]},"_coverageSchema":"1a1c01bbd47fc00a2c39e90264f33305004495a9","hash":"5cbf3c2ba882b84bb3b531cb2f956e9f540929fa"}
,"/home/krish/Desktop/programming/self-projects/Pockade/src/core/diagnostics.ts": {"path":"/home/krish/Desktop/programming/self-projects/Pockade/src/core/diagnostics.ts","statementMap":{"0":{"start":{"line":6,"column":20},"end":{"line":6,"column":67}},"1":{"start":{"line":9,"column":2},"end":{"line":11,"column":3}},"2":{"start":{"line":10,"column":4},"end":{"line":10,"column":17}},"3":{"start":{"line":13,"column":2},"end":{"line":13,"column":99}},"4":{"start":{"line":13,"column":88},"end":{"line":13,"column":97}},"5":{"start":{"line":14,"column":2},"end":{"line":14,"column":14}},"6":{"start":{"line":18,"column":2},"end":{"line":24,"column":3}},"7":{"start":{"line":19,"column":4},"end":{"line":21,"column":5}},"8":{"start":{"line":20,"column":6},"end":{"line":20,"column":46}},"9":{"start":{"line":23,"column":4},"end":{"line":23,"column":16}},"10":{"start":{"line":26,"column":2},"end":{"line":26,"column":36}},"11":{"start":{"line":29,"column":33},"end":{"line":69,"column":1}},"12":{"start":{"line":31,"column":17},"end":{"line":31,"column":39}},"13":{"start":{"line":32,"column":25},"end":{"line":32,"column":48}},"14":{"start":{"line":34,"column":4},"end":{"line":53,"column":17}},"15":{"start":{"line":57,"column":19},"end":{"line":57,"column":59}},"16":{"start":{"line":58,"column":4},"end":{"line":60,"column":5}},"17":{"start":{"line":59,"column":6},"end":{"line":59,"column":18}},"18":{"start":{"line":62,"column":17},"end":{"line":62,"column":68}},"19":{"start":{"line":63,"column":4},"end":{"line":65,"column":7}},"20":{"start":{"line":66,"column":4},"end":{"line":66,"column":55}},"21":{"start":{"line":67,"column":4},"end":{"line":67,"column":16}}},"fnMap":{"0":{"name":"ensureReportsDirectory","decl":{"start":{"line":8,"column":15},"end":{"line":8,"column":37}},"loc":{"start":{"line":8,"column":40},"end":{"line":15,"column":1}},"line":8},"1":{"name":"(anonymous_1)","decl":{"start":{"line":13,"column":82},"end":{"line":13,"column":83}},"loc":{"start":{"line":13,"column":88},"end":{"line":13,"column":97}},"line":13},"2":{"name":"getMemoryBudget","decl":{"start":{"line":17,"column":15},"end":{"line":17,"column":30}},"loc":{"start":{"line":17,"column":33},"end":{"line":27,"column":1}},"line":17},"3":{"name":"(anonymous_3)","decl":{"start":{"line":30,"column":2},"end":{"line":30,"column":3}},"loc":{"start":{"line":30,"column":25},"end":{"line":54,"column":3}},"line":30},"4":{"name":"(anonymous_4)","decl":{"start":{"line":56,"column":2},"end":{"line":56,"column":3}},"loc":{"start":{"line":56,"column":27},"end":{"line":68,"column":3}},"line":56}},"branchMap":{"0":{"loc":{"start":{"line":6,"column":23},"end":{"line":6,"column":57}},"type":"binary-expr","locations":[{"start":{"line":6,"column":23},"end":{"line":6,"column":51}},{"start":{"line":6,"column":55},"end":{"line":6,"column":57}}],"line":6},"1":{"loc":{"start":{"line":9,"column":2},"end":{"line":11,"column":3}},"type":"if","locations":[{"start":{"line":9,"column":2},"end":{"line":11,"column":3}},{"start":{},"end":{}}],"line":9},"2":{"loc":{"start":{"line":19,"column":4},"end":{"line":21,"column":5}},"type":"if","locations":[{"start":{"line":19,"column":4},"end":{"line":21,"column":5}},{"start":{},"end":{}}],"line":19},"3":{"loc":{"start":{"line":26,"column":9},"end":{"line":26,"column":35}},"type":"binary-expr","locations":[{"start":{"line":26,"column":9},"end":{"line":26,"column":27}},{"start":{"line":26,"column":31},"end":{"line":26,"column":35}}],"line":26},"4":{"loc":{"start":{"line":38,"column":15},"end":{"line":38,"column":41}},"type":"binary-expr","locations":[{"start":{"line":38,"column":15},"end":{"line":38,"column":28}},{"start":{"line":38,"column":32},"end":{"line":38,"column":41}}],"line":38},"5":{"loc":{"start":{"line":38,"column":45},"end":{"line":38,"column":67}},"type":"binary-expr","locations":[{"start":{"line":38,"column":45},"end":{"line":38,"column":61}},{"start":{"line":38,"column":65},"end":{"line":38,"column":67}}],"line":38},"6":{"loc":{"start":{"line":39,"column":18},"end":{"line":39,"column":47}},"type":"binary-expr","locations":[{"start":{"line":39,"column":18},"end":{"line":39,"column":34}},{"start":{"line":39,"column":38},"end":{"line":39,"column":47}}],"line":39},"7":{"loc":{"start":{"line":40,"column":18},"end":{"line":40,"column":43}},"type":"binary-expr","locations":[{"start":{"line":40,"column":18},"end":{"line":40,"column":30}},{"start":{"line":40,"column":34},"end":{"line":40,"column":43}}],"line":40},"8":{"loc":{"start":{"line":42,"column":8},"end":{"line":42,"column":80}},"type":"cond-expr","locations":[{"start":{"line":42,"column":23},"end":{"line":42,"column":68}},{"start":{"line":42,"column":71},"end":{"line":42,"column":80}}],"line":42},"9":{"loc":{"start":{"line":46,"column":20},"end":{"line":46,"column":69}},"type":"binary-expr","locations":[{"start":{"line":46,"column":20},"end":{"line":46,"column":56}},{"start":{"line":46,"column":60},"end":{"line":46,"column":69}}],"line":46},"10":{"loc":{"start":{"line":47,"column":18},"end":{"line":47,"column":61}},"type":"binary-expr","locations":[{"start":{"line":47,"column":18},"end":{"line":47,"column":48}},{"start":{"line":47,"column":52},"end":{"line":47,"column":61}}],"line":47},"11":{"loc":{"start":{"line":58,"column":4},"end":{"line":60,"column":5}},"type":"if","locations":[{"start":{"line":58,"column":4},"end":{"line":60,"column":5}},{"start":{},"end":{}}],"line":58}},"s":{"0":0,"1":0,"2":0,"3":0,"4":0,"5":0,"6":0,"7":0,"8":0,"9":0,"10":0,"11":0,"12":0,"13":0,"14":0,"15":0,"16":0,"17":0,"18":0,"19":0,"20":0,"21":0},"f":{"0":0,"1":0,"2":0,"3":0,"4":0},"b":{"0":[0,0],"1":[0,0],"2":[0,0],"3":[0,0],"4":[0,0],"5":[0,0],"6":[0,0],"7":[0,0],"8":[0,0],"9":[0,0],"10":[0,0],"11":[0,0]}}
,"/home/krish/Desktop/programming/self-projects/Pockade/src/core/gc.ts": {"path":"/home/krish/Desktop/programming/self-projects/Pockade/src/core/gc.ts","statementMap":{"0":{"start":{"line":6,"column":21},"end":{"line":6,"column":52}},"1":{"start":{"line":13,"column":4},"end":{"line":15,"column":5}},"2":{"start":{"line":14,"column":6},"end":{"line":14,"column":29}},"3":{"start":{"line":22,"column":4},"end":{"line":22,"column":30}},"4":{"start":{"line":31,"column":24},"end":{"line":31,"column":25}},"5":{"start":{"line":33,"column":4},"end":{"line":40,"column":5}},"6":{"start":{"line":34,"column":6},"end":{"line":39,"column":7}},"7":{"start":{"line":35,"column":8},"end":{"line":35,"column":22}},"8":{"start":{"line":36,"column":8},"end":{"line":36,"column":24}},"9":{"start":{"line":38,"column":8},"end":{"line":38,"column":74}},"10":{"start":{"line":42,"column":4},"end":{"line":42,"column":26}},"11":{"start":{"line":44,"column":4},"end":{"line":46,"column":5}},"12":{"start":{"line":45,"column":6},"end":{"line":45,"column":85}},"13":{"start":{"line":50,"column":36},"end":{"line":50,"column":67}}},"fnMap":{"0":{"name":"(anonymous_0)","decl":{"start":{"line":12,"column":2},"end":{"line":12,"column":3}},"loc":{"start":{"line":12,"column":38},"end":{"line":16,"column":3}},"line":12},"1":{"name":"(anonymous_1)","decl":{"start":{"line":21,"column":2},"end":{"line":21,"column":3}},"loc":{"start":{"line":21,"column":40},"end":{"line":23,"column":3}},"line":21},"2":{"name":"(anonymous_2)","decl":{"start":{"line":30,"column":2},"end":{"line":30,"column":3}},"loc":{"start":{"line":30,"column":10},"end":{"line":47,"column":3}},"line":30}},"branchMap":{"0":{"loc":{"start":{"line":13,"column":4},"end":{"line":15,"column":5}},"type":"if","locations":[{"start":{"line":13,"column":4},"end":{"line":15,"column":5}},{"start":{},"end":{}}],"line":13},"1":{"loc":{"start":{"line":13,"column":8},"end":{"line":13,"column":48}},"type":"binary-expr","locations":[{"start":{"line":13,"column":8},"end":{"line":13,"column":11}},{"start":{"line":13,"column":15},"end":{"line":13,"column":48}}],"line":13},"2":{"loc":{"start":{"line":44,"column":4},"end":{"line":46,"column":5}},"type":"if","locations":[{"start":{"line":44,"column":4},"end":{"line":46,"column":5}},{"start":{},"end":{}}],"line":44}},"s":{"0":1,"1":6,"2":5,"3":1,"4":8,"5":8,"6":4,"7":4,"8":3,"9":1,"10":8,"11":8,"12":2,"13":1},"f":{"0":6,"1":1,"2":8},"b":{"0":[5,1],"1":[6,6],"2":[2,6]},"_coverageSchema":"1a1c01bbd47fc00a2c39e90264f33305004495a9","hash":"f965e2709754ef5fd74c1d1eea5b558e260a7a99"}
,"/home/krish/Desktop/programming/self-projects/Pockade/src/core/logger.ts": {"path":"/home/krish/Desktop/programming/self-projects/Pockade/src/core/logger.ts","statementMap":{"0":{"start":{"line":5,"column":16},"end":{"line":5,"column":60}},"1":{"start":{"line":6,"column":24},"end":{"line":6,"column":47}},"2":{"start":{"line":7,"column":25},"end":{"line":7,"column":50}},"3":{"start":{"line":8,"column":31},"end":{"line":8,"column":48}},"4":{"start":{"line":10,"column":15},"end":{"line":10,"column":32}},"5":{"start":{"line":13,"column":2},"end":{"line":15,"column":3}},"6":{"start":{"line":14,"column":4},"end":{"line":14,"column":17}},"7":{"start":{"line":17,"column":2},"end":{"line":17,"column":95}},"8":{"start":{"line":17,"column":84},"end":{"line":17,"column":93}},"9":{"start":{"line":18,"column":2},"end":{"line":18,"column":14}},"10":{"start":{"line":22,"column":21},"end":{"line":22,"column":67}},"11":{"start":{"line":23,"column":19},"end":{"line":23,"column":87}},"12":{"start":{"line":25,"column":2},"end":{"line":27,"column":3}},"13":{"start":{"line":26,"column":4},"end":{"line":26,"column":11}},"14":{"start":{"line":29,"column":22},"end":{"line":29,"column":69}},"15":{"start":{"line":30,"column":2},"end":{"line":32,"column":3}},"16":{"start":{"line":31,"column":4},"end":{"line":31,"column":96}},"17":{"start":{"line":31,"column":85},"end":{"line":31,"column":94}},"18":{"start":{"line":34,"column":2},"end":{"line":39,"column":3}},"19":{"start":{"line":35,"column":4},"end":{"line":38,"column":30}},"20":{"start":{"line":38,"column":19},"end":{"line":38,"column":28}},"21":{"start":{"line":43,"column":2},"end":{"line":45,"column":3}},"22":{"start":{"line":44,"column":4},"end":{"line":44,"column":11}},"23":{"start":{"line":47,"column":2},"end":{"line":47,"column":33}},"24":{"start":{"line":48,"column":2},"end":{"line":51,"column":5}},"25":{"start":{"line":55,"column":2},"end":{"line":59,"column":3}},"26":{"start":{"line":56,"column":4},"end":{"line":56,"column":52}},"27":{"start":{"line":58,"column":4},"end":{"line":58,"column":14}},"28":{"start":{"line":63,"column":15},"end":{"line":63,"column":40}},"29":{"start":{"line":64,"column":2},"end":{"line":67,"column":4}},"30":{"start":{"line":65,"column":10},"end":{"line":65,"column":19}},"31":{"start":{"line":66,"column":10},"end":{"line":66,"column":19}},"32":{"start":{"line":68,"column":2},"end":{"line":68,"column":14}},"33":{"start":{"line":71,"column":22},"end":{"line":121,"column":1}},"34":{"start":{"line":73,"column":17},"end":{"line":75,"column":8}},"35":{"start":{"line":77,"column":4},"end":{"line":79,"column":7}},"36":{"start":{"line":78,"column":6},"end":{"line":78,"column":29}},"37":{"start":{"line":83,"column":4},"end":{"line":83,"column":51}},"38":{"start":{"line":87,"column":4},"end":{"line":87,"column":50}},"39":{"start":{"line":91,"column":4},"end":{"line":91,"column":50}},"40":{"start":{"line":95,"column":4},"end":{"line":95,"column":51}},"41":{"start":{"line":99,"column":30},"end":{"line":102,"column":6}},"42":{"start":{"line":104,"column":4},"end":{"line":104,"column":60}},"43":{"start":{"line":108,"column":4},"end":{"line":111,"column":7}},"44":{"start":{"line":109,"column":80},"end":{"line":109,"column":89}},"45":{"start":{"line":110,"column":81},"end":{"line":110,"column":90}},"46":{"start":{"line":115,"column":4},"end":{"line":119,"column":6}}},"fnMap":{"0":{"name":"ensureLogDirectory","decl":{"start":{"line":12,"column":15},"end":{"line":12,"column":33}},"loc":{"start":{"line":12,"column":36},"end":{"line":19,"column":1}},"line":12},"1":{"name":"(anonymous_1)","decl":{"start":{"line":17,"column":78},"end":{"line":17,"column":79}},"loc":{"start":{"line":17,"column":84},"end":{"line":17,"column":93}},"line":17},"2":{"name":"rotateLogsIfNeeded","decl":{"start":{"line":21,"column":15},"end":{"line":21,"column":33}},"loc":{"start":{"line":21,"column":56},"end":{"line":40,"column":1}},"line":21},"3":{"name":"(anonymous_3)","decl":{"start":{"line":31,"column":79},"end":{"line":31,"column":80}},"loc":{"start":{"line":31,"column":85},"end":{"line":31,"column":94}},"line":31},"4":{"name":"(anonymous_4)","decl":{"start":{"line":38,"column":13},"end":{"line":38,"column":14}},"loc":{"start":{"line":38,"column":19},"end":{"line":38,"column":28}},"line":38},"5":{"name":"appendLine","decl":{"start":{"line":42,"column":15},"end":{"line":42,"column":25}},"loc":{"start":{"line":42,"column":40},"end":{"line":52,"column":1}},"line":42},"6":{"name":"getFileContents","decl":{"start":{"line":54,"column":15},"end":{"line":54,"column":30}},"loc":{"start":{"line":54,"column":45},"end":{"line":60,"column":1}},"line":54},"7":{"name":"enqueue","decl":{"start":{"line":62,"column":9},"end":{"line":62,"column":16}},"loc":{"start":{"line":62,"column":44},"end":{"line":69,"column":1}},"line":62},"8":{"name":"(anonymous_8)","decl":{"start":{"line":65,"column":4},"end":{"line":65,"column":5}},"loc":{"start":{"line":65,"column":10},"end":{"line":65,"column":19}},"line":65},"9":{"name":"(anonymous_9)","decl":{"start":{"line":66,"column":4},"end":{"line":66,"column":5}},"loc":{"start":{"line":66,"column":10},"end":{"line":66,"column":19}},"line":66},"10":{"name":"(anonymous_10)","decl":{"start":{"line":72,"column":2},"end":{"line":72,"column":3}},"loc":{"start":{"line":72,"column":77},"end":{"line":80,"column":3}},"line":72},"11":{"name":"(anonymous_11)","decl":{"start":{"line":77,"column":19},"end":{"line":77,"column":20}},"loc":{"start":{"line":77,"column":31},"end":{"line":79,"column":5}},"line":77},"12":{"name":"(anonymous_12)","decl":{"start":{"line":82,"column":2},"end":{"line":82,"column":3}},"loc":{"start":{"line":82,"column":60},"end":{"line":84,"column":3}},"line":82},"13":{"name":"(anonymous_13)","decl":{"start":{"line":86,"column":2},"end":{"line":86,"column":3}},"loc":{"start":{"line":86,"column":59},"end":{"line":88,"column":3}},"line":86},"14":{"name":"(anonymous_14)","decl":{"start":{"line":90,"column":2},"end":{"line":90,"column":3}},"loc":{"start":{"line":90,"column":59},"end":{"line":92,"column":3}},"line":90},"15":{"name":"(anonymous_15)","decl":{"start":{"line":94,"column":2},"end":{"line":94,"column":3}},"loc":{"start":{"line":94,"column":60},"end":{"line":96,"column":3}},"line":94},"16":{"name":"(anonymous_16)","decl":{"start":{"line":98,"column":2},"end":{"line":98,"column":3}},"loc":{"start":{"line":98,"column":18},"end":{"line":105,"column":3}},"line":98},"17":{"name":"(anonymous_17)","decl":{"start":{"line":107,"column":2},"end":{"line":107,"column":3}},"loc":{"start":{"line":107,"column":16},"end":{"line":112,"column":3}},"line":107},"18":{"name":"(anonymous_18)","decl":{"start":{"line":109,"column":74},"end":{"line":109,"column":75}},"loc":{"start":{"line":109,"column":80},"end":{"line":109,"column":89}},"line":109},"19":{"name":"(anonymous_19)","decl":{"start":{"line":110,"column":75},"end":{"line":110,"column":76}},"loc":{"start":{"line":110,"column":81},"end":{"line":110,"column":90}},"line":110},"20":{"name":"(anonymous_20)","decl":{"start":{"line":114,"column":2},"end":{"line":114,"column":3}},"loc":{"start":{"line":114,"column":13},"end":{"line":120,"column":3}},"line":114}},"branchMap":{"0":{"loc":{"start":{"line":5,"column":19},"end":{"line":5,"column":53}},"type":"binary-expr","locations":[{"start":{"line":5,"column":19},"end":{"line":5,"column":47}},{"start":{"line":5,"column":51},"end":{"line":5,"column":53}}],"line":5},"1":{"loc":{"start":{"line":13,"column":2},"end":{"line":15,"column":3}},"type":"if","locations":[{"start":{"line":13,"column":2},"end":{"line":15,"column":3}},{"start":{},"end":{}}],"line":13},"2":{"loc":{"start":{"line":23,"column":20},"end":{"line":23,"column":64}},"type":"cond-expr","locations":[{"start":{"line":23,"column":40},"end":{"line":23,"column":60}},{"start":{"line":23,"column":63},"end":{"line":23,"column":64}}],"line":23},"3":{"loc":{"start":{"line":23,"column":40},"end":{"line":23,"column":60}},"type":"binary-expr","locations":[{"start":{"line":23,"column":40},"end":{"line":23,"column":55}},{"start":{"line":23,"column":59},"end":{"line":23,"column":60}}],"line":23},"4":{"loc":{"start":{"line":25,"column":2},"end":{"line":27,"column":3}},"type":"if","locations":[{"start":{"line":25,"column":2},"end":{"line":27,"column":3}},{"start":{},"end":{}}],"line":25},"5":{"loc":{"start":{"line":30,"column":2},"end":{"line":32,"column":3}},"type":"if","locations":[{"start":{"line":30,"column":2},"end":{"line":32,"column":3}},{"start":{},"end":{}}],"line":30},"6":{"loc":{"start":{"line":34,"column":2},"end":{"line":39,"column":3}},"type":"if","locations":[{"start":{"line":34,"column":2},"end":{"line":39,"column":3}},{"start":{},"end":{}}],"line":34},"7":{"loc":{"start":{"line":43,"column":2},"end":{"line":45,"column":3}},"type":"if","locations":[{"start":{"line":43,"column":2},"end":{"line":45,"column":3}},{"start":{},"end":{}}],"line":43},"8":{"loc":{"start":{"line":74,"column":6},"end":{"line":74,"column":50}},"type":"cond-expr","locations":[{"start":{"line":74,"column":16},"end":{"line":74,"column":45}},{"start":{"line":74,"column":48},"end":{"line":74,"column":50}}],"line":74},"9":{"loc":{"start":{"line":104,"column":11},"end":{"line":104,"column":59}},"type":"binary-expr","locations":[{"start":{"line":104,"column":11},"end":{"line":104,"column":39}},{"start":{"line":104,"column":43},"end":{"line":104,"column":59}}],"line":104}},"s":{"0":3,"1":3,"2":3,"3":3,"4":3,"5":7,"6":0,"7":7,"8":0,"9":7,"10":7,"11":7,"12":7,"13":7,"14":0,"15":0,"16":0,"17":0,"18":0,"19":0,"20":0,"21":7,"22":0,"23":7,"24":7,"25":0,"26":0,"27":0,"28":7,"29":7,"30":7,"31":0,"32":7,"33":3,"34":7,"35":7,"36":7,"37":4,"38":2,"39":0,"40":1,"41":0,"42":0,"43":0,"44":0,"45":0,"46":0},"f":{"0":7,"1":0,"2":7,"3":0,"4":0,"5":7,"6":0,"7":7,"8":7,"9":0,"10":7,"11":7,"12":4,"13":2,"14":0,"15":1,"16":0,"17":0,"18":0,"19":0,"20":0},"b":{"0":[3,0],"1":[0,7],"2":[7,0],"3":[7,0],"4":[7,0],"5":[0,0],"6":[0,0],"7":[0,7],"8":[3,4],"9":[0,0]},"_coverageSchema":"1a1c01bbd47fc00a2c39e90264f33305004495a9","hash":"90a664cf256a71a6012ad3898caa71df3a4f768a"}
,"/home/krish/Desktop/programming/self-projects/Pockade/src/core/openSource.ts": {"path":"/home/krish/Desktop/programming/self-projects/Pockade/src/core/openSource.ts","statementMap":{"0":{"start":{"line":8,"column":58},"end":{"line":51,"column":1}}},"fnMap":{},"branchMap":{},"s":{"0":0},"f":{},"b":{}}
,"/home/krish/Desktop/programming/self-projects/Pockade/src/core/rng.ts": {"path":"/home/krish/Desktop/programming/self-projects/Pockade/src/core/rng.ts","statementMap":{"0":{"start":{"line":5,"column":4},"end":{"line":5,"column":22}},"1":{"start":{"line":13,"column":4},"end":{"line":13,"column":20}},"2":{"start":{"line":14,"column":4},"end":{"line":14,"column":45}},"3":{"start":{"line":15,"column":12},"end":{"line":15,"column":71}},"4":{"start":{"line":16,"column":4},"end":{"line":16,"column":49}},"5":{"start":{"line":17,"column":4},"end":{"line":17,"column":49}},"6":{"start":{"line":22,"column":4},"end":{"line":22,"column":59}},"7":{"start":{"line":26,"column":4},"end":{"line":26,"column":43}}},"fnMap":{"0":{"name":"(anonymous_0)","decl":{"start":{"line":4,"column":2},"end":{"line":4,"column":3}},"loc":{"start":{"line":4,"column":28},"end":{"line":6,"column":3}},"line":4},"1":{"name":"(anonymous_1)","decl":{"start":{"line":12,"column":2},"end":{"line":12,"column":3}},"loc":{"start":{"line":12,"column":24},"end":{"line":18,"column":3}},"line":12},"2":{"name":"(anonymous_2)","decl":{"start":{"line":21,"column":2},"end":{"line":21,"column":3}},"loc":{"start":{"line":21,"column":51},"end":{"line":23,"column":3}},"line":21},"3":{"name":"(anonymous_3)","decl":{"start":{"line":25,"column":2},"end":{"line":25,"column":3}},"loc":{"start":{"line":25,"column":53},"end":{"line":27,"column":3}},"line":25}},"branchMap":{},"s":{"0":9,"1":112,"2":112,"3":112,"4":112,"5":112,"6":52,"7":50},"f":{"0":9,"1":112,"2":52,"3":50},"b":{},"_coverageSchema":"1a1c01bbd47fc00a2c39e90264f33305004495a9","hash":"723a22a0d39d89a23ebe430965635715c22a4127"}
,"/home/krish/Desktop/programming/self-projects/Pockade/src/core/storage.ts": {"path":"/home/krish/Desktop/programming/self-projects/Pockade/src/core/storage.ts","statementMap":{"0":{"start":{"line":3,"column":23},"end":{"line":5,"column":2}}},"fnMap":{},"branchMap":{},"s":{"0":4},"f":{},"b":{},"_coverageSchema":"1a1c01bbd47fc00a2c39e90264f33305004495a9","hash":"a47debfa0775616b4ae86b8eb3331fb7aa585089"}
,"/home/krish/Desktop/programming/self-projects/Pockade/src/core/themeStore.ts": {"path":"/home/krish/Desktop/programming/self-projects/Pockade/src/core/themeStore.ts","statementMap":{"0":{"start":{"line":26,"column":22},"end":{"line":35,"column":10}},"1":{"start":{"line":37,"column":19},"end":{"line":37,"column":90}},"2":{"start":{"line":37,"column":55},"end":{"line":37,"column":90}},"3":{"start":{"line":39,"column":29},"end":{"line":88,"column":3}},"4":{"start":{"line":39,"column":64},"end":{"line":88,"column":1}},"5":{"start":{"line":42,"column":4},"end":{"line":42,"column":44}},"6":{"start":{"line":43,"column":4},"end":{"line":43,"column":19}},"7":{"start":{"line":48,"column":4},"end":{"line":48,"column":56}},"8":{"start":{"line":49,"column":4},"end":{"line":49,"column":38}},"9":{"start":{"line":54,"column":4},"end":{"line":54,"column":53}},"10":{"start":{"line":55,"column":4},"end":{"line":55,"column":35}},"11":{"start":{"line":60,"column":4},"end":{"line":60,"column":51}},"12":{"start":{"line":61,"column":4},"end":{"line":61,"column":33}},"13":{"start":{"line":66,"column":4},"end":{"line":66,"column":55}},"14":{"start":{"line":67,"column":4},"end":{"line":67,"column":37}},"15":{"start":{"line":72,"column":4},"end":{"line":72,"column":61}},"16":{"start":{"line":73,"column":4},"end":{"line":73,"column":43}},"17":{"start":{"line":79,"column":4},"end":{"line":79,"column":52}},"18":{"start":{"line":80,"column":4},"end":{"line":80,"column":34}},"19":{"start":{"line":85,"column":4},"end":{"line":85,"column":66}},"20":{"start":{"line":86,"column":4},"end":{"line":86,"column":50}},"21":{"start":{"line":90,"column":31},"end":{"line":90,"column":44}}},"fnMap":{"0":{"name":"(anonymous_0)","decl":{"start":{"line":37,"column":19},"end":{"line":37,"column":20}},"loc":{"start":{"line":37,"column":55},"end":{"line":37,"column":90}},"line":37},"1":{"name":"(anonymous_1)","decl":{"start":{"line":39,"column":54},"end":{"line":39,"column":55}},"loc":{"start":{"line":39,"column":64},"end":{"line":88,"column":1}},"line":39},"2":{"name":"(anonymous_2)","decl":{"start":{"line":41,"column":12},"end":{"line":41,"column":13}},"loc":{"start":{"line":41,"column":23},"end":{"line":44,"column":3}},"line":41},"3":{"name":"(anonymous_3)","decl":{"start":{"line":47,"column":22},"end":{"line":47,"column":23}},"loc":{"start":{"line":47,"column":35},"end":{"line":50,"column":3}},"line":47},"4":{"name":"(anonymous_4)","decl":{"start":{"line":53,"column":19},"end":{"line":53,"column":20}},"loc":{"start":{"line":53,"column":32},"end":{"line":56,"column":3}},"line":53},"5":{"name":"(anonymous_5)","decl":{"start":{"line":59,"column":17},"end":{"line":59,"column":18}},"loc":{"start":{"line":59,"column":30},"end":{"line":62,"column":3}},"line":59},"6":{"name":"(anonymous_6)","decl":{"start":{"line":65,"column":21},"end":{"line":65,"column":22}},"loc":{"start":{"line":65,"column":34},"end":{"line":68,"column":3}},"line":65},"7":{"name":"(anonymous_7)","decl":{"start":{"line":71,"column":27},"end":{"line":71,"column":28}},"loc":{"start":{"line":71,"column":40},"end":{"line":74,"column":3}},"line":71},"8":{"name":"(anonymous_8)","decl":{"start":{"line":78,"column":21},"end":{"line":78,"column":22}},"loc":{"start":{"line":78,"column":31},"end":{"line":81,"column":3}},"line":78},"9":{"name":"(anonymous_9)","decl":{"start":{"line":84,"column":32},"end":{"line":84,"column":33}},"loc":{"start":{"line":84,"column":45},"end":{"line":87,"column":3}},"line":84}},"branchMap":{"0":{"loc":{"start":{"line":37,"column":55},"end":{"line":37,"column":90}},"type":"binary-expr","locations":[{"start":{"line":37,"column":55},"end":{"line":37,"column":78}},{"start":{"line":37,"column":82},"end":{"line":37,"column":90}}],"line":37},"1":{"loc":{"start":{"line":40,"column":9},"end":{"line":40,"column":86}},"type":"binary-expr","locations":[{"start":{"line":40,"column":10},"end":{"line":40,"column":73}},{"start":{"line":40,"column":78},"end":{"line":40,"column":86}}],"line":40},"2":{"loc":{"start":{"line":77,"column":4},"end":{"line":77,"column":92}},"type":"binary-expr","locations":[{"start":{"line":77,"column":5},"end":{"line":77,"column":82}},{"start":{"line":77,"column":87},"end":{"line":77,"column":92}}],"line":77}},"s":{"0":4,"1":4,"2":24,"3":4,"4":4,"5":1,"6":1,"7":1,"8":1,"9":1,"10":1,"11":0,"12":0,"13":0,"14":0,"15":1,"16":1,"17":1,"18":1,"19":1,"20":1,"21":4},"f":{"0":24,"1":4,"2":1,"3":1,"4":1,"5":0,"6":0,"7":1,"8":1,"9":1},"b":{"0":[24,24],"1":[4,4],"2":[4,4]},"_coverageSchema":"1a1c01bbd47fc00a2c39e90264f33305004495a9","hash":"fe590d166102ce443f2483b8f05cb7221464bda5"}
,"/home/krish/Desktop/programming/self-projects/Pockade/src/games/GameCrashBoundary.tsx": {"path":"/home/krish/Desktop/programming/self-projects/Pockade/src/games/GameCrashBoundary.tsx","statementMap":{"0":{"start":{"line":19,"column":4},"end":{"line":19,"column":17}},"1":{"start":{"line":20,"column":4},"end":{"line":20,"column":51}},"2":{"start":{"line":24,"column":4},"end":{"line":24,"column":55}},"3":{"start":{"line":28,"column":4},"end":{"line":28,"column":33}},"4":{"start":{"line":29,"column":4},"end":{"line":29,"column":60}},"5":{"start":{"line":30,"column":4},"end":{"line":34,"column":7}},"6":{"start":{"line":38,"column":4},"end":{"line":45,"column":5}},"7":{"start":{"line":39,"column":6},"end":{"line":44,"column":8}},"8":{"start":{"line":46,"column":4},"end":{"line":46,"column":31}},"9":{"start":{"line":50,"column":79},"end":{"line":69,"column":1}},"10":{"start":{"line":54,"column":21},"end":{"line":54,"column":34}},"11":{"start":{"line":56,"column":2},"end":{"line":68,"column":4}},"12":{"start":{"line":71,"column":15},"end":{"line":85,"column":2}}},"fnMap":{"0":{"name":"(anonymous_0)","decl":{"start":{"line":18,"column":2},"end":{"line":18,"column":3}},"loc":{"start":{"line":18,"column":28},"end":{"line":21,"column":3}},"line":18},"1":{"name":"(anonymous_1)","decl":{"start":{"line":23,"column":2},"end":{"line":23,"column":3}},"loc":{"start":{"line":23,"column":55},"end":{"line":25,"column":3}},"line":23},"2":{"name":"(anonymous_2)","decl":{"start":{"line":27,"column":2},"end":{"line":27,"column":3}},"loc":{"start":{"line":27,"column":56},"end":{"line":35,"column":3}},"line":27},"3":{"name":"(anonymous_3)","decl":{"start":{"line":37,"column":2},"end":{"line":37,"column":3}},"loc":{"start":{"line":37,"column":11},"end":{"line":47,"column":3}},"line":37},"4":{"name":"(anonymous_4)","decl":{"start":{"line":50,"column":79},"end":{"line":50,"column":80}},"loc":{"start":{"line":53,"column":6},"end":{"line":69,"column":1}},"line":53}},"branchMap":{"0":{"loc":{"start":{"line":38,"column":4},"end":{"line":45,"column":5}},"type":"if","locations":[{"start":{"line":38,"column":4},"end":{"line":45,"column":5}},{"start":{},"end":{}}],"line":38}},"s":{"0":3,"1":3,"2":2,"3":1,"4":1,"5":1,"6":5,"7":2,"8":3,"9":1,"10":2,"11":2,"12":1},"f":{"0":3,"1":2,"2":1,"3":5,"4":2},"b":{"0":[2,3]},"_coverageSchema":"1a1c01bbd47fc00a2c39e90264f33305004495a9","hash":"c3862257bd675850180265b68b10880a13dfdcc1"}
,"/home/krish/Desktop/programming/self-projects/Pockade/src/games/GameRunner.tsx": {"path":"/home/krish/Desktop/programming/self-projects/Pockade/src/games/GameRunner.tsx","statementMap":{"0":{"start":{"line":28,"column":53},"end":{"line":176,"column":1}},"1":{"start":{"line":29,"column":17},"end":{"line":29,"column":36}},"2":{"start":{"line":30,"column":16},"end":{"line":30,"column":31}},"3":{"start":{"line":31,"column":48},"end":{"line":31,"column":63}},"4":{"start":{"line":33,"column":29},"end":{"line":51,"column":3}},"5":{"start":{"line":54,"column":21},"end":{"line":54,"column":39}},"6":{"start":{"line":55,"column":4},"end":{"line":60,"column":7}},"7":{"start":{"line":63,"column":2},"end":{"line":113,"column":9}},"8":{"start":{"line":64,"column":18},"end":{"line":64,"column":22}},"9":{"start":{"line":67,"column":6},"end":{"line":67,"column":96}},"10":{"start":{"line":68,"column":6},"end":{"line":70,"column":7}},"11":{"start":{"line":69,"column":8},"end":{"line":69,"column":38}},"12":{"start":{"line":72,"column":31},"end":{"line":72,"column":62}},"13":{"start":{"line":74,"column":6},"end":{"line":74,"column":32}},"14":{"start":{"line":75,"column":6},"end":{"line":83,"column":7}},"15":{"start":{"line":80,"column":8},"end":{"line":80,"column":65}},"16":{"start":{"line":82,"column":8},"end":{"line":82,"column":58}},"17":{"start":{"line":84,"column":6},"end":{"line":84,"column":21}},"18":{"start":{"line":85,"column":6},"end":{"line":85,"column":85}},"19":{"start":{"line":88,"column":4},"end":{"line":88,"column":21}},"20":{"start":{"line":90,"column":25},"end":{"line":102,"column":6}},"21":{"start":{"line":91,"column":6},"end":{"line":93,"column":7}},"22":{"start":{"line":92,"column":8},"end":{"line":92,"column":15}},"23":{"start":{"line":95,"column":6},"end":{"line":98,"column":7}},"24":{"start":{"line":96,"column":8},"end":{"line":96,"column":24}},"25":{"start":{"line":97,"column":8},"end":{"line":97,"column":15}},"26":{"start":{"line":100,"column":6},"end":{"line":100,"column":21}},"27":{"start":{"line":101,"column":6},"end":{"line":101,"column":26}},"28":{"start":{"line":104,"column":4},"end":{"line":112,"column":6}},"29":{"start":{"line":105,"column":6},"end":{"line":105,"column":22}},"30":{"start":{"line":106,"column":6},"end":{"line":106,"column":28}},"31":{"start":{"line":107,"column":6},"end":{"line":107,"column":49}},"32":{"start":{"line":107,"column":38},"end":{"line":107,"column":47}},"33":{"start":{"line":108,"column":6},"end":{"line":108,"column":23}},"34":{"start":{"line":109,"column":6},"end":{"line":109,"column":37}},"35":{"start":{"line":110,"column":6},"end":{"line":110,"column":52}},"36":{"start":{"line":111,"column":6},"end":{"line":111,"column":35}},"37":{"start":{"line":115,"column":22},"end":{"line":118,"column":3}},"38":{"start":{"line":116,"column":4},"end":{"line":116,"column":19}},"39":{"start":{"line":117,"column":4},"end":{"line":117,"column":28}},"40":{"start":{"line":120,"column":23},"end":{"line":123,"column":3}},"41":{"start":{"line":121,"column":4},"end":{"line":121,"column":29}},"42":{"start":{"line":122,"column":4},"end":{"line":122,"column":20}},"43":{"start":{"line":125,"column":24},"end":{"line":137,"column":3}},"44":{"start":{"line":126,"column":4},"end":{"line":126,"column":39}},"45":{"start":{"line":127,"column":4},"end":{"line":127,"column":29}},"46":{"start":{"line":129,"column":4},"end":{"line":132,"column":5}},"47":{"start":{"line":130,"column":6},"end":{"line":130,"column":23}},"48":{"start":{"line":131,"column":6},"end":{"line":131,"column":13}},"49":{"start":{"line":134,"column":4},"end":{"line":134,"column":21}},"50":{"start":{"line":135,"column":4},"end":{"line":135,"column":30}},"51":{"start":{"line":136,"column":4},"end":{"line":136,"column":19}},"52":{"start":{"line":139,"column":21},"end":{"line":146,"column":3}},"53":{"start":{"line":140,"column":4},"end":{"line":140,"column":47}},"54":{"start":{"line":140,"column":36},"end":{"line":140,"column":45}},"55":{"start":{"line":141,"column":4},"end":{"line":141,"column":21}},"56":{"start":{"line":142,"column":4},"end":{"line":142,"column":35}},"57":{"start":{"line":143,"column":4},"end":{"line":143,"column":50}},"58":{"start":{"line":144,"column":4},"end":{"line":144,"column":33}},"59":{"start":{"line":145,"column":4},"end":{"line":145,"column":13}},"60":{"start":{"line":148,"column":2},"end":{"line":156,"column":5}},"61":{"start":{"line":151,"column":6},"end":{"line":153,"column":7}},"62":{"start":{"line":152,"column":8},"end":{"line":152,"column":22}},"63":{"start":{"line":154,"column":6},"end":{"line":154,"column":49}},"64":{"start":{"line":154,"column":38},"end":{"line":154,"column":47}},"65":{"start":{"line":158,"column":2},"end":{"line":175,"column":4}},"66":{"start":{"line":170,"column":10},"end":{"line":170,"column":31}},"67":{"start":{"line":178,"column":15},"end":{"line":180,"column":2}}},"fnMap":{"0":{"name":"(anonymous_0)","decl":{"start":{"line":28,"column":53},"end":{"line":28,"column":54}},"loc":{"start":{"line":28,"column":92},"end":{"line":176,"column":1}},"line":28},"1":{"name":"persistState","decl":{"start":{"line":53,"column":17},"end":{"line":53,"column":29}},"loc":{"start":{"line":53,"column":32},"end":{"line":61,"column":3}},"line":53},"2":{"name":"(anonymous_2)","decl":{"start":{"line":63,"column":12},"end":{"line":63,"column":13}},"loc":{"start":{"line":63,"column":18},"end":{"line":113,"column":3}},"line":63},"3":{"name":"mountGame","decl":{"start":{"line":66,"column":19},"end":{"line":66,"column":28}},"loc":{"start":{"line":66,"column":31},"end":{"line":86,"column":5}},"line":66},"4":{"name":"(anonymous_4)","decl":{"start":{"line":90,"column":61},"end":{"line":90,"column":62}},"loc":{"start":{"line":90,"column":76},"end":{"line":102,"column":5}},"line":90},"5":{"name":"(anonymous_5)","decl":{"start":{"line":104,"column":11},"end":{"line":104,"column":12}},"loc":{"start":{"line":104,"column":17},"end":{"line":112,"column":5}},"line":104},"6":{"name":"(anonymous_6)","decl":{"start":{"line":107,"column":32},"end":{"line":107,"column":33}},"loc":{"start":{"line":107,"column":38},"end":{"line":107,"column":47}},"line":107},"7":{"name":"(anonymous_7)","decl":{"start":{"line":115,"column":22},"end":{"line":115,"column":23}},"loc":{"start":{"line":115,"column":28},"end":{"line":118,"column":3}},"line":115},"8":{"name":"(anonymous_8)","decl":{"start":{"line":120,"column":23},"end":{"line":120,"column":24}},"loc":{"start":{"line":120,"column":29},"end":{"line":123,"column":3}},"line":120},"9":{"name":"(anonymous_9)","decl":{"start":{"line":125,"column":24},"end":{"line":125,"column":25}},"loc":{"start":{"line":125,"column":36},"end":{"line":137,"column":3}},"line":125},"10":{"name":"(anonymous_10)","decl":{"start":{"line":139,"column":21},"end":{"line":139,"column":22}},"loc":{"start":{"line":139,"column":27},"end":{"line":146,"column":3}},"line":139},"11":{"name":"(anonymous_11)","decl":{"start":{"line":140,"column":30},"end":{"line":140,"column":31}},"loc":{"start":{"line":140,"column":36},"end":{"line":140,"column":45}},"line":140},"12":{"name":"(anonymous_12)","decl":{"start":{"line":149,"column":18},"end":{"line":149,"column":19}},"loc":{"start":{"line":149,"column":24},"end":{"line":155,"column":5}},"line":149},"13":{"name":"(anonymous_13)","decl":{"start":{"line":154,"column":32},"end":{"line":154,"column":33}},"loc":{"start":{"line":154,"column":38},"end":{"line":154,"column":47}},"line":154},"14":{"name":"(anonymous_14)","decl":{"start":{"line":169,"column":19},"end":{"line":169,"column":20}},"loc":{"start":{"line":169,"column":25},"end":{"line":171,"column":9}},"line":169}},"branchMap":{"0":{"loc":{"start":{"line":67,"column":49},"end":{"line":67,"column":94}},"type":"binary-expr","locations":[{"start":{"line":67,"column":49},"end":{"line":67,"column":80}},{"start":{"line":67,"column":84},"end":{"line":67,"column":94}}],"line":67},"1":{"loc":{"start":{"line":68,"column":6},"end":{"line":70,"column":7}},"type":"if","locations":[{"start":{"line":68,"column":6},"end":{"line":70,"column":7}},{"start":{},"end":{}}],"line":68},"2":{"loc":{"start":{"line":75,"column":6},"end":{"line":83,"column":7}},"type":"if","locations":[{"start":{"line":75,"column":6},"end":{"line":83,"column":7}},{"start":{"line":81,"column":13},"end":{"line":83,"column":7}}],"line":75},"3":{"loc":{"start":{"line":76,"column":8},"end":{"line":78,"column":53}},"type":"binary-expr","locations":[{"start":{"line":76,"column":8},"end":{"line":76,"column":24}},{"start":{"line":77,"column":8},"end":{"line":77,"column":38}},{"start":{"line":78,"column":8},"end":{"line":78,"column":53}}],"line":76},"4":{"loc":{"start":{"line":91,"column":6},"end":{"line":93,"column":7}},"type":"if","locations":[{"start":{"line":91,"column":6},"end":{"line":93,"column":7}},{"start":{},"end":{}}],"line":91},"5":{"loc":{"start":{"line":95,"column":6},"end":{"line":98,"column":7}},"type":"if","locations":[{"start":{"line":95,"column":6},"end":{"line":98,"column":7}},{"start":{},"end":{}}],"line":95},"6":{"loc":{"start":{"line":129,"column":4},"end":{"line":132,"column":5}},"type":"if","locations":[{"start":{"line":129,"column":4},"end":{"line":132,"column":5}},{"start":{},"end":{}}],"line":129},"7":{"loc":{"start":{"line":151,"column":6},"end":{"line":153,"column":7}},"type":"if","locations":[{"start":{"line":151,"column":6},"end":{"line":153,"column":7}},{"start":{},"end":{}}],"line":151}},"s":{"0":1,"1":1,"2":1,"3":1,"4":1,"5":1,"6":1,"7":1,"8":1,"9":1,"10":1,"11":0,"12":1,"13":1,"14":1,"15":0,"16":1,"17":1,"18":1,"19":1,"20":1,"21":0,"22":0,"23":0,"24":0,"25":0,"26":0,"27":0,"28":1,"29":1,"30":1,"31":1,"32":0,"33":1,"34":1,"35":1,"36":1,"37":1,"38":0,"39":0,"40":1,"41":0,"42":0,"43":1,"44":0,"45":0,"46":0,"47":0,"48":0,"49":0,"50":0,"51":0,"52":1,"53":0,"54":0,"55":0,"56":0,"57":0,"58":0,"59":0,"60":1,"61":0,"62":0,"63":0,"64":0,"65":1,"66":0,"67":1},"f":{"0":1,"1":1,"2":1,"3":1,"4":0,"5":1,"6":0,"7":0,"8":0,"9":0,"10":0,"11":0,"12":0,"13":0,"14":0},"b":{"0":[1,1],"1":[0,1],"2":[0,1],"3":[1,0,0],"4":[0,0],"5":[0,0],"6":[0,0],"7":[0,0]},"_coverageSchema":"1a1c01bbd47fc00a2c39e90264f33305004495a9","hash":"e5cd158838b70d741281171d257fc9b321896d68"}
,"/home/krish/Desktop/programming/self-projects/Pockade/src/games/InGameOverlay.tsx": {"path":"/home/krish/Desktop/programming/self-projects/Pockade/src/games/InGameOverlay.tsx","statementMap":{"0":{"start":{"line":14,"column":59},"end":{"line":73,"column":1}},"1":{"start":{"line":22,"column":26},"end":{"line":22,"column":39}},"2":{"start":{"line":23,"column":44},"end":{"line":23,"column":59}},"3":{"start":{"line":25,"column":18},"end":{"line":25,"column":68}},"4":{"start":{"line":27,"column":2},"end":{"line":72,"column":4}},"5":{"start":{"line":43,"column":29},"end":{"line":43,"column":50}},"6":{"start":{"line":58,"column":16},"end":{"line":60,"column":29}},"7":{"start":{"line":67,"column":49},"end":{"line":67,"column":71}},"8":{"start":{"line":75,"column":15},"end":{"line":107,"column":2}}},"fnMap":{"0":{"name":"(anonymous_0)","decl":{"start":{"line":14,"column":59},"end":{"line":14,"column":60}},"loc":{"start":{"line":21,"column":6},"end":{"line":73,"column":1}},"line":21},"1":{"name":"(anonymous_1)","decl":{"start":{"line":43,"column":23},"end":{"line":43,"column":24}},"loc":{"start":{"line":43,"column":29},"end":{"line":43,"column":50}},"line":43},"2":{"name":"(anonymous_2)","decl":{"start":{"line":57,"column":24},"end":{"line":57,"column":25}},"loc":{"start":{"line":58,"column":16},"end":{"line":60,"column":29}},"line":58},"3":{"name":"(anonymous_3)","decl":{"start":{"line":67,"column":43},"end":{"line":67,"column":44}},"loc":{"start":{"line":67,"column":49},"end":{"line":67,"column":71}},"line":67}},"branchMap":{"0":{"loc":{"start":{"line":20,"column":2},"end":{"line":20,"column":12}},"type":"default-arg","locations":[{"start":{"line":20,"column":10},"end":{"line":20,"column":12}}],"line":20},"1":{"loc":{"start":{"line":25,"column":18},"end":{"line":25,"column":68}},"type":"cond-expr","locations":[{"start":{"line":25,"column":43},"end":{"line":25,"column":54}},{"start":{"line":25,"column":57},"end":{"line":25,"column":68}}],"line":25},"2":{"loc":{"start":{"line":29,"column":7},"end":{"line":33,"column":7}},"type":"binary-expr","locations":[{"start":{"line":29,"column":7},"end":{"line":29,"column":17}},{"start":{"line":30,"column":8},"end":{"line":32,"column":15}}],"line":29},"3":{"loc":{"start":{"line":56,"column":13},"end":{"line":66,"column":13}},"type":"cond-expr","locations":[{"start":{"line":57,"column":14},"end":{"line":61,"column":16}},{"start":{"line":63,"column":14},"end":{"line":65,"column":27}}],"line":56}},"s":{"0":1,"1":1,"2":1,"3":1,"4":1,"5":0,"6":0,"7":0,"8":1},"f":{"0":1,"1":0,"2":0,"3":0},"b":{"0":[1],"1":[0,1],"2":[1,1],"3":[0,1]},"_coverageSchema":"1a1c01bbd47fc00a2c39e90264f33305004495a9","hash":"572433efcf5d5bbce9555bcb18465dc0e1fe4aba"}
,"/home/krish/Desktop/programming/self-projects/Pockade/src/games/catalog.ts": {"path":"/home/krish/Desktop/programming/self-projects/Pockade/src/games/catalog.ts","statementMap":{"0":{"start":{"line":3,"column":48},"end":{"line":40,"column":1}},"1":{"start":{"line":43,"column":2},"end":{"line":43,"column":67}},"2":{"start":{"line":43,"column":38},"end":{"line":43,"column":57}}},"fnMap":{"0":{"name":"getGameCatalogEntry","decl":{"start":{"line":42,"column":16},"end":{"line":42,"column":35}},"loc":{"start":{"line":42,"column":52},"end":{"line":44,"column":1}},"line":42},"1":{"name":"(anonymous_1)","decl":{"start":{"line":43,"column":27},"end":{"line":43,"column":28}},"loc":{"start":{"line":43,"column":38},"end":{"line":43,"column":57}},"line":43}},"branchMap":{"0":{"loc":{"start":{"line":43,"column":9},"end":{"line":43,"column":66}},"type":"binary-expr","locations":[{"start":{"line":43,"column":9},"end":{"line":43,"column":58}},{"start":{"line":43,"column":62},"end":{"line":43,"column":66}}],"line":43}},"s":{"0":0,"1":0,"2":0},"f":{"0":0,"1":0},"b":{"0":[0,0]}}
,"/home/krish/Desktop/programming/self-projects/Pockade/src/games/contracts.ts": {"path":"/home/krish/Desktop/programming/self-projects/Pockade/src/games/contracts.ts","statementMap":{},"fnMap":{},"branchMap":{},"s":{},"f":{},"b":{}}
,"/home/krish/Desktop/programming/self-projects/Pockade/src/managers/audio.ts": {"path":"/home/krish/Desktop/programming/self-projects/Pockade/src/managers/audio.ts","statementMap":{"0":{"start":{"line":6,"column":26},"end":{"line":6,"column":31}},"1":{"start":{"line":7,"column":20},"end":{"line":7,"column":50}},"2":{"start":{"line":8,"column":60},"end":{"line":8,"column":64}},"3":{"start":{"line":9,"column":50},"end":{"line":9,"column":54}},"4":{"start":{"line":12,"column":4},"end":{"line":14,"column":5}},"5":{"start":{"line":13,"column":6},"end":{"line":13,"column":13}},"6":{"start":{"line":16,"column":4},"end":{"line":38,"column":5}},"7":{"start":{"line":17,"column":6},"end":{"line":23,"column":9}},"8":{"start":{"line":26,"column":6},"end":{"line":32,"column":9}},"9":{"start":{"line":27,"column":8},"end":{"line":31,"column":9}},"10":{"start":{"line":28,"column":10},"end":{"line":28,"column":31}},"11":{"start":{"line":29,"column":15},"end":{"line":31,"column":9}},"12":{"start":{"line":30,"column":10},"end":{"line":30,"column":32}},"13":{"start":{"line":34,"column":6},"end":{"line":34,"column":32}},"14":{"start":{"line":35,"column":6},"end":{"line":35,"column":52}},"15":{"start":{"line":37,"column":6},"end":{"line":37,"column":87}},"16":{"start":{"line":42,"column":4},"end":{"line":44,"column":5}},"17":{"start":{"line":43,"column":6},"end":{"line":43,"column":13}},"18":{"start":{"line":46,"column":4},"end":{"line":51,"column":5}},"19":{"start":{"line":47,"column":24},"end":{"line":47,"column":61}},"20":{"start":{"line":48,"column":6},"end":{"line":48,"column":35}},"21":{"start":{"line":50,"column":6},"end":{"line":50,"column":84}},"22":{"start":{"line":55,"column":4},"end":{"line":57,"column":5}},"23":{"start":{"line":56,"column":6},"end":{"line":56,"column":13}},"24":{"start":{"line":59,"column":4},"end":{"line":61,"column":5}},"25":{"start":{"line":60,"column":6},"end":{"line":60,"column":30}},"26":{"start":{"line":63,"column":18},"end":{"line":63,"column":39}},"27":{"start":{"line":64,"column":4},"end":{"line":67,"column":5}},"28":{"start":{"line":65,"column":6},"end":{"line":65,"column":53}},"29":{"start":{"line":66,"column":6},"end":{"line":66,"column":13}},"30":{"start":{"line":69,"column":4},"end":{"line":73,"column":5}},"31":{"start":{"line":70,"column":6},"end":{"line":70,"column":32}},"32":{"start":{"line":72,"column":6},"end":{"line":72,"column":80}},"33":{"start":{"line":77,"column":4},"end":{"line":79,"column":5}},"34":{"start":{"line":78,"column":6},"end":{"line":78,"column":30}},"35":{"start":{"line":81,"column":4},"end":{"line":87,"column":5}},"36":{"start":{"line":83,"column":6},"end":{"line":85,"column":7}},"37":{"start":{"line":84,"column":8},"end":{"line":84,"column":31}},"38":{"start":{"line":86,"column":6},"end":{"line":86,"column":13}},"39":{"start":{"line":89,"column":4},"end":{"line":89,"column":25}},"40":{"start":{"line":91,"column":4},"end":{"line":100,"column":5}},"41":{"start":{"line":92,"column":24},"end":{"line":95,"column":8}},"42":{"start":{"line":97,"column":6},"end":{"line":97,"column":32}},"43":{"start":{"line":99,"column":6},"end":{"line":99,"column":81}},"44":{"start":{"line":104,"column":4},"end":{"line":109,"column":5}},"45":{"start":{"line":105,"column":21},"end":{"line":105,"column":58}},"46":{"start":{"line":106,"column":6},"end":{"line":108,"column":7}},"47":{"start":{"line":107,"column":8},"end":{"line":107,"column":42}},"48":{"start":{"line":113,"column":4},"end":{"line":118,"column":5}},"49":{"start":{"line":114,"column":21},"end":{"line":114,"column":58}},"50":{"start":{"line":115,"column":6},"end":{"line":117,"column":7}},"51":{"start":{"line":116,"column":8},"end":{"line":116,"column":41}},"52":{"start":{"line":122,"column":4},"end":{"line":130,"column":5}},"53":{"start":{"line":123,"column":6},"end":{"line":128,"column":7}},"54":{"start":{"line":124,"column":8},"end":{"line":124,"column":41}},"55":{"start":{"line":125,"column":8},"end":{"line":125,"column":43}},"56":{"start":{"line":127,"column":8},"end":{"line":127,"column":81}},"57":{"start":{"line":129,"column":6},"end":{"line":129,"column":22}},"58":{"start":{"line":134,"column":4},"end":{"line":134,"column":25}},"59":{"start":{"line":136,"column":27},"end":{"line":138,"column":5}},"60":{"start":{"line":137,"column":6},"end":{"line":137,"column":48}},"61":{"start":{"line":137,"column":38},"end":{"line":137,"column":47}},"62":{"start":{"line":139,"column":4},"end":{"line":139,"column":38}},"63":{"start":{"line":140,"column":4},"end":{"line":140,"column":25}},"64":{"start":{"line":142,"column":4},"end":{"line":145,"column":5}},"65":{"start":{"line":143,"column":6},"end":{"line":143,"column":30}},"66":{"start":{"line":144,"column":6},"end":{"line":144,"column":35}},"67":{"start":{"line":147,"column":4},"end":{"line":147,"column":31}},"68":{"start":{"line":151,"column":27},"end":{"line":151,"column":49}}},"fnMap":{"0":{"name":"(anonymous_0)","decl":{"start":{"line":11,"column":2},"end":{"line":11,"column":3}},"loc":{"start":{"line":11,"column":21},"end":{"line":39,"column":3}},"line":11},"1":{"name":"(anonymous_1)","decl":{"start":{"line":26,"column":54},"end":{"line":26,"column":55}},"loc":{"start":{"line":26,"column":73},"end":{"line":32,"column":7}},"line":26},"2":{"name":"(anonymous_2)","decl":{"start":{"line":41,"column":2},"end":{"line":41,"column":3}},"loc":{"start":{"line":41,"column":45},"end":{"line":52,"column":3}},"line":41},"3":{"name":"(anonymous_3)","decl":{"start":{"line":54,"column":2},"end":{"line":54,"column":3}},"loc":{"start":{"line":54,"column":29},"end":{"line":74,"column":3}},"line":54},"4":{"name":"(anonymous_4)","decl":{"start":{"line":76,"column":2},"end":{"line":76,"column":3}},"loc":{"start":{"line":76,"column":42},"end":{"line":101,"column":3}},"line":76},"5":{"name":"(anonymous_5)","decl":{"start":{"line":103,"column":2},"end":{"line":103,"column":3}},"loc":{"start":{"line":103,"column":19},"end":{"line":110,"column":3}},"line":103},"6":{"name":"(anonymous_6)","decl":{"start":{"line":112,"column":2},"end":{"line":112,"column":3}},"loc":{"start":{"line":112,"column":20},"end":{"line":119,"column":3}},"line":112},"7":{"name":"(anonymous_7)","decl":{"start":{"line":121,"column":2},"end":{"line":121,"column":3}},"loc":{"start":{"line":121,"column":18},"end":{"line":131,"column":3}},"line":121},"8":{"name":"(anonymous_8)","decl":{"start":{"line":133,"column":2},"end":{"line":133,"column":3}},"loc":{"start":{"line":133,"column":20},"end":{"line":148,"column":3}},"line":133},"9":{"name":"(anonymous_9)","decl":{"start":{"line":136,"column":65},"end":{"line":136,"column":66}},"loc":{"start":{"line":137,"column":6},"end":{"line":137,"column":48}},"line":137},"10":{"name":"(anonymous_10)","decl":{"start":{"line":137,"column":32},"end":{"line":137,"column":33}},"loc":{"start":{"line":137,"column":38},"end":{"line":137,"column":47}},"line":137}},"branchMap":{"0":{"loc":{"start":{"line":12,"column":4},"end":{"line":14,"column":5}},"type":"if","locations":[{"start":{"line":12,"column":4},"end":{"line":14,"column":5}},{"start":{},"end":{}}],"line":12},"1":{"loc":{"start":{"line":27,"column":8},"end":{"line":31,"column":9}},"type":"if","locations":[{"start":{"line":27,"column":8},"end":{"line":31,"column":9}},{"start":{"line":29,"column":15},"end":{"line":31,"column":9}}],"line":27},"2":{"loc":{"start":{"line":27,"column":12},"end":{"line":27,"column":54}},"type":"binary-expr","locations":[{"start":{"line":27,"column":12},"end":{"line":27,"column":33}},{"start":{"line":27,"column":37},"end":{"line":27,"column":54}}],"line":27},"3":{"loc":{"start":{"line":29,"column":15},"end":{"line":31,"column":9}},"type":"if","locations":[{"start":{"line":29,"column":15},"end":{"line":31,"column":9}},{"start":{},"end":{}}],"line":29},"4":{"loc":{"start":{"line":29,"column":19},"end":{"line":29,"column":61}},"type":"binary-expr","locations":[{"start":{"line":29,"column":19},"end":{"line":29,"column":39}},{"start":{"line":29,"column":43},"end":{"line":29,"column":61}}],"line":29},"5":{"loc":{"start":{"line":42,"column":4},"end":{"line":44,"column":5}},"type":"if","locations":[{"start":{"line":42,"column":4},"end":{"line":44,"column":5}},{"start":{},"end":{}}],"line":42},"6":{"loc":{"start":{"line":55,"column":4},"end":{"line":57,"column":5}},"type":"if","locations":[{"start":{"line":55,"column":4},"end":{"line":57,"column":5}},{"start":{},"end":{}}],"line":55},"7":{"loc":{"start":{"line":59,"column":4},"end":{"line":61,"column":5}},"type":"if","locations":[{"start":{"line":59,"column":4},"end":{"line":61,"column":5}},{"start":{},"end":{}}],"line":59},"8":{"loc":{"start":{"line":64,"column":4},"end":{"line":67,"column":5}},"type":"if","locations":[{"start":{"line":64,"column":4},"end":{"line":67,"column":5}},{"start":{},"end":{}}],"line":64},"9":{"loc":{"start":{"line":77,"column":4},"end":{"line":79,"column":5}},"type":"if","locations":[{"start":{"line":77,"column":4},"end":{"line":79,"column":5}},{"start":{},"end":{}}],"line":77},"10":{"loc":{"start":{"line":81,"column":4},"end":{"line":87,"column":5}},"type":"if","locations":[{"start":{"line":81,"column":4},"end":{"line":87,"column":5}},{"start":{},"end":{}}],"line":81},"11":{"loc":{"start":{"line":83,"column":6},"end":{"line":85,"column":7}},"type":"if","locations":[{"start":{"line":83,"column":6},"end":{"line":85,"column":7}},{"start":{},"end":{}}],"line":83},"12":{"loc":{"start":{"line":104,"column":4},"end":{"line":109,"column":5}},"type":"if","locations":[{"start":{"line":104,"column":4},"end":{"line":109,"column":5}},{"start":{},"end":{}}],"line":104},"13":{"loc":{"start":{"line":106,"column":6},"end":{"line":108,"column":7}},"type":"if","locations":[{"start":{"line":106,"column":6},"end":{"line":108,"column":7}},{"start":{},"end":{}}],"line":106},"14":{"loc":{"start":{"line":106,"column":10},"end":{"line":106,"column":45}},"type":"binary-expr","locations":[{"start":{"line":106,"column":10},"end":{"line":106,"column":25}},{"start":{"line":106,"column":29},"end":{"line":106,"column":45}}],"line":106},"15":{"loc":{"start":{"line":113,"column":4},"end":{"line":118,"column":5}},"type":"if","locations":[{"start":{"line":113,"column":4},"end":{"line":118,"column":5}},{"start":{},"end":{}}],"line":113},"16":{"loc":{"start":{"line":113,"column":8},"end":{"line":113,"column":64}},"type":"binary-expr","locations":[{"start":{"line":113,"column":8},"end":{"line":113,"column":23}},{"start":{"line":113,"column":27},"end":{"line":113,"column":64}}],"line":113},"17":{"loc":{"start":{"line":115,"column":6},"end":{"line":117,"column":7}},"type":"if","locations":[{"start":{"line":115,"column":6},"end":{"line":117,"column":7}},{"start":{},"end":{}}],"line":115},"18":{"loc":{"start":{"line":115,"column":10},"end":{"line":115,"column":46}},"type":"binary-expr","locations":[{"start":{"line":115,"column":10},"end":{"line":115,"column":25}},{"start":{"line":115,"column":29},"end":{"line":115,"column":46}}],"line":115},"19":{"loc":{"start":{"line":122,"column":4},"end":{"line":130,"column":5}},"type":"if","locations":[{"start":{"line":122,"column":4},"end":{"line":130,"column":5}},{"start":{},"end":{}}],"line":122},"20":{"loc":{"start":{"line":142,"column":4},"end":{"line":145,"column":5}},"type":"if","locations":[{"start":{"line":142,"column":4},"end":{"line":145,"column":5}},{"start":{},"end":{}}],"line":142}},"s":{"0":1,"1":1,"2":1,"3":1,"4":4,"5":0,"6":4,"7":4,"8":4,"9":4,"10":1,"11":3,"12":0,"13":4,"14":4,"15":0,"16":2,"17":0,"18":2,"19":2,"20":2,"21":0,"22":2,"23":1,"24":1,"25":1,"26":1,"27":1,"28":0,"29":0,"30":1,"31":1,"32":0,"33":3,"34":2,"35":3,"36":0,"37":0,"38":0,"39":3,"40":3,"41":3,"42":3,"43":0,"44":1,"45":1,"46":1,"47":1,"48":0,"49":0,"50":0,"51":0,"52":8,"53":2,"54":2,"55":2,"56":0,"57":2,"58":5,"59":5,"60":2,"61":0,"62":5,"63":5,"64":5,"65":3,"66":3,"67":5,"68":1},"f":{"0":4,"1":4,"2":2,"3":2,"4":3,"5":1,"6":0,"7":8,"8":5,"9":2,"10":0},"b":{"0":[0,4],"1":[1,3],"2":[4,1],"3":[0,3],"4":[3,3],"5":[0,2],"6":[1,1],"7":[1,0],"8":[0,1],"9":[2,1],"10":[0,3],"11":[0,0],"12":[1,0],"13":[1,0],"14":[1,1],"15":[0,0],"16":[0,0],"17":[0,0],"18":[0,0],"19":[2,6],"20":[3,2]},"_coverageSchema":"1a1c01bbd47fc00a2c39e90264f33305004495a9","hash":"c6a650e22eba64027b1942ac16b079f309a396fb"}
[...]
,"/home/krish/Desktop/programming/self-projects/Pockade/src/ui/BitMascot.tsx": {"path":"/home/krish/Desktop/programming/self-projects/Pockade/src/ui/BitMascot.tsx","statementMap":{"0":{"start":{"line":12,"column":51},"end":{"line":52,"column":1}},"1":{"start":{"line":13,"column":21},"end":{"line":13,"column":34}},"2":{"start":{"line":14,"column":18},"end":{"line":14,"column":35}},"3":{"start":{"line":16,"column":2},"end":{"line":25,"column":9}},"4":{"start":{"line":17,"column":4},"end":{"line":24,"column":6}},"5":{"start":{"line":27,"column":24},"end":{"line":31,"column":5}},"6":{"start":{"line":27,"column":48},"end":{"line":31,"column":3}},"7":{"start":{"line":33,"column":21},"end":{"line":33,"column":75}},"8":{"start":{"line":35,"column":2},"end":{"line":51,"column":4}},"9":{"start":{"line":54,"column":15},"end":{"line":59,"column":2}}},"fnMap":{"0":{"name":"(anonymous_0)","decl":{"start":{"line":12,"column":51},"end":{"line":12,"column":52}},"loc":{"start":{"line":12,"column":89},"end":{"line":52,"column":1}},"line":12},"1":{"name":"(anonymous_1)","decl":{"start":{"line":16,"column":12},"end":{"line":16,"column":13}},"loc":{"start":{"line":16,"column":18},"end":{"line":25,"column":3}},"line":16},"2":{"name":"(anonymous_2)","decl":{"start":{"line":27,"column":41},"end":{"line":27,"column":42}},"loc":{"start":{"line":27,"column":48},"end":{"line":31,"column":3}},"line":27}},"branchMap":{"0":{"loc":{"start":{"line":12,"column":54},"end":{"line":12,"column":64}},"type":"default-arg","locations":[{"start":{"line":12,"column":61},"end":{"line":12,"column":64}}],"line":12},"1":{"loc":{"start":{"line":12,"column":66},"end":{"line":12,"column":82}},"type":"default-arg","locations":[{"start":{"line":12,"column":76},"end":{"line":12,"column":82}}],"line":12},"2":{"loc":{"start":{"line":33,"column":21},"end":{"line":33,"column":75}},"type":"cond-expr","locations":[{"start":{"line":33,"column":41},"end":{"line":33,"column":42}},{"start":{"line":33,"column":46},"end":{"line":33,"column":74}}],"line":33},"3":{"loc":{"start":{"line":33,"column":46},"end":{"line":33,"column":74}},"type":"cond-expr","locations":[{"start":{"line":33,"column":68},"end":{"line":33,"column":70}},{"start":{"line":33,"column":73},"end":{"line":33,"column":74}}],"line":33}},"s":{"0":0,"1":0,"2":0,"3":0,"4":0,"5":0,"6":0,"7":0,"8":0,"9":0},"f":{"0":0,"1":0,"2":0},"b":{"0":[0],"1":[0],"2":[0,0],"3":[0,0]}}
,"/home/krish/Desktop/programming/self-projects/Pockade/src/ui/Button.tsx": {"path":"/home/krish/Desktop/programming/self-projects/Pockade/src/ui/Button.tsx","statementMap":{"0":{"start":{"line":15,"column":26},"end":{"line":15,"column":69}},"1":{"start":{"line":17,"column":45},"end":{"line":59,"column":1}},"2":{"start":{"line":18,"column":34},"end":{"line":18,"column":47}},"3":{"start":{"line":19,"column":16},"end":{"line":19,"column":33}},"4":{"start":{"line":20,"column":38},"end":{"line":20,"column":71}},"5":{"start":{"line":22,"column":24},"end":{"line":22,"column":65}},"6":{"start":{"line":22,"column":32},"end":{"line":22,"column":63}},"7":{"start":{"line":23,"column":25},"end":{"line":23,"column":63}},"8":{"start":{"line":23,"column":33},"end":{"line":23,"column":61}},"9":{"start":{"line":25,"column":24},"end":{"line":27,"column":5}},"10":{"start":{"line":25,"column":48},"end":{"line":27,"column":3}},"11":{"start":{"line":29,"column":18},"end":{"line":29,"column":33}},"12":{"start":{"line":30,"column":17},"end":{"line":30,"column":39}},"13":{"start":{"line":32,"column":19},"end":{"line":37,"column":3}},"14":{"start":{"line":33,"column":4},"end":{"line":36,"column":7}},"15":{"start":{"line":39,"column":2},"end":{"line":58,"column":4}},"16":{"start":{"line":61,"column":15},"end":{"line":71,"column":2}}},"fnMap":{"0":{"name":"(anonymous_0)","decl":{"start":{"line":17,"column":45},"end":{"line":17,"column":46}},"loc":{"start":{"line":17,"column":97},"end":{"line":59,"column":1}},"line":17},"1":{"name":"(anonymous_1)","decl":{"start":{"line":22,"column":24},"end":{"line":22,"column":25}},"loc":{"start":{"line":22,"column":30},"end":{"line":22,"column":65}},"line":22},"2":{"name":"(anonymous_2)","decl":{"start":{"line":23,"column":25},"end":{"line":23,"column":26}},"loc":{"start":{"line":23,"column":31},"end":{"line":23,"column":63}},"line":23},"3":{"name":"(anonymous_3)","decl":{"start":{"line":25,"column":41},"end":{"line":25,"column":42}},"loc":{"start":{"line":25,"column":48},"end":{"line":27,"column":3}},"line":25},"4":{"name":"(anonymous_4)","decl":{"start":{"line":32,"column":19},"end":{"line":32,"column":20}},"loc":{"start":{"line":32,"column":49},"end":{"line":37,"column":3}},"line":32}},"branchMap":{"0":{"loc":{"start":{"line":17,"column":64},"end":{"line":17,"column":83}},"type":"default-arg","locations":[{"start":{"line":17,"column":74},"end":{"line":17,"column":83}}],"line":17},"1":{"loc":{"start":{"line":48,"column":7},"end":{"line":55,"column":7}},"type":"binary-expr","locations":[{"start":{"line":48,"column":7},"end":{"line":48,"column":27}},{"start":{"line":48,"column":31},"end":{"line":48,"column":52}},{"start":{"line":49,"column":8},"end":{"line":54,"column":17}}],"line":48},"2":{"loc":{"start":{"line":51,"column":50},"end":{"line":51,"column":84}},"type":"cond-expr","locations":[{"start":{"line":51,"column":59},"end":{"line":51,"column":70}},{"start":{"line":51,"column":73},"end":{"line":51,"column":84}}],"line":51},"3":{"loc":{"start":{"line":52,"column":52},"end":{"line":52,"column":86}},"type":"cond-expr","locations":[{"start":{"line":52,"column":61},"end":{"line":52,"column":72}},{"start":{"line":52,"column":75},"end":{"line":52,"column":86}}],"line":52}},"s":{"0":1,"1":1,"2":1,"3":1,"4":1,"5":1,"6":0,"7":1,"8":0,"9":1,"10":2,"11":1,"12":1,"13":1,"14":0,"15":1,"16":1},"f":{"0":1,"1":0,"2":0,"3":2,"4":0},"b":{"0":[1],"1":[1,0,0],"2":[0,0],"3":[0,0]},"_coverageSchema":"1a1c01bbd47fc00a2c39e90264f33305004495a9","hash":"940f156376c95f33a764295c9819d4cf25faf270"}
,"/home/krish/Desktop/programming/self-projects/Pockade/src/ui/Card.tsx": {"path":"/home/krish/Desktop/programming/self-projects/Pockade/src/ui/Card.tsx","statementMap":{"0":{"start":{"line":11,"column":41},"end":{"line":38,"column":1}},"1":{"start":{"line":12,"column":34},"end":{"line":12,"column":47}},"2":{"start":{"line":13,"column":38},"end":{"line":13,"column":71}},"3":{"start":{"line":14,"column":17},"end":{"line":14,"column":39}},"4":{"start":{"line":16,"column":19},"end":{"line":21,"column":3}},"5":{"start":{"line":17,"column":4},"end":{"line":20,"column":7}},"6":{"start":{"line":23,"column":2},"end":{"line":37,"column":4}},"7":{"start":{"line":40,"column":15},"end":{"line":49,"column":2}}},"fnMap":{"0":{"name":"(anonymous_0)","decl":{"start":{"line":11,"column":41},"end":{"line":11,"column":42}},"loc":{"start":{"line":11,"column":66},"end":{"line":38,"column":1}},"line":11},"1":{"name":"(anonymous_1)","decl":{"start":{"line":16,"column":19},"end":{"line":16,"column":20}},"loc":{"start":{"line":16,"column":49},"end":{"line":21,"column":3}},"line":16}},"branchMap":{"0":{"loc":{"start":{"line":25,"column":7},"end":{"line":32,"column":7}},"type":"binary-expr","locations":[{"start":{"line":25,"column":7},"end":{"line":25,"column":27}},{"start":{"line":25,"column":31},"end":{"line":25,"column":52}},{"start":{"line":26,"column":8},"end":{"line":31,"column":17}}],"line":25},"1":{"loc":{"start":{"line":28,"column":51},"end":{"line":28,"column":85}},"type":"cond-expr","locations":[{"start":{"line":28,"column":60},"end":{"line":28,"column":71}},{"start":{"line":28,"column":74},"end":{"line":28,"column":85}}],"line":28},"2":{"loc":{"start":{"line":29,"column":53},"end":{"line":29,"column":85}},"type":"cond-expr","locations":[{"start":{"line":29,"column":62},"end":{"line":29,"column":73}},{"start":{"line":29,"column":76},"end":{"line":29,"column":85}}],"line":29}},"s":{"0":1,"1":1,"2":1,"3":1,"4":1,"5":0,"6":1,"7":1},"f":{"0":1,"1":0},"b":{"0":[1,0,0],"1":[0,0],"2":[0,0]},"_coverageSchema":"1a1c01bbd47fc00a2c39e90264f33305004495a9","hash":"5a3c3b8989ce703d16ad6d21dd6c311abeb88ffa"}
,"/home/krish/Desktop/programming/self-projects/Pockade/src/ui/PerformanceMonitor.tsx": {"path":"/home/krish/Desktop/programming/self-projects/Pockade/src/ui/PerformanceMonitor.tsx","statementMap":{"0":{"start":{"line":8,"column":24},"end":{"line":38,"column":1}},"1":{"start":{"line":9,"column":32},"end":{"line":9,"column":68}},"2":{"start":{"line":11,"column":2},"end":{"line":35,"column":9}},"3":{"start":{"line":12,"column":24},"end":{"line":12,"column":41}},"4":{"start":{"line":13,"column":21},"end":{"line":13,"column":22}},"5":{"start":{"line":14,"column":29},"end":{"line":14,"column":30}},"6":{"start":{"line":17,"column":17},"end":{"line":31,"column":5}},"7":{"start":{"line":18,"column":18},"end":{"line":18,"column":35}},"8":{"start":{"line":19,"column":6},"end":{"line":19,"column":48}},"9":{"start":{"line":20,"column":6},"end":{"line":20,"column":19}},"10":{"start":{"line":21,"column":6},"end":{"line":28,"column":7}},"11":{"start":{"line":22,"column":8},"end":{"line":25,"column":11}},"12":{"start":{"line":26,"column":8},"end":{"line":26,"column":23}},"13":{"start":{"line":27,"column":8},"end":{"line":27,"column":31}},"14":{"start":{"line":29,"column":6},"end":{"line":29,"column":26}},"15":{"start":{"line":30,"column":6},"end":{"line":30,"column":53}},"16":{"start":{"line":33,"column":4},"end":{"line":33,"column":51}},"17":{"start":{"line":34,"column":4},"end":{"line":34,"column":56}},"18":{"start":{"line":34,"column":17},"end":{"line":34,"column":55}},"19":{"start":{"line":37,"column":2},"end":{"line":37,"column":17}},"20":{"start":{"line":40,"column":44},"end":{"line":74,"column":1}},"21":{"start":{"line":41,"column":42},"end":{"line":41,"column":57}},"22":{"start":{"line":42,"column":21},"end":{"line":42,"column":34}},"23":{"start":{"line":43,"column":27},"end":{"line":43,"column":44}},"24":{"start":{"line":44,"column":40},"end":{"line":44,"column":69}},"25":{"start":{"line":45,"column":36},"end":{"line":45,"column":51}},"26":{"start":{"line":47,"column":2},"end":{"line":63,"column":36}},"27":{"start":{"line":48,"column":4},"end":{"line":50,"column":5}},"28":{"start":{"line":49,"column":6},"end":{"line":49,"column":13}},"29":{"start":{"line":52,"column":4},"end":{"line":58,"column":9}},"30":{"start":{"line":54,"column":8},"end":{"line":54,"column":56}},"31":{"start":{"line":57,"column":8},"end":{"line":57,"column":29}},"32":{"start":{"line":60,"column":4},"end":{"line":62,"column":7}},"33":{"start":{"line":61,"column":6},"end":{"line":61,"column":54}},"34":{"start":{"line":65,"column":2},"end":{"line":65,"column":60}},"35":{"start":{"line":65,"column":48},"end":{"line":65,"column":60}},"36":{"start":{"line":67,"column":2},"end":{"line":73,"column":4}},"37":{"start":{"line":76,"column":15},"end":{"line":86,"column":2}}},"fnMap":{"0":{"name":"(anonymous_0)","decl":{"start":{"line":8,"column":24},"end":{"line":8,"column":25}},"loc":{"start":{"line":8,"column":30},"end":{"line":38,"column":1}},"line":8},"1":{"name":"(anonymous_1)","decl":{"start":{"line":11,"column":12},"end":{"line":11,"column":13}},"loc":{"start":{"line":11,"column":18},"end":{"line":35,"column":3}},"line":11},"2":{"name":"(anonymous_2)","decl":{"start":{"line":17,"column":17},"end":{"line":17,"column":18}},"loc":{"start":{"line":17,"column":23},"end":{"line":31,"column":5}},"line":17},"3":{"name":"(anonymous_3)","decl":{"start":{"line":34,"column":11},"end":{"line":34,"column":12}},"loc":{"start":{"line":34,"column":17},"end":{"line":34,"column":55}},"line":34},"4":{"name":"(anonymous_4)","decl":{"start":{"line":40,"column":44},"end":{"line":40,"column":45}},"loc":{"start":{"line":40,"column":50},"end":{"line":74,"column":1}},"line":40},"5":{"name":"(anonymous_5)","decl":{"start":{"line":47,"column":12},"end":{"line":47,"column":13}},"loc":{"start":{"line":47,"column":18},"end":{"line":63,"column":3}},"line":47},"6":{"name":"(anonymous_6)","decl":{"start":{"line":53,"column":12},"end":{"line":53,"column":13}},"loc":{"start":{"line":53,"column":23},"end":{"line":55,"column":7}},"line":53},"7":{"name":"(anonymous_7)","decl":{"start":{"line":56,"column":13},"end":{"line":56,"column":14}},"loc":{"start":{"line":56,"column":19},"end":{"line":58,"column":7}},"line":56},"8":{"name":"(anonymous_8)","decl":{"start":{"line":60,"column":32},"end":{"line":60,"column":33}},"loc":{"start":{"line":60,"column":46},"end":{"line":62,"column":5}},"line":60}},"branchMap":{"0":{"loc":{"start":{"line":21,"column":6},"end":{"line":28,"column":7}},"type":"if","locations":[{"start":{"line":21,"column":6},"end":{"line":28,"column":7}},{"start":{},"end":{}}],"line":21},"1":{"loc":{"start":{"line":48,"column":4},"end":{"line":50,"column":5}},"type":"if","locations":[{"start":{"line":48,"column":4},"end":{"line":50,"column":5}},{"start":{},"end":{}}],"line":48},"2":{"loc":{"start":{"line":48,"column":8},"end":{"line":48,"column":48}},"type":"binary-expr","locations":[{"start":{"line":48,"column":8},"end":{"line":48,"column":16}},{"start":{"line":48,"column":20},"end":{"line":48,"column":48}}],"line":48},"3":{"loc":{"start":{"line":65,"column":2},"end":{"line":65,"column":60}},"type":"if","locations":[{"start":{"line":65,"column":2},"end":{"line":65,"column":60}},{"start":{},"end":{}}],"line":65},"4":{"loc":{"start":{"line":65,"column":6},"end":{"line":65,"column":46}},"type":"binary-expr","locations":[{"start":{"line":65,"column":6},"end":{"line":65,"column":14}},{"start":{"line":65,"column":18},"end":{"line":65,"column":46}}],"line":65},"5":{"loc":{"start":{"line":70,"column":44},"end":{"line":70,"column":63}},"type":"binary-expr","locations":[{"start":{"line":70,"column":44},"end":{"line":70,"column":55}},{"start":{"line":70,"column":59},"end":{"line":70,"column":63}}],"line":70},"6":{"loc":{"start":{"line":70,"column":75},"end":{"line":70,"column":99}},"type":"cond-expr","locations":[{"start":{"line":70,"column":87},"end":{"line":70,"column":91}},{"start":{"line":70,"column":94},"end":{"line":70,"column":99}}],"line":70}},"s":{"0":0,"1":0,"2":0,"3":0,"4":0,"5":0,"6":0,"7":0,"8":0,"9":0,"10":0,"11":0,"12":0,"13":0,"14":0,"15":0,"16":0,"17":0,"18":0,"19":0,"20":0,"21":0,"22":0,"23":0,"24":0,"25":0,"26":0,"27":0,"28":0,"29":0,"30":0,"31":0,"32":0,"33":0,"34":0,"35":0,"36":0,"37":0},"f":{"0":0,"1":0,"2":0,"3":0,"4":0,"5":0,"6":0,"7":0,"8":0},"b":{"0":[0,0],"1":[0,0],"2":[0,0],"3":[0,0],"4":[0,0],"5":[0,0],"6":[0,0]}}
,"/home/krish/Desktop/programming/self-projects/Pockade/src/ui/Typography.tsx": {"path":"/home/krish/Desktop/programming/self-projects/Pockade/src/ui/Typography.tsx","statementMap":{"0":{"start":{"line":12,"column":53},"end":{"line":46,"column":1}},"1":{"start":{"line":21,"column":21},"end":{"line":21,"column":34}},"2":{"start":{"line":23,"column":24},"end":{"line":28,"column":3}},"3":{"start":{"line":30,"column":2},"end":{"line":45,"column":4}}},"fnMap":{"0":{"name":"(anonymous_0)","decl":{"start":{"line":12,"column":53},"end":{"line":12,"column":54}},"loc":{"start":{"line":20,"column":6},"end":{"line":46,"column":1}},"line":20}},"branchMap":{"0":{"loc":{"start":{"line":13,"column":2},"end":{"line":13,"column":18}},"type":"default-arg","locations":[{"start":{"line":13,"column":12},"end":{"line":13,"column":18}}],"line":13},"1":{"loc":{"start":{"line":35,"column":17},"end":{"line":35,"column":37}},"type":"binary-expr","locations":[{"start":{"line":35,"column":17},"end":{"line":35,"column":22}},{"start":{"line":35,"column":26},"end":{"line":35,"column":37}}],"line":35},"2":{"loc":{"start":{"line":36,"column":22},"end":{"line":36,"column":65}},"type":"binary-expr","locations":[{"start":{"line":36,"column":22},"end":{"line":36,"column":28}},{"start":{"line":36,"column":32},"end":{"line":36,"column":65}}],"line":36}},"s":{"0":1,"1":2,"2":2,"3":2},"f":{"0":2},"b":{"0":[2],"1":[2,1],"2":[2,1]},"_coverageSchema":"1a1c01bbd47fc00a2c39e90264f33305004495a9","hash":"66df1cdcfd96c0cf630a177fbaea3b38880fa229"}
,"/home/krish/Desktop/programming/self-projects/Pockade/src/ui/colors.ts": {"path":"/home/krish/Desktop/programming/self-projects/Pockade/src/ui/colors.ts","statementMap":{"0":{"start":{"line":3,"column":22},"end":{"line":24,"column":1}}},"fnMap":{},"branchMap":{},"s":{"0":1},"f":{},"b":{},"_coverageSchema":"1a1c01bbd47fc00a2c39e90264f33305004495a9","hash":"2f3ed06b263fa16ffdc6e26fd320fa9564af575a"}
,"/home/krish/Desktop/programming/self-projects/Pockade/src/ui/useAppTheme.ts": {"path":"/home/krish/Desktop/programming/self-projects/Pockade/src/ui/useAppTheme.ts","statementMap":{"0":{"start":{"line":5,"column":27},"end":{"line":23,"column":1}},"1":{"start":{"line":6,"column":28},"end":{"line":6,"column":44}},"2":{"start":{"line":7,"column":36},"end":{"line":7,"column":51}},"3":{"start":{"line":8,"column":22},"end":{"line":12,"column":11}},"4":{"start":{"line":14,"column":2},"end":{"line":22,"column":4}}},"fnMap":{"0":{"name":"(anonymous_0)","decl":{"start":{"line":5,"column":27},"end":{"line":5,"column":28}},"loc":{"start":{"line":5,"column":33},"end":{"line":23,"column":1}},"line":5}},"branchMap":{"0":{"loc":{"start":{"line":8,"column":22},"end":{"line":12,"column":11}},"type":"cond-expr","locations":[{"start":{"line":9,"column":6},"end":{"line":11,"column":15}},{"start":{"line":12,"column":6},"end":{"line":12,"column":11}}],"line":8},"1":{"loc":{"start":{"line":9,"column":6},"end":{"line":11,"column":15}},"type":"cond-expr","locations":[{"start":{"line":10,"column":8},"end":{"line":10,"column":14}},{"start":{"line":11,"column":8},"end":{"line":11,"column":15}}],"line":9},"2":{"loc":{"start":{"line":17,"column":15},"end":{"line":17,"column":84}},"type":"cond-expr","locations":[{"start":{"line":17,"column":42},"end":{"line":17,"column":56}},{"start":{"line":17,"column":59},"end":{"line":17,"column":84}}],"line":17},"3":{"loc":{"start":{"line":18,"column":17},"end":{"line":18,"column":90}},"type":"cond-expr","locations":[{"start":{"line":18,"column":44},"end":{"line":18,"column":60}},{"start":{"line":18,"column":63},"end":{"line":18,"column":90}}],"line":18},"4":{"loc":{"start":{"line":19,"column":14},"end":{"line":19,"column":81}},"type":"cond-expr","locations":[{"start":{"line":19,"column":41},"end":{"line":19,"column":54}},{"start":{"line":19,"column":57},"end":{"line":19,"column":81}}],"line":19}},"s":{"0":1,"1":4,"2":4,"3":4,"4":4},"f":{"0":4},"b":{"0":[4,0],"1":[0,4],"2":[4,0],"3":[4,0],"4":[4,0]},"_coverageSchema":"1a1c01bbd47fc00a2c39e90264f33305004495a9","hash":"23fb8a9b5378317ff8d4e773e6fca486435b3301"}
}
