TN:
SF:src/core/backup.ts
FN:12,ensureBackupDirectory
FN:17,(anonymous_1)
FN:29,(anonymous_2)
FN:55,(anonymous_3)
FNF:4
FNH:2
FNDA:1,ensureBackupDirectory
FNDA:0,(anonymous_1)
FNDA:1,(anonymous_2)
FNDA:0,(anonymous_3)
DA:10,1
DA:13,1
DA:14,0
DA:17,1
DA:18,1
DA:28,1
DA:30,1
DA:31,0
DA:34,1
DA:35,1
DA:39,1
DA:40,1
DA:41,1
DA:48,1
DA:51,1
DA:52,1
DA:56,0
DA:59,0
DA:60,0
DA:61,0
DA:63,0
DA:64,0
DA:67,0
DA:68,0
LF:24
LH:14
BRDA:10,0,0,1
BRDA:10,0,1,0
BRDA:13,1,0,0
BRDA:13,1,1,1
BRDA:30,2,0,0
BRDA:30,2,1,1
BRF:6
BRH:3
end_of_record
TN:
SF:src/core/bootstrap.ts
FN:12,bootstrapShell
FNF:1
FNH:0
FNDA:0,bootstrapShell
DA:13,0
DA:15,0
DA:16,0
DA:17,0
DA:18,0
DA:19,0
DA:20,0
DA:22,0
LF:8
LH:0
BRF:0
BRH:0
end_of_record
TN:
SF:src/core/database.ts
FN:43,getDatabase
FN:50,execute
FN:54,getMetaValue
FN:59,setMetaValue
FN:63,runMigrations
FN:68,(anonymous_5)
FN:84,recordHealthEvent
FN:96,initializeDatabase
FN:104,closeDatabase
FN:112,getDatabasePath
FN:116,saveGameSession
FN:131,getGameSession
FN:158,deleteGameSession
FN:162,listGameSessions
FN:168,(anonymous_14)
FN:188,(anonymous_15)
FN:191,recordSeedHistory
FN:198,listSeedHistory
FN:208,(anonymous_18)
FN:216,saveLeaderboardEntry
FN:231,listLeaderboardEntries
FN:238,(anonymous_21)
FN:258,(anonymous_22)
FN:265,exportDatabaseBackup
FN:295,importDatabaseBackup
FNF:25
FNH:2
FNDA:1,getDatabase
FNDA:0,execute
FNDA:0,getMetaValue
FNDA:0,setMetaValue
FNDA:0,runMigrations
FNDA:0,(anonymous_5)
FNDA:0,recordHealthEvent
FNDA:0,initializeDatabase
FNDA:0,closeDatabase
FNDA:1,getDatabasePath
FNDA:0,saveGameSession
FNDA:0,getGameSession
FNDA:0,deleteGameSession
FNDA:0,listGameSessions
FNDA:0,(anonymous_14)
FNDA:0,(anonymous_15)
FNDA:0,recordSeedHistory
FNDA:0,listSeedHistory
FNDA:0,(anonymous_18)
FNDA:0,saveLeaderboardEntry
FNDA:0,listLeaderboardEntries
FNDA:0,(anonymous_21)
FNDA:0,(anonymous_22)
FNDA:0,exportDatabaseBackup
FNDA:0,importDatabaseBackup
DA:7,1
DA:8,1
DA:10,1
DA:31,1
DA:44,1
DA:45,1
DA:47,1
DA:51,0
DA:55,0
DA:56,0
DA:60,0
DA:64,0
DA:66,0
DA:67,0
DA:68,0
DA:69,0
DA:70,0
DA:72,0
DA:78,0
DA:81,0
DA:85,0
DA:86,0
DA:92,0
DA:97,0
DA:98,0
DA:99,0
DA:100,0
DA:101,0
DA:105,0
DA:107,0
DA:108,0
DA:109,0
DA:113,1
DA:117,0
DA:118,0
DA:123,0
DA:128,0
DA:132,0
DA:137,0
DA:138,0
DA:140,0
DA:149,0
DA:155,0
DA:159,0
DA:163,0
DA:167,0
DA:169,0
DA:178,0
DA:184,0
DA:188,0
DA:192,0
DA:199,0
DA:208,0
DA:217,0
DA:218,0
DA:223,0
DA:228,0
DA:232,0
DA:237,0
DA:239,0
DA:248,0
DA:254,0
DA:258,0
DA:266,0
DA:268,0
DA:269,0
DA:273,0
DA:279,0
DA:280,0
DA:282,0
DA:286,0
DA:287,0
DA:291,0
DA:296,0
DA:297,0
DA:302,0
DA:303,0
DA:306,0
DA:310,0
DA:311,0
DA:312,0
DA:314,0
DA:315,0
DA:319,0
DA:322,0
DA:324,0
DA:329,0
DA:330,0
DA:332,0
DA:333,0
DA:335,0
DA:336,0
DA:339,0
DA:340,0
DA:342,0
LF:95
LH:8
BRDA:44,0,0,1
BRDA:44,0,1,0
BRDA:56,1,0,0
BRDA:56,1,1,0
BRDA:64,2,0,0
BRDA:64,2,1,0
BRDA:84,3,0,0
BRDA:105,4,0,0
BRDA:105,4,1,0
BRDA:138,5,0,0
BRDA:138,5,1,0
BRDA:155,6,0,0
BRDA:155,6,1,0
BRDA:184,7,0,0
BRDA:184,7,1,0
BRDA:199,8,0,0
BRDA:199,8,1,0
BRDA:254,9,0,0
BRDA:254,9,1,0
BRDA:286,10,0,0
BRDA:286,10,1,0
BRDA:302,11,0,0
BRDA:302,11,1,0
BRDA:302,12,0,0
BRDA:302,12,1,0
BRDA:302,12,2,0
BRDA:314,13,0,0
BRDA:314,13,1,0
BRDA:339,14,0,0
BRDA:339,14,1,0
BRF:30
BRH:1
end_of_record
TN:
SF:src/core/deepLinking.ts
FN:9,createGameDeepLink
FN:19,parseGameDeepLink
FNF:2
FNH:2
FNDA:1,createGameDeepLink
FNDA:2,parseGameDeepLink
DA:10,1
DA:20,2
DA:21,0
DA:24,2
DA:25,2
DA:27,2
DA:28,1
DA:31,1
DA:32,1
DA:34,1
LF:10
LH:9
BRDA:20,0,0,0
BRDA:20,0,1,2
BRDA:25,1,0,2
BRDA:25,1,1,0
BRDA:27,2,0,1
BRDA:27,2,1,1
BRDA:27,3,0,2
BRDA:27,3,1,1
BRDA:32,4,0,1
BRDA:32,4,1,0
BRDA:36,5,0,1
BRDA:36,5,1,0
BRDA:37,6,0,1
BRDA:37,6,1,0
BRF:14
BRH:9
end_of_record
TN:
SF:src/core/diagnostics.ts
FN:8,ensureReportsDirectory
FN:13,(anonymous_1)
FN:17,getMemoryBudget
FN:30,(anonymous_3)
FN:56,(anonymous_4)
FNF:5
FNH:0
FNDA:0,ensureReportsDirectory
FNDA:0,(anonymous_1)
FNDA:0,getMemoryBudget
FNDA:0,(anonymous_3)
FNDA:0,(anonymous_4)
DA:6,0
DA:9,0
DA:10,0
DA:13,0
DA:14,0
DA:18,0
DA:19,0
DA:20,0
DA:23,0
DA:26,0
DA:29,0
DA:31,0
DA:32,0
DA:34,0
DA:57,0
DA:58,0
DA:59,0
DA:62,0
DA:63,0
DA:66,0
DA:67,0
LF:21
LH:0
BRDA:6,0,0,0
BRDA:6,0,1,0
BRDA:9,1,0,0
BRDA:9,1,1,0
BRDA:19,2,0,0
BRDA:19,2,1,0
BRDA:26,3,0,0
BRDA:26,3,1,0
BRDA:38,4,0,0
BRDA:38,4,1,0
BRDA:38,5,0,0
BRDA:38,5,1,0
BRDA:39,6,0,0
BRDA:39,6,1,0
BRDA:40,7,0,0
BRDA:40,7,1,0
BRDA:42,8,0,0
BRDA:42,8,1,0
BRDA:46,9,0,0
BRDA:46,9,1,0
BRDA:47,10,0,0
BRDA:47,10,1,0
BRDA:58,11,0,0
BRDA:58,11,1,0
BRF:24
BRH:0
end_of_record
TN:
SF:src/core/gc.ts
FN:12,(anonymous_0)
FN:21,(anonymous_1)
FN:30,(anonymous_2)
FNF:3
FNH:3
FNDA:6,(anonymous_0)
FNDA:1,(anonymous_1)
FNDA:8,(anonymous_2)
DA:6,1
DA:13,6
DA:14,5
DA:22,1
DA:31,8
DA:33,8
DA:34,4
DA:35,4
DA:36,3
DA:38,1
DA:42,8
DA:44,8
DA:45,2
DA:50,1
LF:14
LH:14
BRDA:13,0,0,5
BRDA:13,0,1,1
BRDA:13,1,0,6
BRDA:13,1,1,6
BRDA:44,2,0,2
BRDA:44,2,1,6
BRF:6
BRH:6
end_of_record
TN:
SF:src/core/logger.ts
FN:12,ensureLogDirectory
FN:17,(anonymous_1)
FN:21,rotateLogsIfNeeded
FN:31,(anonymous_3)
FN:38,(anonymous_4)
FN:42,appendLine
FN:54,getFileContents
FN:62,enqueue
FN:65,(anonymous_8)
FN:66,(anonymous_9)
FN:72,(anonymous_10)
FN:77,(anonymous_11)
FN:82,(anonymous_12)
FN:86,(anonymous_13)
FN:90,(anonymous_14)
FN:94,(anonymous_15)
FN:98,(anonymous_16)
FN:107,(anonymous_17)
FN:109,(anonymous_18)
FN:110,(anonymous_19)
FN:114,(anonymous_20)
FNF:21
FNH:10
FNDA:7,ensureLogDirectory
FNDA:0,(anonymous_1)
FNDA:7,rotateLogsIfNeeded
FNDA:0,(anonymous_3)
FNDA:0,(anonymous_4)
FNDA:7,appendLine
FNDA:0,getFileContents
FNDA:7,enqueue
FNDA:7,(anonymous_8)
FNDA:0,(anonymous_9)
FNDA:7,(anonymous_10)
FNDA:7,(anonymous_11)
FNDA:4,(anonymous_12)
FNDA:2,(anonymous_13)
FNDA:0,(anonymous_14)
FNDA:1,(anonymous_15)
FNDA:0,(anonymous_16)
FNDA:0,(anonymous_17)
FNDA:0,(anonymous_18)
FNDA:0,(anonymous_19)
FNDA:0,(anonymous_20)
DA:5,3
DA:6,3
DA:7,3
DA:8,3
DA:10,3
DA:13,7
DA:14,0
DA:17,7
DA:18,7
DA:22,7
DA:23,7
DA:25,7
DA:26,7
DA:29,0
DA:30,0
DA:31,0
DA:34,0
DA:35,0
DA:38,0
DA:43,7
DA:44,0
DA:47,7
DA:48,7
DA:55,0
DA:56,0
DA:58,0
DA:63,7
DA:64,7
DA:65,7
DA:66,0
DA:68,7
DA:71,3
DA:73,7
DA:77,7
DA:78,7
DA:83,4
DA:87,2
DA:91,0
DA:95,1
DA:99,0
DA:104,0
DA:108,0
DA:109,0
DA:110,0
DA:115,0
LF:45
LH:26
BRDA:5,0,0,3
BRDA:5,0,1,0
BRDA:13,1,0,0
BRDA:13,1,1,7
BRDA:23,2,0,7
BRDA:23,2,1,0
BRDA:23,3,0,7
BRDA:23,3,1,0
BRDA:25,4,0,7
BRDA:25,4,1,0
BRDA:30,5,0,0
BRDA:30,5,1,0
BRDA:34,6,0,0
BRDA:34,6,1,0
BRDA:43,7,0,0
BRDA:43,7,1,7
BRDA:74,8,0,3
BRDA:74,8,1,4
BRDA:104,9,0,0
BRDA:104,9,1,0
BRF:20
BRH:8
end_of_record
TN:
SF:src/core/openSource.ts
FNF:0
FNH:0
DA:8,0
LF:1
LH:0
BRF:0
BRH:0
end_of_record
TN:
SF:src/core/rng.ts
FN:4,(anonymous_0)
FN:12,(anonymous_1)
FN:21,(anonymous_2)
FN:25,(anonymous_3)
FNF:4
FNH:4
FNDA:9,(anonymous_0)
FNDA:112,(anonymous_1)
FNDA:52,(anonymous_2)
FNDA:50,(anonymous_3)
DA:5,9
DA:13,112
DA:14,112
DA:15,112
DA:16,112
DA:17,112
DA:22,52
DA:26,50
LF:8
LH:8
BRF:0
BRH:0
end_of_record
TN:
SF:src/core/storage.ts
FNF:0
FNH:0
DA:3,4
LF:1
LH:1
BRF:0
BRH:0
end_of_record
TN:
SF:src/core/themeStore.ts
FN:37,(anonymous_0)
FN:39,(anonymous_1)
FN:41,(anonymous_2)
FN:47,(anonymous_3)
FN:53,(anonymous_4)
FN:59,(anonymous_5)
FN:65,(anonymous_6)
FN:71,(anonymous_7)
FN:78,(anonymous_8)
FN:84,(anonymous_9)
FNF:10
FNH:8
FNDA:24,(anonymous_0)
FNDA:4,(anonymous_1)
FNDA:1,(anonymous_2)
FNDA:1,(anonymous_3)
FNDA:1,(anonymous_4)
FNDA:0,(anonymous_5)
FNDA:0,(anonymous_6)
FNDA:1,(anonymous_7)
FNDA:1,(anonymous_8)
FNDA:1,(anonymous_9)
DA:26,4
DA:37,24
DA:39,4
DA:42,1
DA:43,1
DA:48,1
DA:49,1
DA:54,1
DA:55,1
DA:60,0
DA:61,0
DA:66,0
DA:67,0
DA:72,1
DA:73,1
DA:79,1
DA:80,1
DA:85,1
DA:86,1
DA:90,4
LF:20
LH:16
BRDA:37,0,0,24
BRDA:37,0,1,24
BRDA:40,1,0,4
BRDA:40,1,1,4
BRDA:77,2,0,4
BRDA:77,2,1,4
BRF:6
BRH:6
end_of_record
TN:
SF:src/games/GameCrashBoundary.tsx
FN:18,(anonymous_0)
FN:23,(anonymous_1)
FN:27,(anonymous_2)
FN:37,(anonymous_3)
FN:50,(anonymous_4)
FNF:5
FNH:5
FNDA:3,(anonymous_0)
FNDA:2,(anonymous_1)
FNDA:1,(anonymous_2)
FNDA:5,(anonymous_3)
FNDA:2,(anonymous_4)
DA:19,3
DA:20,3
DA:24,2
DA:28,1
DA:29,1
DA:30,1
DA:38,5
DA:39,2
DA:46,3
DA:50,1
DA:54,2
DA:56,2
DA:71,1
LF:13
LH:13
BRDA:38,0,0,2
BRDA:38,0,1,3
BRF:2
BRH:2
end_of_record
TN:
SF:src/games/GameRunner.tsx
FN:28,(anonymous_0)
FN:53,persistState
FN:63,(anonymous_2)
FN:66,mountGame
FN:90,(anonymous_4)
FN:104,(anonymous_5)
FN:107,(anonymous_6)
FN:115,(anonymous_7)
FN:120,(anonymous_8)
FN:125,(anonymous_9)
FN:139,(anonymous_10)
FN:140,(anonymous_11)
FN:149,(anonymous_12)
FN:154,(anonymous_13)
FN:169,(anonymous_14)
FNF:15
FNH:5
FNDA:1,(anonymous_0)
FNDA:1,persistState
FNDA:1,(anonymous_2)
FNDA:1,mountGame
FNDA:0,(anonymous_4)
FNDA:1,(anonymous_5)
FNDA:0,(anonymous_6)
FNDA:0,(anonymous_7)
FNDA:0,(anonymous_8)
FNDA:0,(anonymous_9)
FNDA:0,(anonymous_10)
FNDA:0,(anonymous_11)
FNDA:0,(anonymous_12)
FNDA:0,(anonymous_13)
FNDA:0,(anonymous_14)
DA:28,1
DA:29,1
DA:30,1
DA:31,1
DA:33,1
DA:54,1
DA:55,1
DA:63,1
DA:64,1
DA:67,1
DA:68,1
DA:69,0
DA:72,1
DA:74,1
DA:75,1
DA:80,0
DA:82,1
DA:84,1
DA:85,1
DA:88,1
DA:90,1
DA:91,0
DA:92,0
DA:95,0
DA:96,0
DA:97,0
DA:100,0
DA:101,0
DA:104,1
DA:105,1
DA:106,1
DA:107,1
DA:108,1
DA:109,1
DA:110,1
DA:111,1
DA:115,1
DA:116,0
DA:117,0
DA:120,1
DA:121,0
DA:122,0
DA:125,1
DA:126,0
DA:127,0
DA:129,0
DA:130,0
DA:131,0
DA:134,0
DA:135,0
DA:136,0
DA:139,1
DA:140,0
DA:141,0
DA:142,0
DA:143,0
DA:144,0
DA:145,0
DA:148,1
DA:151,0
DA:152,0
DA:154,0
DA:158,1
DA:170,0
DA:178,1
LF:65
LH:34
BRDA:67,0,0,1
BRDA:67,0,1,1
BRDA:68,1,0,0
BRDA:68,1,1,1
BRDA:75,2,0,0
BRDA:75,2,1,1
BRDA:76,3,0,1
BRDA:76,3,1,0
BRDA:76,3,2,0
BRDA:91,4,0,0
BRDA:91,4,1,0
BRDA:95,5,0,0
BRDA:95,5,1,0
BRDA:129,6,0,0
BRDA:129,6,1,0
BRDA:151,7,0,0
BRDA:151,7,1,0
BRF:17
BRH:5
end_of_record
TN:
SF:src/games/InGameOverlay.tsx
FN:14,(anonymous_0)
FN:43,(anonymous_1)
FN:57,(anonymous_2)
FN:67,(anonymous_3)
FNF:4
FNH:1
FNDA:1,(anonymous_0)
FNDA:0,(anonymous_1)
FNDA:0,(anonymous_2)
FNDA:0,(anonymous_3)
DA:14,1
DA:22,1
DA:23,1
DA:25,1
DA:27,1
DA:43,0
DA:58,0
DA:67,0
DA:75,1
LF:9
LH:6
BRDA:20,0,0,1
BRDA:25,1,0,0
BRDA:25,1,1,1
BRDA:29,2,0,1
BRDA:29,2,1,1
BRDA:56,3,0,0
BRDA:56,3,1,1
BRF:7
BRH:5
end_of_record
TN:
SF:src/games/catalog.ts
FN:42,getGameCatalogEntry
FN:43,(anonymous_1)
FNF:2
FNH:0
FNDA:0,getGameCatalogEntry
FNDA:0,(anonymous_1)
DA:3,0
DA:43,0
LF:2
LH:0
BRDA:43,0,0,0
BRDA:43,0,1,0
BRF:2
BRH:0
end_of_record
TN:
SF:src/games/contracts.ts
FNF:0
FNH:0
LF:0
LH:0
BRF:0
BRH:0
end_of_record
TN:
SF:src/managers/audio.ts
FN:11,(anonymous_0)
FN:26,(anonymous_1)
FN:41,(anonymous_2)
FN:54,(anonymous_3)
FN:76,(anonymous_4)
FN:103,(anonymous_5)
FN:112,(anonymous_6)
FN:121,(anonymous_7)
FN:133,(anonymous_8)
FN:136,(anonymous_9)
FN:137,(anonymous_10)
FNF:11
FNH:9
FNDA:4,(anonymous_0)
FNDA:4,(anonymous_1)
FNDA:2,(anonymous_2)
FNDA:2,(anonymous_3)
FNDA:3,(anonymous_4)
FNDA:1,(anonymous_5)
FNDA:0,(anonymous_6)
FNDA:8,(anonymous_7)
FNDA:5,(anonymous_8)
FNDA:2,(anonymous_9)
FNDA:0,(anonymous_10)
DA:6,1
DA:7,1
DA:8,1
DA:9,1
DA:12,4
DA:13,0
DA:16,4
DA:17,4
DA:26,4
DA:27,4
DA:28,1
DA:29,3
DA:30,0
DA:34,4
DA:35,4
DA:37,0
DA:42,2
DA:43,0
DA:46,2
DA:47,2
DA:48,2
DA:50,0
DA:55,2
DA:56,1
DA:59,1
DA:60,1
DA:63,1
DA:64,1
DA:65,0
DA:66,0
DA:69,1
DA:70,1
DA:72,0
DA:77,3
DA:78,2
DA:81,3
DA:83,0
DA:84,0
DA:86,0
DA:89,3
DA:91,3
DA:92,3
DA:97,3
DA:99,0
DA:104,1
DA:105,1
DA:106,1
DA:107,1
DA:113,0
DA:114,0
DA:115,0
DA:116,0
DA:122,8
DA:123,2
DA:124,2
DA:125,2
DA:127,0
DA:129,2
DA:134,5
DA:136,5
DA:137,2
DA:139,5
DA:140,5
DA:142,5
DA:143,3
DA:144,3
DA:147,5
DA:151,1
LF:68
LH:51
BRDA:12,0,0,0
BRDA:12,0,1,4
BRDA:27,1,0,1
BRDA:27,1,1,3
BRDA:27,2,0,4
BRDA:27,2,1,1
BRDA:29,3,0,0
BRDA:29,3,1,3
BRDA:29,4,0,3
BRDA:29,4,1,3
BRDA:42,5,0,0
BRDA:42,5,1,2
BRDA:55,6,0,1
BRDA:55,6,1,1
BRDA:59,7,0,1
BRDA:59,7,1,0
BRDA:64,8,0,0
BRDA:64,8,1,1
BRDA:77,9,0,2
BRDA:77,9,1,1
BRDA:81,10,0,0
BRDA:81,10,1,3
BRDA:83,11,0,0
BRDA:83,11,1,0
BRDA:104,12,0,1
BRDA:104,12,1,0
BRDA:106,13,0,1
BRDA:106,13,1,0
BRDA:106,14,0,1
BRDA:106,14,1,1
BRDA:113,15,0,0
BRDA:113,15,1,0
BRDA:113,16,0,0
BRDA:113,16,1,0
BRDA:115,17,0,0
BRDA:115,17,1,0
BRDA:115,18,0,0
BRDA:115,18,1,0
BRDA:122,19,0,2
BRDA:122,19,1,6
BRDA:142,20,0,3
BRDA:142,20,1,2
BRF:42
BRH:24
end_of_record
TN:
SF:src/managers/haptics.ts
FN:4,hapticsEnabled
FN:9,(anonymous_1)
FN:13,(anonymous_2)
FN:16,(anonymous_3)
FN:20,(anonymous_4)
FN:23,(anonymous_5)
FN:27,(anonymous_6)
FN:30,(anonymous_7)
FN:34,(anonymous_8)
FN:37,(anonymous_9)
FN:41,(anonymous_10)
FNF:11
FNH:0
FNDA:0,hapticsEnabled
FNDA:0,(anonymous_1)
FNDA:0,(anonymous_2)
FNDA:0,(anonymous_3)
FNDA:0,(anonymous_4)
FNDA:0,(anonymous_5)
FNDA:0,(anonymous_6)
FNDA:0,(anonymous_7)
FNDA:0,(anonymous_8)
FNDA:0,(anonymous_9)
FNDA:0,(anonymous_10)
DA:5,0
DA:8,0
DA:10,0
DA:11,0
DA:13,0
DA:17,0
DA:18,0
DA:20,0
DA:24,0
DA:25,0
DA:27,0
DA:31,0
DA:32,0
DA:34,0
DA:38,0
DA:39,0
DA:41,0
LF:17
LH:0
BRDA:10,0,0,0
BRDA:10,0,1,0
BRDA:17,1,0,0
BRDA:17,1,1,0
BRDA:24,2,0,0
BRDA:24,2,1,0
BRDA:31,3,0,0
BRDA:31,3,1,0
BRDA:38,4,0,0
BRDA:38,4,1,0
BRF:10
BRH:0
end_of_record
TN:
SF:src/managers/lifecycle.ts
FN:6,useAppLifecycle
FN:12,(anonymous_1)
FN:13,(anonymous_2)
FN:44,(anonymous_3)
FNF:4
FNH:3
FNDA:1,useAppLifecycle
FNDA:1,(anonymous_1)
FNDA:0,(anonymous_2)
FNDA:1,(anonymous_3)
DA:10,1
DA:12,1
DA:13,1
DA:15,0
DA:19,0
DA:22,0
DA:24,0
DA:25,0
DA:30,0
DA:34,0
DA:36,0
DA:37,0
DA:41,0
DA:44,1
DA:45,1
LF:15
LH:5
BRDA:15,0,0,0
BRDA:15,0,1,0
BRDA:16,1,0,0
BRDA:16,1,1,0
BRDA:24,2,0,0
BRDA:24,2,1,0
BRDA:30,3,0,0
BRDA:30,3,1,0
BRDA:31,4,0,0
BRDA:31,4,1,0
BRDA:36,5,0,0
BRDA:36,5,1,0
BRF:12
BRH:0
end_of_record
TN:
SF:src/managers/notifications.ts
FN:9,(anonymous_0)
FN:18,(anonymous_1)
FN:27,(anonymous_2)
FN:37,(anonymous_3)
FN:38,(anonymous_4)
FNF:5
FNH:0
FNDA:0,(anonymous_0)
FNDA:0,(anonymous_1)
FNDA:0,(anonymous_2)
FNDA:0,(anonymous_3)
FNDA:0,(anonymous_4)
DA:5,0
DA:6,0
DA:8,0
DA:9,0
DA:17,0
DA:19,0
DA:20,0
DA:28,0
DA:29,0
DA:30,0
DA:33,0
DA:34,0
DA:38,0
DA:40,0
DA:41,0
DA:42,0
DA:45,0
DA:46,0
DA:47,0
DA:48,0
DA:51,0
DA:64,0
DA:65,0
LF:23
LH:0
BRDA:19,0,0,0
BRDA:19,0,1,0
BRDA:29,1,0,0
BRDA:29,1,1,0
BRDA:37,2,0,0
BRDA:37,3,0,0
BRDA:40,4,0,0
BRDA:40,4,1,0
BRDA:46,5,0,0
BRDA:46,5,1,0
BRF:10
BRH:0
end_of_record
TN:
SF:src/managers/orientation.ts
FN:6,(anonymous_0)
FN:14,(anonymous_1)
FN:22,(anonymous_2)
FN:30,(anonymous_3)
FN:44,(anonymous_4)
FNF:5
FNH:3
FNDA:2,(anonymous_0)
FNDA:0,(anonymous_1)
FNDA:0,(anonymous_2)
FNDA:1,(anonymous_3)
FNDA:1,(anonymous_4)
DA:5,1
DA:7,2
DA:8,2
DA:10,0
DA:15,0
DA:16,0
DA:18,0
DA:23,0
DA:24,0
DA:26,0
DA:31,1
DA:32,0
DA:33,0
DA:36,1
DA:37,1
DA:38,1
DA:41,0
DA:45,1
LF:18
LH:8
BRDA:31,0,0,0
BRDA:31,0,1,1
BRDA:36,1,0,1
BRDA:36,1,1,0
BRF:4
BRH:2
end_of_record
TN:
SF:src/managers/permissions.ts
FN:7,(anonymous_0)
FNF:1
FNH:0
FNDA:0,(anonymous_0)
DA:6,0
DA:8,0
DA:10,0
DA:11,0
DA:15,0
DA:17,0
LF:6
LH:0
BRDA:8,0,0,0
BRDA:8,0,1,0
BRDA:8,0,2,0
BRDA:8,0,3,0
BRF:4
BRH:0
end_of_record
TN:
SF:src/managers/power.ts
FN:14,(anonymous_0)
FN:16,(anonymous_1)
FN:21,(anonymous_2)
FN:23,(anonymous_3)
FN:28,(anonymous_4)
FN:30,(anonymous_5)
FN:31,(anonymous_6)
FN:32,(anonymous_7)
FN:49,(anonymous_8)
FN:54,(anonymous_9)
FN:55,(anonymous_10)
FN:59,(anonymous_11)
FN:62,(anonymous_12)
FN:65,(anonymous_13)
FN:71,(anonymous_14)
FNF:15
FNH:1
FNDA:0,(anonymous_0)
FNDA:0,(anonymous_1)
FNDA:1,(anonymous_2)
FNDA:0,(anonymous_3)
FNDA:0,(anonymous_4)
FNDA:0,(anonymous_5)
FNDA:0,(anonymous_6)
FNDA:0,(anonymous_7)
FNDA:0,(anonymous_8)
FNDA:0,(anonymous_9)
FNDA:0,(anonymous_10)
FNDA:0,(anonymous_11)
FNDA:0,(anonymous_12)
FNDA:0,(anonymous_13)
FNDA:0,(anonymous_14)
DA:12,1
DA:15,0
DA:16,0
DA:17,0
DA:22,1
DA:23,0
DA:24,0
DA:29,0
DA:30,0
DA:31,0
DA:32,0
DA:36,0
DA:41,0
DA:50,0
DA:51,0
DA:55,0
DA:56,0
DA:59,0
DA:60,0
DA:62,0
DA:63,0
DA:65,0
DA:66,0
DA:69,0
DA:71,0
DA:72,0
DA:73,0
DA:74,0
DA:79,1
LF:29
LH:3
BRDA:15,0,0,0
BRDA:15,0,1,0
BRDA:22,1,0,0
BRDA:22,1,1,1
BRDA:36,2,0,0
BRDA:36,2,1,0
BRDA:36,2,2,0
BRDA:36,2,3,0
BRDA:45,3,0,0
BRDA:45,3,1,0
BRF:10
BRH:1
end_of_record
TN:
SF:src/managers/security.ts
FN:8,safeEqual
FN:20,hexToBytes
FN:28,bytesToHex
FN:30,(anonymous_3)
FN:34,getOrCreateKey
FN:47,getDerivedEncryptionKey
FN:63,(anonymous_6)
FN:67,(anonymous_7)
FN:71,(anonymous_8)
FN:79,(anonymous_9)
FN:84,(anonymous_10)
FN:91,(anonymous_11)
FN:102,(anonymous_12)
FN:126,(anonymous_13)
FNF:14
FNH:12
FNDA:3,safeEqual
FNDA:2,hexToBytes
FNDA:0,bytesToHex
FNDA:0,(anonymous_3)
FNDA:14,getOrCreateKey
FNDA:3,getDerivedEncryptionKey
FNDA:11,(anonymous_6)
FNDA:3,(anonymous_7)
FNDA:6,(anonymous_8)
FNDA:3,(anonymous_9)
FNDA:1,(anonymous_10)
FNDA:1,(anonymous_11)
FNDA:2,(anonymous_12)
FNDA:1,(anonymous_13)
DA:5,2
DA:6,2
DA:9,3
DA:10,1
DA:13,2
DA:14,2
DA:15,22
DA:17,2
DA:21,2
DA:22,2
DA:23,28
DA:25,2
DA:29,0
DA:30,0
DA:35,14
DA:36,14
DA:37,10
DA:40,4
DA:41,4
DA:44,4
DA:48,3
DA:49,3
DA:51,3
DA:62,2
DA:64,11
DA:68,3
DA:72,6
DA:73,6
DA:80,3
DA:81,3
DA:85,1
DA:86,1
DA:87,1
DA:88,1
DA:92,1
DA:93,1
DA:94,0
DA:97,1
DA:98,1
DA:99,1
DA:103,2
DA:104,2
DA:106,2
DA:108,2
DA:109,2
DA:111,2
DA:112,2
DA:115,2
DA:117,2
DA:128,1
DA:134,1
DA:135,0
DA:139,1
DA:140,1
DA:141,1
DA:143,1
DA:144,1
DA:146,1
DA:147,1
DA:148,1
DA:149,1
DA:151,0
LF:62
LH:57
BRDA:9,0,0,1
BRDA:9,0,1,2
BRDA:36,1,0,10
BRDA:36,1,1,4
BRDA:71,2,0,1
BRDA:79,3,0,2
BRDA:93,4,0,0
BRDA:93,4,1,1
BRDA:93,5,0,1
BRDA:93,5,1,1
BRDA:134,6,0,0
BRDA:134,6,1,1
BRF:12
BRH:10
end_of_record
TN:
SF:src/ui/BitMascot.tsx
FN:12,(anonymous_0)
FN:16,(anonymous_1)
FN:27,(anonymous_2)
FNF:3
FNH:0
FNDA:0,(anonymous_0)
FNDA:0,(anonymous_1)
FNDA:0,(anonymous_2)
DA:12,0
DA:13,0
DA:14,0
DA:16,0
DA:17,0
DA:27,0
DA:33,0
DA:35,0
DA:54,0
LF:9
LH:0
BRDA:12,0,0,0
BRDA:12,1,0,0
BRDA:33,2,0,0
BRDA:33,2,1,0
BRDA:33,3,0,0
BRDA:33,3,1,0
BRF:6
BRH:0
end_of_record
TN:
SF:src/ui/Button.tsx
FN:17,(anonymous_0)
FN:22,(anonymous_1)
FN:23,(anonymous_2)
FN:25,(anonymous_3)
FN:32,(anonymous_4)
FNF:5
FNH:2
FNDA:1,(anonymous_0)
FNDA:0,(anonymous_1)
FNDA:0,(anonymous_2)
FNDA:2,(anonymous_3)
FNDA:0,(anonymous_4)
DA:15,1
DA:17,1
DA:18,1
DA:19,1
DA:20,1
DA:22,1
DA:23,1
DA:25,2
DA:29,1
DA:30,1
DA:32,1
DA:33,0
DA:39,1
DA:61,1
LF:14
LH:13
BRDA:17,0,0,1
BRDA:48,1,0,1
BRDA:48,1,1,0
BRDA:48,1,2,0
BRDA:51,2,0,0
BRDA:51,2,1,0
BRDA:52,3,0,0
BRDA:52,3,1,0
BRF:8
BRH:2
end_of_record
TN:
SF:src/ui/Card.tsx
FN:11,(anonymous_0)
FN:16,(anonymous_1)
FNF:2
FNH:1
FNDA:1,(anonymous_0)
FNDA:0,(anonymous_1)
DA:11,1
DA:12,1
DA:13,1
DA:14,1
DA:16,1
DA:17,0
DA:23,1
DA:40,1
LF:8
LH:7
BRDA:25,0,0,1
BRDA:25,0,1,0
BRDA:25,0,2,0
BRDA:28,1,0,0
BRDA:28,1,1,0
BRDA:29,2,0,0
BRDA:29,2,1,0
BRF:7
BRH:1
end_of_record
TN:
SF:src/ui/PerformanceMonitor.tsx
FN:8,(anonymous_0)
FN:11,(anonymous_1)
FN:17,(anonymous_2)
FN:34,(anonymous_3)
FN:40,(anonymous_4)
FN:47,(anonymous_5)
FN:53,(anonymous_6)
FN:56,(anonymous_7)
FN:60,(anonymous_8)
FNF:9
FNH:0
FNDA:0,(anonymous_0)
FNDA:0,(anonymous_1)
FNDA:0,(anonymous_2)
FNDA:0,(anonymous_3)
FNDA:0,(anonymous_4)
FNDA:0,(anonymous_5)
FNDA:0,(anonymous_6)
FNDA:0,(anonymous_7)
FNDA:0,(anonymous_8)
DA:8,0
DA:9,0
DA:11,0
DA:12,0
DA:13,0
DA:14,0
DA:17,0
DA:18,0
DA:19,0
DA:20,0
DA:21,0
DA:22,0
DA:26,0
DA:27,0
DA:29,0
DA:30,0
DA:33,0
DA:34,0
DA:37,0
DA:40,0
DA:41,0
DA:42,0
DA:43,0
DA:44,0
DA:45,0
DA:47,0
DA:48,0
DA:49,0
DA:52,0
DA:54,0
DA:57,0
DA:60,0
DA:61,0
DA:65,0
DA:67,0
DA:76,0
LF:36
LH:0
BRDA:21,0,0,0
BRDA:21,0,1,0
BRDA:48,1,0,0
BRDA:48,1,1,0
BRDA:48,2,0,0
BRDA:48,2,1,0
BRDA:65,3,0,0
BRDA:65,3,1,0
BRDA:65,4,0,0
BRDA:65,4,1,0
BRDA:70,5,0,0
BRDA:70,5,1,0
BRDA:70,6,0,0
BRDA:70,6,1,0
BRF:14
BRH:0
end_of_record
TN:
SF:src/ui/Typography.tsx
FN:12,(anonymous_0)
FNF:1
FNH:1
FNDA:2,(anonymous_0)
DA:12,1
DA:21,2
DA:23,2
DA:30,2
LF:4
LH:4
BRDA:13,0,0,2
BRDA:35,1,0,2
BRDA:35,1,1,1
BRDA:36,2,0,2
BRDA:36,2,1,1
BRF:5
BRH:5
end_of_record
TN:
SF:src/ui/colors.ts
FNF:0
FNH:0
DA:3,1
LF:1
LH:1
BRF:0
BRH:0
end_of_record
TN:
SF:src/ui/useAppTheme.ts
FN:5,(anonymous_0)
FNF:1
FNH:1
FNDA:4,(anonymous_0)
DA:5,1
DA:6,4
DA:7,4
DA:8,4
DA:14,4
LF:5
LH:5
BRDA:8,0,0,4
BRDA:8,0,1,0
BRDA:9,1,0,0
BRDA:9,1,1,4
BRDA:17,2,0,4
BRDA:17,2,1,0
BRDA:18,3,0,4
BRDA:18,3,1,0
BRDA:19,4,0,4
BRDA:19,4,1,0
BRF:10
BRH:5
end_of_record
